#
# There is insufficient memory for the Java Runtime Environment to continue.
# Native memory allocation (mmap) failed to map 65536 bytes for Failed to commit metaspace.
# Possible reasons:
#   The system is out of physical RAM or swap space
#   The process is running with CompressedOops enabled, and the Java Heap may be blocking the growth of the native heap
# Possible solutions:
#   Reduce memory load on the system
#   Increase physical memory or swap space
#   Check if swap backing store is full
#   Decrease Java heap size (-Xmx/-Xms)
#   Decrease number of Java threads
#   Decrease Java thread stack sizes (-Xss)
#   Set larger code cache with -XX:ReservedCodeCacheSize=
#   JVM is running with Unscaled Compressed Oops mode in which the Java heap is
#     placed in the first 4GB address space. The Java Heap base address is the
#     maximum limit for the native heap growth. Please use -XX:HeapBaseMinAddress
#     to set the Java Heap base and to place the Java Heap above 4GB virtual address.
# This output file may be truncated or incomplete.
#
#  Out of Memory Error (virtualSpaceNode.cpp:110), pid=5344, tid=9512
#
# JRE version: OpenJDK Runtime Environment Zulu17.32+13-CA (17.0.2+8) (build 17.0.2+8-LTS)
# Java VM: OpenJDK 64-Bit Server VM Zulu17.32+13-CA (17.0.2+8-LTS, mixed mode, emulated-client, sharing, tiered, compressed oops, compressed class ptrs, g1 gc, windows-amd64)
# No core dump will be written. Minidumps are not enabled by default on client versions of Windows
#

---------------  S U M M A R Y ------------

Command Line: -XX:TieredStopAtLevel=1 -Xverify:none -Dspring.output.ansi.enabled=always -Dcom.sun.management.jmxremote -Dspring.jmx.enabled=true -Dspring.liveBeansView.mbeanDomain -Dspring.application.admin.enabled=true -javaagent:C:\Program Files\JetBrains\IntelliJ IDEA 20213.1\IntelliJ IDEA 2021.3.1\lib\idea_rt.jar=51268:C:\Program Files\JetBrains\IntelliJ IDEA 20213.1\IntelliJ IDEA 2021.3.1\bin -Dfile.encoding=UTF-8 com.sda.javaee9spring.Javaee9SpringApplication

Host: Intel(R) Core(TM) i5-6300U CPU @ 2.40GHz, 4 cores, 7G,  Windows 10 , 64 bit Build 19041 (10.0.19041.1503)
Time: Sat Feb 12 10:07:59 2022 FLE Standard Time elapsed time: 3.592071 seconds (0d 0h 0m 3s)

---------------  T H R E A D  ---------------

Current thread (0x0000026e0adcf3e0):  JavaThread "background-preinit" [_thread_in_vm, id=9512, stack(0x000000cbe2000000,0x000000cbe2100000)]

Stack: [0x000000cbe2000000,0x000000cbe2100000]
Native frames: (J=compiled Java code, j=interpreted, Vv=VM code, C=native code)
V  [jvm.dll+0x6769fa]
V  [jvm.dll+0x831784]
V  [jvm.dll+0x832f2e]
V  [jvm.dll+0x833593]
V  [jvm.dll+0x2455e5]
V  [jvm.dll+0x82d72b]
V  [jvm.dll+0x61b616]
V  [jvm.dll+0x1c057e]
V  [jvm.dll+0x61df51]
V  [jvm.dll+0x61bfb6]
V  [jvm.dll+0x23af80]
V  [jvm.dll+0x1ead8d]
V  [jvm.dll+0x1e07d1]
V  [jvm.dll+0x53c2d0]
V  [jvm.dll+0x7ac378]
V  [jvm.dll+0x7ac464]
V  [jvm.dll+0x40cdb5]
V  [jvm.dll+0x412fd9]
C  [java.dll+0x17ec]

Java frames: (J=compiled Java code, j=interpreted, Vv=VM code)
J 1169  java.lang.ClassLoader.defineClass1(Ljava/lang/ClassLoader;Ljava/lang/String;[BIILjava/security/ProtectionDomain;Ljava/lang/String;)Ljava/lang/Class; java.base@17.0.2 (0 bytes) @ 0x0000026e003d14e3 [0x0000026e003d1420+0x00000000000000c3]
J 1203 c1 java.lang.ClassLoader.defineClass(Ljava/lang/String;[BIILjava/security/ProtectionDomain;)Ljava/lang/Class; java.base@17.0.2 (43 bytes) @ 0x0000026e003e145c [0x0000026e003e1360+0x00000000000000fc]
J 1192 c1 jdk.internal.loader.BuiltinClassLoader.defineClass(Ljava/lang/String;Ljdk/internal/loader/Resource;)Ljava/lang/Class; java.base@17.0.2 (121 bytes) @ 0x0000026e003dd864 [0x0000026e003dd3a0+0x00000000000004c4]
J 1172 c1 jdk.internal.loader.BuiltinClassLoader.findClassOnClassPathOrNull(Ljava/lang/String;)Ljava/lang/Class; java.base@17.0.2 (64 bytes) @ 0x0000026e003d2ab4 [0x0000026e003d2800+0x00000000000002b4]
J 1013 c1 jdk.internal.loader.BuiltinClassLoader.loadClassOrNull(Ljava/lang/String;Z)Ljava/lang/Class; java.base@17.0.2 (143 bytes) @ 0x0000026e0038b85c [0x0000026e0038b400+0x000000000000045c]
J 1079 c1 jdk.internal.loader.ClassLoaders$AppClassLoader.loadClass(Ljava/lang/String;Z)Ljava/lang/Class; java.base@17.0.2 (40 bytes) @ 0x0000026e003a9024 [0x0000026e003a8ee0+0x0000000000000144]
J 1068 c1 java.lang.ClassLoader.loadClass(Ljava/lang/String;)Ljava/lang/Class; java.base@17.0.2 (7 bytes) @ 0x0000026e003a5ce4 [0x0000026e003a5ca0+0x0000000000000044]
v  ~StubRoutines::call_stub
j  org.springframework.http.converter.AbstractHttpMessageConverter.<init>([Lorg/springframework/http/MediaType;)V+9
j  org.springframework.http.converter.ByteArrayHttpMessageConverter.<init>()V+17
j  org.springframework.http.converter.FormHttpMessageConverter.<init>()V+80
j  org.springframework.http.converter.support.AllEncompassingFormHttpMessageConverter.<init>()V+1
j  org.springframework.boot.autoconfigure.BackgroundPreinitializer$MessageConverterInitializer.run()V+4
j  org.springframework.boot.autoconfigure.BackgroundPreinitializer$1.runSafely(Ljava/lang/Runnable;)V+1
j  org.springframework.boot.autoconfigure.BackgroundPreinitializer$1.run()V+33
j  java.lang.Thread.run()V+11 java.base@17.0.2
v  ~StubRoutines::call_stub

---------------  P R O C E S S  ---------------

Threads class SMR info:
_java_thread_list=0x0000026e0ad8e5e0, length=18, elements={
0x0000026e77ded310, 0x0000026e0987e2f0, 0x0000026e0987f160, 0x0000026e098911d0,
0x0000026e09891c80, 0x0000026e09892630, 0x0000026e09892fe0, 0x0000026e09893a40,
0x0000026e09895440, 0x0000026e0a448280, 0x0000026e09866290, 0x0000026e09866a30,
0x0000026e0a7eed30, 0x0000026e0a7ef200, 0x0000026e0a931b70, 0x0000026e0ac81950,
0x0000026e0ac98820, 0x0000026e0adcf3e0
}

Java Threads: ( => current thread )
  0x0000026e77ded310 JavaThread "main" [_thread_blocked, id=1112, stack(0x000000cbe0300000,0x000000cbe0400000)]
  0x0000026e0987e2f0 JavaThread "Reference Handler" daemon [_thread_blocked, id=11936, stack(0x000000cbe0a00000,0x000000cbe0b00000)]
  0x0000026e0987f160 JavaThread "Finalizer" daemon [_thread_blocked, id=7484, stack(0x000000cbe0b00000,0x000000cbe0c00000)]
  0x0000026e098911d0 JavaThread "Signal Dispatcher" daemon [_thread_blocked, id=10760, stack(0x000000cbe0c00000,0x000000cbe0d00000)]
  0x0000026e09891c80 JavaThread "Attach Listener" daemon [_thread_blocked, id=8832, stack(0x000000cbe0d00000,0x000000cbe0e00000)]
  0x0000026e09892630 JavaThread "Service Thread" daemon [_thread_blocked, id=4512, stack(0x000000cbe0e00000,0x000000cbe0f00000)]
  0x0000026e09892fe0 JavaThread "Monitor Deflation Thread" daemon [_thread_blocked, id=10628, stack(0x000000cbe0f00000,0x000000cbe1000000)]
  0x0000026e09893a40 JavaThread "C1 CompilerThread0" daemon [_thread_blocked, id=12472, stack(0x000000cbe1000000,0x000000cbe1100000)]
  0x0000026e09895440 JavaThread "Sweeper thread" daemon [_thread_blocked, id=14072, stack(0x000000cbe1100000,0x000000cbe1200000)]
  0x0000026e0a448280 JavaThread "Common-Cleaner" daemon [_thread_blocked, id=4612, stack(0x000000cbe1200000,0x000000cbe1300000)]
  0x0000026e09866290 JavaThread "C1 CompilerThread1" daemon [_thread_blocked, id=12776, stack(0x000000cbe1300000,0x000000cbe1400000)]
  0x0000026e09866a30 JavaThread "C1 CompilerThread2" daemon [_thread_blocked, id=7896, stack(0x000000cbe1400000,0x000000cbe1500000)]
  0x0000026e0a7eed30 JavaThread "Monitor Ctrl-Break" daemon [_thread_in_native, id=11032, stack(0x000000cbe1500000,0x000000cbe1600000)]
  0x0000026e0a7ef200 JavaThread "Notification Thread" daemon [_thread_blocked, id=9480, stack(0x000000cbe1600000,0x000000cbe1700000)]
  0x0000026e0a931b70 JavaThread "RMI TCP Accept-0" daemon [_thread_in_native, id=12184, stack(0x000000cbe1700000,0x000000cbe1800000)]
  0x0000026e0ac81950 JavaThread "Thread-0" [_thread_blocked, id=2832, stack(0x000000cbe1e00000,0x000000cbe1f00000)]
  0x0000026e0ac98820 JavaThread "restartedMain" [_thread_in_vm, id=6588, stack(0x000000cbe1f00000,0x000000cbe2000000)]
=>0x0000026e0adcf3e0 JavaThread "background-preinit" [_thread_in_vm, id=9512, stack(0x000000cbe2000000,0x000000cbe2100000)]

Other Threads:
  0x0000026e09878380 VMThread "VM Thread" [stack: 0x000000cbe0900000,0x000000cbe0a00000] [id=14136]
  0x0000026e77dee1d0 WatcherThread [stack: 0x000000cbe1800000,0x000000cbe1900000] [id=12908]
  0x0000026e77e2c860 GCTaskThread "GC Thread#0" [stack: 0x000000cbe0400000,0x000000cbe0500000] [id=12752]
  0x0000026e0aa77930 GCTaskThread "GC Thread#1" [stack: 0x000000cbe1900000,0x000000cbe1a00000] [id=14236]
  0x0000026e0aa77be0 GCTaskThread "GC Thread#2" [stack: 0x000000cbe1a00000,0x000000cbe1b00000] [id=13836]
  0x0000026e0aa73550 GCTaskThread "GC Thread#3" [stack: 0x000000cbe1b00000,0x000000cbe1c00000] [id=2836]
  0x0000026e75dbbf70 ConcurrentGCThread "G1 Main Marker" [stack: 0x000000cbe0500000,0x000000cbe0600000] [id=5728]
  0x0000026e75dbc790 ConcurrentGCThread "G1 Conc#0" [stack: 0x000000cbe0600000,0x000000cbe0700000] [id=11656]
  0x0000026e77eaef40 ConcurrentGCThread "G1 Refine#0" [stack: 0x000000cbe0700000,0x000000cbe0800000] [id=4424]
  0x0000026e0a5943f0 ConcurrentGCThread "G1 Refine#1" [stack: 0x000000cbe1c00000,0x000000cbe1d00000] [id=7092]
  0x0000026e0a594b50 ConcurrentGCThread "G1 Refine#2" [stack: 0x000000cbe1d00000,0x000000cbe1e00000] [id=7072]
  0x0000026e77eaf960 ConcurrentGCThread "G1 Service" [stack: 0x000000cbe0800000,0x000000cbe0900000] [id=2392]

Threads with active compile tasks:

VM state: not at safepoint (normal execution)

VM Mutex/Monitor currently owned by a thread:  ([mutex/lock_event])
[0x0000026e75ce2190] Metaspace_lock - owner thread: 0x0000026e0adcf3e0

Heap address: 0x0000000081800000, size: 2024 MB, Compressed Oops mode: 32-bit

CDS archive(s) mapped at: [0x0000000800000000-0x0000000800bc0000-0x0000000800bc0000), size 12320768, SharedBaseAddress: 0x0000000800000000, ArchiveRelocationMode: 0.
Compressed class space mapped at: 0x0000000800c00000-0x0000000840c00000, reserved size: 1073741824
Narrow klass base: 0x0000000800000000, Narrow klass shift: 0, Narrow klass range: 0x100000000

GC Precious Log:
 CPUs: 4 total, 4 available
 Memory: 8089M
 Large Page Support: Disabled
 NUMA Support: Disabled
 Compressed Oops: Enabled (32-bit)
 Heap Region Size: 1M
 Heap Min Capacity: 8M
 Heap Initial Capacity: 128M
 Heap Max Capacity: 2024M
 Pre-touch: Disabled
 Parallel Workers: 4
 Concurrent Workers: 1
 Concurrent Refinement Workers: 4
 Periodic GC: Disabled

Heap:
 garbage-first heap   total 131072K, used 26067K [0x0000000081800000, 0x0000000100000000)
  region size 1024K, 20 young (20480K), 1 survivors (1024K)
 Metaspace       used 9947K, committed 10112K, reserved 1064960K
  class space    used 1336K, committed 1408K, reserved 1048576K

Heap Regions: E=young(eden), S=young(survivor), O=old, HS=humongous(starts), HC=humongous(continues), CS=collection set, F=free, OA=open archive, CA=closed archive, TAMS=top-at-mark-start (previous, next)
|   0|0x0000000081800000, 0x0000000081900000, 0x0000000081900000|100%|HS|  |TAMS 0x0000000081800000, 0x0000000081800000| Complete 
|   1|0x0000000081900000, 0x0000000081a00000, 0x0000000081a00000|100%| O|  |TAMS 0x0000000081900000, 0x0000000081900000| Untracked 
|   2|0x0000000081a00000, 0x0000000081b00000, 0x0000000081b00000|100%| O|  |TAMS 0x0000000081a00000, 0x0000000081a00000| Untracked 
|   3|0x0000000081b00000, 0x0000000081c00000, 0x0000000081c00000|100%| O|  |TAMS 0x0000000081b00000, 0x0000000081b00000| Untracked 
|   4|0x0000000081c00000, 0x0000000081d00000, 0x0000000081d00000|100%| O|  |TAMS 0x0000000081c00000, 0x0000000081c00000| Untracked 
|   5|0x0000000081d00000, 0x0000000081e00000, 0x0000000081e00000|100%| O|  |TAMS 0x0000000081d00000, 0x0000000081d00000| Untracked 
|   6|0x0000000081e00000, 0x0000000081ef4a00, 0x0000000081f00000| 95%| O|  |TAMS 0x0000000081e00000, 0x0000000081e00000| Untracked 
|   7|0x0000000081f00000, 0x0000000081f00000, 0x0000000082000000|  0%| F|  |TAMS 0x0000000081f00000, 0x0000000081f00000| Untracked 
|   8|0x0000000082000000, 0x0000000082000000, 0x0000000082100000|  0%| F|  |TAMS 0x0000000082000000, 0x0000000082000000| Untracked 
|   9|0x0000000082100000, 0x0000000082100000, 0x0000000082200000|  0%| F|  |TAMS 0x0000000082100000, 0x0000000082100000| Untracked 
|  10|0x0000000082200000, 0x0000000082200000, 0x0000000082300000|  0%| F|  |TAMS 0x0000000082200000, 0x0000000082200000| Untracked 
|  11|0x0000000082300000, 0x0000000082300000, 0x0000000082400000|  0%| F|  |TAMS 0x0000000082300000, 0x0000000082300000| Untracked 
|  12|0x0000000082400000, 0x0000000082400000, 0x0000000082500000|  0%| F|  |TAMS 0x0000000082400000, 0x0000000082400000| Untracked 
|  13|0x0000000082500000, 0x0000000082500000, 0x0000000082600000|  0%| F|  |TAMS 0x0000000082500000, 0x0000000082500000| Untracked 
|  14|0x0000000082600000, 0x0000000082600000, 0x0000000082700000|  0%| F|  |TAMS 0x0000000082600000, 0x0000000082600000| Untracked 
|  15|0x0000000082700000, 0x0000000082700000, 0x0000000082800000|  0%| F|  |TAMS 0x0000000082700000, 0x0000000082700000| Untracked 
|  16|0x0000000082800000, 0x0000000082800000, 0x0000000082900000|  0%| F|  |TAMS 0x0000000082800000, 0x0000000082800000| Untracked 
|  17|0x0000000082900000, 0x0000000082900000, 0x0000000082a00000|  0%| F|  |TAMS 0x0000000082900000, 0x0000000082900000| Untracked 
|  18|0x0000000082a00000, 0x0000000082a00000, 0x0000000082b00000|  0%| F|  |TAMS 0x0000000082a00000, 0x0000000082a00000| Untracked 
|  19|0x0000000082b00000, 0x0000000082b00000, 0x0000000082c00000|  0%| F|  |TAMS 0x0000000082b00000, 0x0000000082b00000| Untracked 
|  20|0x0000000082c00000, 0x0000000082c00000, 0x0000000082d00000|  0%| F|  |TAMS 0x0000000082c00000, 0x0000000082c00000| Untracked 
|  21|0x0000000082d00000, 0x0000000082d00000, 0x0000000082e00000|  0%| F|  |TAMS 0x0000000082d00000, 0x0000000082d00000| Untracked 
|  22|0x0000000082e00000, 0x0000000082e00000, 0x0000000082f00000|  0%| F|  |TAMS 0x0000000082e00000, 0x0000000082e00000| Untracked 
|  23|0x0000000082f00000, 0x0000000082f00000, 0x0000000083000000|  0%| F|  |TAMS 0x0000000082f00000, 0x0000000082f00000| Untracked 
|  24|0x0000000083000000, 0x0000000083000000, 0x0000000083100000|  0%| F|  |TAMS 0x0000000083000000, 0x0000000083000000| Untracked 
|  25|0x0000000083100000, 0x0000000083100000, 0x0000000083200000|  0%| F|  |TAMS 0x0000000083100000, 0x0000000083100000| Untracked 
|  26|0x0000000083200000, 0x0000000083200000, 0x0000000083300000|  0%| F|  |TAMS 0x0000000083200000, 0x0000000083200000| Untracked 
|  27|0x0000000083300000, 0x0000000083300000, 0x0000000083400000|  0%| F|  |TAMS 0x0000000083300000, 0x0000000083300000| Untracked 
|  28|0x0000000083400000, 0x0000000083400000, 0x0000000083500000|  0%| F|  |TAMS 0x0000000083400000, 0x0000000083400000| Untracked 
|  29|0x0000000083500000, 0x0000000083500000, 0x0000000083600000|  0%| F|  |TAMS 0x0000000083500000, 0x0000000083500000| Untracked 
|  30|0x0000000083600000, 0x0000000083600000, 0x0000000083700000|  0%| F|  |TAMS 0x0000000083600000, 0x0000000083600000| Untracked 
|  31|0x0000000083700000, 0x0000000083700000, 0x0000000083800000|  0%| F|  |TAMS 0x0000000083700000, 0x0000000083700000| Untracked 
|  32|0x0000000083800000, 0x0000000083800000, 0x0000000083900000|  0%| F|  |TAMS 0x0000000083800000, 0x0000000083800000| Untracked 
|  33|0x0000000083900000, 0x0000000083900000, 0x0000000083a00000|  0%| F|  |TAMS 0x0000000083900000, 0x0000000083900000| Untracked 
|  34|0x0000000083a00000, 0x0000000083a00000, 0x0000000083b00000|  0%| F|  |TAMS 0x0000000083a00000, 0x0000000083a00000| Untracked 
|  35|0x0000000083b00000, 0x0000000083b00000, 0x0000000083c00000|  0%| F|  |TAMS 0x0000000083b00000, 0x0000000083b00000| Untracked 
|  36|0x0000000083c00000, 0x0000000083c00000, 0x0000000083d00000|  0%| F|  |TAMS 0x0000000083c00000, 0x0000000083c00000| Untracked 
|  37|0x0000000083d00000, 0x0000000083d00000, 0x0000000083e00000|  0%| F|  |TAMS 0x0000000083d00000, 0x0000000083d00000| Untracked 
|  38|0x0000000083e00000, 0x0000000083e00000, 0x0000000083f00000|  0%| F|  |TAMS 0x0000000083e00000, 0x0000000083e00000| Untracked 
|  39|0x0000000083f00000, 0x0000000083f00000, 0x0000000084000000|  0%| F|  |TAMS 0x0000000083f00000, 0x0000000083f00000| Untracked 
|  40|0x0000000084000000, 0x0000000084000000, 0x0000000084100000|  0%| F|  |TAMS 0x0000000084000000, 0x0000000084000000| Untracked 
|  41|0x0000000084100000, 0x0000000084100000, 0x0000000084200000|  0%| F|  |TAMS 0x0000000084100000, 0x0000000084100000| Untracked 
|  42|0x0000000084200000, 0x0000000084200000, 0x0000000084300000|  0%| F|  |TAMS 0x0000000084200000, 0x0000000084200000| Untracked 
|  43|0x0000000084300000, 0x0000000084300000, 0x0000000084400000|  0%| F|  |TAMS 0x0000000084300000, 0x0000000084300000| Untracked 
|  44|0x0000000084400000, 0x0000000084400000, 0x0000000084500000|  0%| F|  |TAMS 0x0000000084400000, 0x0000000084400000| Untracked 
|  45|0x0000000084500000, 0x0000000084500000, 0x0000000084600000|  0%| F|  |TAMS 0x0000000084500000, 0x0000000084500000| Untracked 
|  46|0x0000000084600000, 0x0000000084600000, 0x0000000084700000|  0%| F|  |TAMS 0x0000000084600000, 0x0000000084600000| Untracked 
|  47|0x0000000084700000, 0x0000000084700000, 0x0000000084800000|  0%| F|  |TAMS 0x0000000084700000, 0x0000000084700000| Untracked 
|  48|0x0000000084800000, 0x0000000084800000, 0x0000000084900000|  0%| F|  |TAMS 0x0000000084800000, 0x0000000084800000| Untracked 
|  49|0x0000000084900000, 0x0000000084900000, 0x0000000084a00000|  0%| F|  |TAMS 0x0000000084900000, 0x0000000084900000| Untracked 
|  50|0x0000000084a00000, 0x0000000084a00000, 0x0000000084b00000|  0%| F|  |TAMS 0x0000000084a00000, 0x0000000084a00000| Untracked 
|  51|0x0000000084b00000, 0x0000000084b00000, 0x0000000084c00000|  0%| F|  |TAMS 0x0000000084b00000, 0x0000000084b00000| Untracked 
|  52|0x0000000084c00000, 0x0000000084c00000, 0x0000000084d00000|  0%| F|  |TAMS 0x0000000084c00000, 0x0000000084c00000| Untracked 
|  53|0x0000000084d00000, 0x0000000084d00000, 0x0000000084e00000|  0%| F|  |TAMS 0x0000000084d00000, 0x0000000084d00000| Untracked 
|  54|0x0000000084e00000, 0x0000000084e00000, 0x0000000084f00000|  0%| F|  |TAMS 0x0000000084e00000, 0x0000000084e00000| Untracked 
|  55|0x0000000084f00000, 0x0000000084f00000, 0x0000000085000000|  0%| F|  |TAMS 0x0000000084f00000, 0x0000000084f00000| Untracked 
|  56|0x0000000085000000, 0x0000000085000000, 0x0000000085100000|  0%| F|  |TAMS 0x0000000085000000, 0x0000000085000000| Untracked 
|  57|0x0000000085100000, 0x0000000085100000, 0x0000000085200000|  0%| F|  |TAMS 0x0000000085100000, 0x0000000085100000| Untracked 
|  58|0x0000000085200000, 0x0000000085200000, 0x0000000085300000|  0%| F|  |TAMS 0x0000000085200000, 0x0000000085200000| Untracked 
|  59|0x0000000085300000, 0x0000000085300000, 0x0000000085400000|  0%| F|  |TAMS 0x0000000085300000, 0x0000000085300000| Untracked 
|  60|0x0000000085400000, 0x0000000085400000, 0x0000000085500000|  0%| F|  |TAMS 0x0000000085400000, 0x0000000085400000| Untracked 
|  61|0x0000000085500000, 0x0000000085500000, 0x0000000085600000|  0%| F|  |TAMS 0x0000000085500000, 0x0000000085500000| Untracked 
|  62|0x0000000085600000, 0x0000000085600000, 0x0000000085700000|  0%| F|  |TAMS 0x0000000085600000, 0x0000000085600000| Untracked 
|  63|0x0000000085700000, 0x0000000085700000, 0x0000000085800000|  0%| F|  |TAMS 0x0000000085700000, 0x0000000085700000| Untracked 
|  64|0x0000000085800000, 0x0000000085800000, 0x0000000085900000|  0%| F|  |TAMS 0x0000000085800000, 0x0000000085800000| Untracked 
|  65|0x0000000085900000, 0x0000000085900000, 0x0000000085a00000|  0%| F|  |TAMS 0x0000000085900000, 0x0000000085900000| Untracked 
|  66|0x0000000085a00000, 0x0000000085a00000, 0x0000000085b00000|  0%| F|  |TAMS 0x0000000085a00000, 0x0000000085a00000| Untracked 
|  67|0x0000000085b00000, 0x0000000085b00000, 0x0000000085c00000|  0%| F|  |TAMS 0x0000000085b00000, 0x0000000085b00000| Untracked 
|  68|0x0000000085c00000, 0x0000000085c00000, 0x0000000085d00000|  0%| F|  |TAMS 0x0000000085c00000, 0x0000000085c00000| Untracked 
|  69|0x0000000085d00000, 0x0000000085d00000, 0x0000000085e00000|  0%| F|  |TAMS 0x0000000085d00000, 0x0000000085d00000| Untracked 
|  70|0x0000000085e00000, 0x0000000085e00000, 0x0000000085f00000|  0%| F|  |TAMS 0x0000000085e00000, 0x0000000085e00000| Untracked 
|  71|0x0000000085f00000, 0x0000000085f00000, 0x0000000086000000|  0%| F|  |TAMS 0x0000000085f00000, 0x0000000085f00000| Untracked 
|  72|0x0000000086000000, 0x0000000086000000, 0x0000000086100000|  0%| F|  |TAMS 0x0000000086000000, 0x0000000086000000| Untracked 
|  73|0x0000000086100000, 0x0000000086100000, 0x0000000086200000|  0%| F|  |TAMS 0x0000000086100000, 0x0000000086100000| Untracked 
|  74|0x0000000086200000, 0x0000000086200000, 0x0000000086300000|  0%| F|  |TAMS 0x0000000086200000, 0x0000000086200000| Untracked 
|  75|0x0000000086300000, 0x0000000086300000, 0x0000000086400000|  0%| F|  |TAMS 0x0000000086300000, 0x0000000086300000| Untracked 
|  76|0x0000000086400000, 0x0000000086400000, 0x0000000086500000|  0%| F|  |TAMS 0x0000000086400000, 0x0000000086400000| Untracked 
|  77|0x0000000086500000, 0x0000000086500000, 0x0000000086600000|  0%| F|  |TAMS 0x0000000086500000, 0x0000000086500000| Untracked 
|  78|0x0000000086600000, 0x0000000086600000, 0x0000000086700000|  0%| F|  |TAMS 0x0000000086600000, 0x0000000086600000| Untracked 
|  79|0x0000000086700000, 0x0000000086700000, 0x0000000086800000|  0%| F|  |TAMS 0x0000000086700000, 0x0000000086700000| Untracked 
|  80|0x0000000086800000, 0x0000000086800000, 0x0000000086900000|  0%| F|  |TAMS 0x0000000086800000, 0x0000000086800000| Untracked 
|  81|0x0000000086900000, 0x0000000086900000, 0x0000000086a00000|  0%| F|  |TAMS 0x0000000086900000, 0x0000000086900000| Untracked 
|  82|0x0000000086a00000, 0x0000000086a00000, 0x0000000086b00000|  0%| F|  |TAMS 0x0000000086a00000, 0x0000000086a00000| Untracked 
|  83|0x0000000086b00000, 0x0000000086b00000, 0x0000000086c00000|  0%| F|  |TAMS 0x0000000086b00000, 0x0000000086b00000| Untracked 
|  84|0x0000000086c00000, 0x0000000086c00000, 0x0000000086d00000|  0%| F|  |TAMS 0x0000000086c00000, 0x0000000086c00000| Untracked 
|  85|0x0000000086d00000, 0x0000000086d00000, 0x0000000086e00000|  0%| F|  |TAMS 0x0000000086d00000, 0x0000000086d00000| Untracked 
|  86|0x0000000086e00000, 0x0000000086e00000, 0x0000000086f00000|  0%| F|  |TAMS 0x0000000086e00000, 0x0000000086e00000| Untracked 
|  87|0x0000000086f00000, 0x0000000086f00000, 0x0000000087000000|  0%| F|  |TAMS 0x0000000086f00000, 0x0000000086f00000| Untracked 
|  88|0x0000000087000000, 0x0000000087000000, 0x0000000087100000|  0%| F|  |TAMS 0x0000000087000000, 0x0000000087000000| Untracked 
|  89|0x0000000087100000, 0x0000000087100000, 0x0000000087200000|  0%| F|  |TAMS 0x0000000087100000, 0x0000000087100000| Untracked 
|  90|0x0000000087200000, 0x0000000087200000, 0x0000000087300000|  0%| F|  |TAMS 0x0000000087200000, 0x0000000087200000| Untracked 
|  91|0x0000000087300000, 0x0000000087300000, 0x0000000087400000|  0%| F|  |TAMS 0x0000000087300000, 0x0000000087300000| Untracked 
|  92|0x0000000087400000, 0x0000000087400000, 0x0000000087500000|  0%| F|  |TAMS 0x0000000087400000, 0x0000000087400000| Untracked 
|  93|0x0000000087500000, 0x0000000087500000, 0x0000000087600000|  0%| F|  |TAMS 0x0000000087500000, 0x0000000087500000| Untracked 
|  94|0x0000000087600000, 0x0000000087600000, 0x0000000087700000|  0%| F|  |TAMS 0x0000000087600000, 0x0000000087600000| Untracked 
|  95|0x0000000087700000, 0x0000000087700000, 0x0000000087800000|  0%| F|  |TAMS 0x0000000087700000, 0x0000000087700000| Untracked 
|  96|0x0000000087800000, 0x0000000087800000, 0x0000000087900000|  0%| F|  |TAMS 0x0000000087800000, 0x0000000087800000| Untracked 
|  97|0x0000000087900000, 0x0000000087900000, 0x0000000087a00000|  0%| F|  |TAMS 0x0000000087900000, 0x0000000087900000| Untracked 
|  98|0x0000000087a00000, 0x0000000087a00000, 0x0000000087b00000|  0%| F|  |TAMS 0x0000000087a00000, 0x0000000087a00000| Untracked 
|  99|0x0000000087b00000, 0x0000000087b00000, 0x0000000087c00000|  0%| F|  |TAMS 0x0000000087b00000, 0x0000000087b00000| Untracked 
| 100|0x0000000087c00000, 0x0000000087c00000, 0x0000000087d00000|  0%| F|  |TAMS 0x0000000087c00000, 0x0000000087c00000| Untracked 
| 101|0x0000000087d00000, 0x0000000087d00000, 0x0000000087e00000|  0%| F|  |TAMS 0x0000000087d00000, 0x0000000087d00000| Untracked 
| 102|0x0000000087e00000, 0x0000000087e00000, 0x0000000087f00000|  0%| F|  |TAMS 0x0000000087e00000, 0x0000000087e00000| Untracked 
| 103|0x0000000087f00000, 0x0000000087f00000, 0x0000000088000000|  0%| F|  |TAMS 0x0000000087f00000, 0x0000000087f00000| Untracked 
| 104|0x0000000088000000, 0x0000000088000000, 0x0000000088100000|  0%| F|  |TAMS 0x0000000088000000, 0x0000000088000000| Untracked 
| 105|0x0000000088100000, 0x0000000088100000, 0x0000000088200000|  0%| F|  |TAMS 0x0000000088100000, 0x0000000088100000| Untracked 
| 106|0x0000000088200000, 0x0000000088200000, 0x0000000088300000|  0%| F|  |TAMS 0x0000000088200000, 0x0000000088200000| Untracked 
| 107|0x0000000088300000, 0x0000000088300000, 0x0000000088400000|  0%| F|  |TAMS 0x0000000088300000, 0x0000000088300000| Untracked 
| 108|0x0000000088400000, 0x00000000884d4a98, 0x0000000088500000| 83%| E|  |TAMS 0x0000000088400000, 0x0000000088400000| Complete 
| 109|0x0000000088500000, 0x0000000088600000, 0x0000000088600000|100%| E|CS|TAMS 0x0000000088500000, 0x0000000088500000| Complete 
| 110|0x0000000088600000, 0x0000000088700000, 0x0000000088700000|100%| E|CS|TAMS 0x0000000088600000, 0x0000000088600000| Complete 
| 111|0x0000000088700000, 0x0000000088800000, 0x0000000088800000|100%| E|CS|TAMS 0x0000000088700000, 0x0000000088700000| Complete 
| 112|0x0000000088800000, 0x0000000088900000, 0x0000000088900000|100%| E|CS|TAMS 0x0000000088800000, 0x0000000088800000| Complete 
| 113|0x0000000088900000, 0x0000000088a00000, 0x0000000088a00000|100%| E|CS|TAMS 0x0000000088900000, 0x0000000088900000| Complete 
| 114|0x0000000088a00000, 0x0000000088b00000, 0x0000000088b00000|100%| E|CS|TAMS 0x0000000088a00000, 0x0000000088a00000| Complete 
| 115|0x0000000088b00000, 0x0000000088c00000, 0x0000000088c00000|100%| E|CS|TAMS 0x0000000088b00000, 0x0000000088b00000| Complete 
| 116|0x0000000088c00000, 0x0000000088d00000, 0x0000000088d00000|100%| E|CS|TAMS 0x0000000088c00000, 0x0000000088c00000| Complete 
| 117|0x0000000088d00000, 0x0000000088e00000, 0x0000000088e00000|100%| E|CS|TAMS 0x0000000088d00000, 0x0000000088d00000| Complete 
| 118|0x0000000088e00000, 0x0000000088f00000, 0x0000000088f00000|100%| E|CS|TAMS 0x0000000088e00000, 0x0000000088e00000| Complete 
| 119|0x0000000088f00000, 0x0000000089000000, 0x0000000089000000|100%| E|CS|TAMS 0x0000000088f00000, 0x0000000088f00000| Complete 
| 120|0x0000000089000000, 0x0000000089100000, 0x0000000089100000|100%| E|CS|TAMS 0x0000000089000000, 0x0000000089000000| Complete 
| 121|0x0000000089100000, 0x00000000891804c0, 0x0000000089200000| 50%| S|CS|TAMS 0x0000000089100000, 0x0000000089100000| Complete 
| 122|0x0000000089200000, 0x0000000089300000, 0x0000000089300000|100%| E|CS|TAMS 0x0000000089200000, 0x0000000089200000| Complete 
| 123|0x0000000089300000, 0x0000000089400000, 0x0000000089400000|100%| E|CS|TAMS 0x0000000089300000, 0x0000000089300000| Complete 
| 124|0x0000000089400000, 0x0000000089500000, 0x0000000089500000|100%| E|CS|TAMS 0x0000000089400000, 0x0000000089400000| Complete 
| 125|0x0000000089500000, 0x0000000089600000, 0x0000000089600000|100%| E|CS|TAMS 0x0000000089500000, 0x0000000089500000| Complete 
| 126|0x0000000089600000, 0x0000000089700000, 0x0000000089700000|100%| E|CS|TAMS 0x0000000089600000, 0x0000000089600000| Complete 
| 127|0x0000000089700000, 0x0000000089800000, 0x0000000089800000|100%| E|CS|TAMS 0x0000000089700000, 0x0000000089700000| Complete 

Card table byte_map: [0x0000026e03000000,0x0000026e03400000] _byte_map_base: 0x0000026e02bf4000

Marking Bits (Prev, Next): (CMBitMap*) 0x0000026e75dbb8b0, (CMBitMap*) 0x0000026e75dbb8f0
 Prev Bits: [0x0000026e03800000, 0x0000026e057a0000)
 Next Bits: [0x0000026e057a0000, 0x0000026e07740000)

Polling page: 0x0000026e75f50000

Metaspace:

Usage:
  Non-class:      8.41 MB used.
      Class:      1.30 MB used.
       Both:      9.71 MB used.

Virtual space:
  Non-class space:       16.00 MB reserved,       8.50 MB ( 53%) committed,  2 nodes.
      Class space:        1.00 GB reserved,       1.38 MB ( <1%) committed,  1 nodes.
             Both:        1.02 GB reserved,       9.88 MB ( <1%) committed. 

Chunk freelists:
   Non-Class:  3.23 MB
       Class:  2.58 MB
        Both:  5.81 MB

MaxMetaspaceSize: unlimited
CompressedClassSpaceSize: 1.00 GB
Initial GC threshold: 21.00 MB
Current GC threshold: 21.00 MB
CDS: on
MetaspaceReclaimPolicy: balanced
 - commit_granule_bytes: 65536.
 - commit_granule_words: 8192.
 - virtual_space_node_default_size: 1048576.
 - enlarge_chunks_in_place: 1.
 - new_chunks_are_fully_committed: 0.
 - uncommit_free_chunks: 1.
 - use_allocation_guard: 0.
 - handle_deallocations: 1.


Internal statistics:

num_allocs_failed_limit: 0.
num_arena_births: 172.
num_arena_deaths: 0.
num_vsnodes_births: 3.
num_vsnodes_deaths: 0.
num_space_committed: 158.
num_space_uncommitted: 0.
num_chunks_returned_to_freelist: 0.
num_chunks_taken_from_freelist: 406.
num_chunk_merges: 0.
num_chunk_splits: 255.
num_chunks_enlarged: 182.
num_purges: 0.
num_inconsistent_stats: 0.

CodeCache: size=49152Kb used=4913Kb max_used=4913Kb free=44238Kb
 bounds [0x0000026e00000000, 0x0000026e004d0000, 0x0000026e03000000]
 total_blobs=2258 nmethods=1802 adapters=381
 compilation: enabled
              stopped_count=0, restarted_count=0
 full_count=0

Compilation events (20 events):
Event: 3.551 Thread 0x0000026e09866a30 1793       1       org.springframework.core.ResolvableType$DefaultVariableResolver::<init> (10 bytes)
Event: 3.551 Thread 0x0000026e09866a30 nmethod 1793 0x0000026e004c8710 code [0x0000026e004c88a0, 0x0000026e004c89b8]
Event: 3.551 Thread 0x0000026e09866a30 1794       1       org.springframework.core.ResolvableType::getInterfaces (68 bytes)
Event: 3.551 Thread 0x0000026e09866290 1795       1       sun.reflect.generics.reflectiveObjects.ParameterizedTypeImpl::getActualTypeArguments (11 bytes)
Event: 3.551 Thread 0x0000026e09866290 nmethod 1795 0x0000026e004c8a10 code [0x0000026e004c8ba0, 0x0000026e004c8ce8]
Event: 3.551 Thread 0x0000026e09866290 1796       1       java.lang.Class::getGenericInterfaces (21 bytes)
Event: 3.552 Thread 0x0000026e09866a30 nmethod 1794 0x0000026e004c8d90 code [0x0000026e004c8fa0, 0x0000026e004c95c8]
Event: 3.552 Thread 0x0000026e09866290 nmethod 1796 0x0000026e004c9890 code [0x0000026e004c9a60, 0x0000026e004c9c98]
Event: 3.552 Thread 0x0000026e09866290 1797       1       org.springframework.core.ResolvableType::<init> (47 bytes)
Event: 3.552 Thread 0x0000026e09866290 nmethod 1797 0x0000026e004c9e10 code [0x0000026e004c9fa0, 0x0000026e004ca1f8]
Event: 3.567 Thread 0x0000026e09866290 1798       1       java.util.BitSet::wordIndex (5 bytes)
Event: 3.568 Thread 0x0000026e09893a40 1799       1       java.util.BitSet::checkInvariants (111 bytes)
Event: 3.568 Thread 0x0000026e09866a30 1800       1       java.util.BitSet::get (69 bytes)
Event: 3.568 Thread 0x0000026e09866290 nmethod 1798 0x0000026e004ca290 code [0x0000026e004ca420, 0x0000026e004ca4d8]
Event: 3.568 Thread 0x0000026e09866290 1801       1       java.util.Collections::emptyMap (4 bytes)
Event: 3.569 Thread 0x0000026e09893a40 nmethod 1799 0x0000026e004ca590 code [0x0000026e004ca720, 0x0000026e004ca7d8]
Event: 3.569 Thread 0x0000026e09866290 nmethod 1801 0x0000026e004ca890 code [0x0000026e004caa20, 0x0000026e004caad8]
Event: 3.569 Thread 0x0000026e09893a40 1802   !   1       java.lang.invoke.MethodHandles$Lookup::canBeCached (150 bytes)
Event: 3.569 Thread 0x0000026e09866a30 nmethod 1800 0x0000026e004cab90 code [0x0000026e004cad80, 0x0000026e004cb208]
Event: 3.572 Thread 0x0000026e09893a40 nmethod 1802 0x0000026e004cb490 code [0x0000026e004cb700, 0x0000026e004cbfa8]

GC Heap History (4 events):
Event: 2.167 GC heap before
{Heap before GC invocations=0 (full 0):
 garbage-first heap   total 131072K, used 14336K [0x0000000081800000, 0x0000000100000000)
  region size 1024K, 13 young (13312K), 0 survivors (0K)
 Metaspace       used 5344K, committed 5568K, reserved 1056768K
  class space    used 627K, committed 768K, reserved 1048576K
}
Event: 2.175 GC heap after
{Heap after GC invocations=1 (full 0):
 garbage-first heap   total 131072K, used 7033K [0x0000000081800000, 0x0000000100000000)
  region size 1024K, 2 young (2048K), 2 survivors (2048K)
 Metaspace       used 5344K, committed 5568K, reserved 1056768K
  class space    used 627K, committed 768K, reserved 1048576K
}
Event: 2.539 GC heap before
{Heap before GC invocations=1 (full 0):
 garbage-first heap   total 131072K, used 13177K [0x0000000081800000, 0x0000000100000000)
  region size 1024K, 8 young (8192K), 2 survivors (2048K)
 Metaspace       used 6675K, committed 6848K, reserved 1056768K
  class space    used 801K, committed 896K, reserved 1048576K
}
Event: 2.543 GC heap after
{Heap after GC invocations=2 (full 0):
 garbage-first heap   total 131072K, used 7635K [0x0000000081800000, 0x0000000100000000)
  region size 1024K, 1 young (1024K), 1 survivors (1024K)
 Metaspace       used 6675K, committed 6848K, reserved 1056768K
  class space    used 801K, committed 896K, reserved 1048576K
}

Deoptimization events (2 events):
Event: 2.383 Thread 0x0000026e77ded310 DEOPT PACKING pc=0x0000026e002d7875 sp=0x000000cbe03fd7e0
Event: 2.383 Thread 0x0000026e77ded310 DEOPT UNPACKING pc=0x0000026e00052b43 sp=0x000000cbe03fcc38 mode 3

Classes unloaded (0 events):
No events

Classes redefined (0 events):
No events

Internal exceptions (20 events):
Event: 2.860 Thread 0x0000026e0ac98820 Exception <a 'java/lang/IncompatibleClassChangeError'{0x0000000088fd9940}: Found class java.lang.Object, but interface was expected> (0x0000000088fd9940) 
thrown [c:\jenkins\workspace\zulu17-build-win64\zulu-src.git\src\hotspot\share\interpreter\linkResolver.cpp, line 833]
Event: 2.900 Thread 0x0000026e0ac98820 Exception <a 'java/lang/NoSuchMethodError'{0x0000000088eec450}: 'int java.lang.invoke.DirectMethodHandle$Holder.invokeSpecial(java.lang.Object, java.lang.Object, java.lang.Object, java.lang.Object)'> (0x0000000088eec450) 
thrown [c:\jenkins\workspace\zulu17-build-win64\zulu-src.git\src\hotspot\share\interpreter\linkResolver.cpp, line 766]
Event: 2.972 Thread 0x0000026e0ac98820 Exception <a 'java/lang/NoSuchMethodError'{0x0000000088c4d4c0}: 'java.lang.Object java.lang.invoke.DirectMethodHandle$Holder.newInvokeSpecial(java.lang.Object, java.lang.Object, java.lang.Object, java.lang.Object, java.lang.Object, java.lang.Object)'> (0x0000000088c4d4c0) 
thrown [c:\jenkins\workspace\zulu17-build-win64\zulu-src.git\src\hotspot\share\interpreter\linkResolver.cpp, line 766]
Event: 2.996 Thread 0x0000026e0ac98820 Exception <a 'java/lang/NoSuchMethodError'{0x0000000088cfdff8}: 'java.lang.Object java.lang.invoke.DirectMethodHandle$Holder.invokeSpecial(java.lang.Object, java.lang.Object, java.lang.Object, java.lang.Object, java.lang.Object, java.lang.Object, int)'> (0x0000000088cfdff8) 
thrown [c:\jenkins\workspace\zulu17-build-win64\zulu-src.git\src\hotspot\share\interpreter\linkResolver.cpp, line 766]
Event: 2.997 Thread 0x0000026e0ac98820 Exception <a 'java/lang/NoSuchMethodError'{0x0000000088b08590}: 'java.lang.Object java.lang.invoke.DirectMethodHandle$Holder.newInvokeSpecial(java.lang.Object, java.lang.Object, java.lang.Object, java.lang.Object, java.lang.Object, java.lang.Object, int)'> (0x0000000088b08590) 
thrown [c:\jenkins\workspace\zulu17-build-win64\zulu-src.git\src\hotspot\share\interpreter\linkResolver.cpp, line 766]
Event: 2.998 Thread 0x0000026e0ac98820 Exception <a 'java/lang/NoSuchMethodError'{0x0000000088b0d5d0}: 'java.lang.Object java.lang.invoke.DirectMethodHandle$Holder.invokeSpecial(java.lang.Object, java.lang.Object, java.lang.Object, java.lang.Object, java.lang.Object, java.lang.Object, java.lang.Object, int)'> (0x0000000088b0d5d0) 
thrown [c:\jenkins\workspace\zulu17-build-win64\zulu-src.git\src\hotspot\share\interpreter\linkResolver.cpp, line 766]
Event: 3.076 Thread 0x0000026e0ac98820 Exception <a 'java/lang/NoSuchMethodError'{0x0000000088aae4c0}: 'java.lang.Object java.lang.invoke.DirectMethodHandle$Holder.invokeSpecial(java.lang.Object, java.lang.Object, java.lang.Object, int, java.lang.Object)'> (0x0000000088aae4c0) 
thrown [c:\jenkins\workspace\zulu17-build-win64\zulu-src.git\src\hotspot\share\interpreter\linkResolver.cpp, line 766]
Event: 3.077 Thread 0x0000026e0ac98820 Exception <a 'java/lang/NoSuchMethodError'{0x0000000088ab6b28}: 'java.lang.Object java.lang.invoke.DirectMethodHandle$Holder.newInvokeSpecial(java.lang.Object, java.lang.Object, java.lang.Object, int, java.lang.Object)'> (0x0000000088ab6b28) 
thrown [c:\jenkins\workspace\zulu17-build-win64\zulu-src.git\src\hotspot\share\interpreter\linkResolver.cpp, line 766]
Event: 3.078 Thread 0x0000026e0ac98820 Exception <a 'java/lang/NoSuchMethodError'{0x0000000088abe508}: 'java.lang.Object java.lang.invoke.Invokers$Holder.linkToTargetMethod(java.lang.Object, java.lang.Object, int, java.lang.Object, java.lang.Object)'> (0x0000000088abe508) 
thrown [c:\jenkins\workspace\zulu17-build-win64\zulu-src.git\src\hotspot\share\interpreter\linkResolver.cpp, line 766]
Event: 3.081 Thread 0x0000026e0ac98820 Exception <a 'java/lang/NoSuchMethodError'{0x0000000088ad4a28}: 'java.lang.Object java.lang.invoke.DirectMethodHandle$Holder.newInvokeSpecial(java.lang.Object, int, java.lang.Object)'> (0x0000000088ad4a28) 
thrown [c:\jenkins\workspace\zulu17-build-win64\zulu-src.git\src\hotspot\share\interpreter\linkResolver.cpp, line 766]
Event: 3.081 Thread 0x0000026e0ac98820 Exception <a 'java/lang/NoSuchMethodError'{0x0000000088ad9468}: 'int java.lang.invoke.DirectMethodHandle$Holder.invokeSpecialIFC(java.lang.Object, java.lang.Object, java.lang.Object, java.lang.Object)'> (0x0000000088ad9468) 
thrown [c:\jenkins\workspace\zulu17-build-win64\zulu-src.git\src\hotspot\share\interpreter\linkResolver.cpp, line 766]
Event: 3.111 Thread 0x0000026e0ac98820 Exception <a 'java/lang/NoSuchMethodError'{0x0000000088997f50}: 'java.lang.Object java.lang.invoke.DirectMethodHandle$Holder.invokeInterface(java.lang.Object, java.lang.Object)'> (0x0000000088997f50) 
thrown [c:\jenkins\workspace\zulu17-build-win64\zulu-src.git\src\hotspot\share\interpreter\linkResolver.cpp, line 766]
Event: 3.115 Thread 0x0000026e0ac98820 Exception <a 'java/lang/NoSuchMethodError'{0x00000000889a7f20}: 'void java.lang.invoke.DirectMethodHandle$Holder.invokeInterface(java.lang.Object, java.lang.Object, java.lang.Object)'> (0x00000000889a7f20) 
thrown [c:\jenkins\workspace\zulu17-build-win64\zulu-src.git\src\hotspot\share\interpreter\linkResolver.cpp, line 766]
Event: 3.314 Thread 0x0000026e0ac98820 Exception <a 'java/lang/NoSuchMethodError'{0x00000000888e7498}: 'void java.lang.invoke.DirectMethodHandle$Holder.invokeStatic(java.lang.Object, java.lang.Object, int)'> (0x00000000888e7498) 
thrown [c:\jenkins\workspace\zulu17-build-win64\zulu-src.git\src\hotspot\share\interpreter\linkResolver.cpp, line 766]
Event: 3.316 Thread 0x0000026e0ac98820 Exception <a 'java/lang/NoSuchMethodError'{0x00000000888ef270}: 'void java.lang.invoke.DirectMethodHandle$Holder.invokeStaticInit(java.lang.Object, java.lang.Object)'> (0x00000000888ef270) 
thrown [c:\jenkins\workspace\zulu17-build-win64\zulu-src.git\src\hotspot\share\interpreter\linkResolver.cpp, line 766]
Event: 3.321 Thread 0x0000026e0ac98820 Exception <a 'java/lang/NoSuchMethodError'{0x0000000088709180}: 'void java.lang.invoke.DirectMethodHandle$Holder.invokeStaticInit(java.lang.Object, java.lang.Object, java.lang.Object)'> (0x0000000088709180) 
thrown [c:\jenkins\workspace\zulu17-build-win64\zulu-src.git\src\hotspot\share\interpreter\linkResolver.cpp, line 766]
Event: 3.351 Thread 0x0000026e0ac98820 Exception <a 'java/lang/NoSuchMethodError'{0x0000000088776a08}: 'void java.lang.invoke.DirectMethodHandle$Holder.invokeVirtual(java.lang.Object, java.lang.Object, java.lang.Object, java.lang.Object)'> (0x0000000088776a08) 
thrown [c:\jenkins\workspace\zulu17-build-win64\zulu-src.git\src\hotspot\share\interpreter\linkResolver.cpp, line 766]
Event: 3.487 Thread 0x0000026e0ac98820 Exception <a 'java/lang/NoSuchMethodError'{0x00000000886b13d0}: 'void java.lang.invoke.DirectMethodHandle$Holder.invokeSpecial(java.lang.Object, java.lang.Object, java.lang.Object)'> (0x00000000886b13d0) 
thrown [c:\jenkins\workspace\zulu17-build-win64\zulu-src.git\src\hotspot\share\interpreter\linkResolver.cpp, line 766]
Event: 3.529 Thread 0x0000026e0ac98820 Exception <a 'java/lang/NoSuchMethodError'{0x00000000886b79a8}: 'void java.lang.invoke.DirectMethodHandle$Holder.invokeSpecial(java.lang.Object, java.lang.Object, java.lang.Object, java.lang.Object, java.lang.Object)'> (0x00000000886b79a8) 
thrown [c:\jenkins\workspace\zulu17-build-win64\zulu-src.git\src\hotspot\share\interpreter\linkResolver.cpp, line 766]
Event: 3.553 Thread 0x0000026e0adcf3e0 Exception <a 'java/lang/NoClassDefFoundError'{0x0000000088518600}: javax/validation/Validation> (0x0000000088518600) 
thrown [c:\jenkins\workspace\zulu17-build-win64\zulu-src.git\src\hotspot\share\classfile\systemDictionary.cpp, line 245]

VM Operations (20 events):
Event: 0.950 Executing VM operation: HandshakeAllThreads
Event: 0.954 Executing VM operation: HandshakeAllThreads done
Event: 1.370 Executing VM operation: HandshakeAllThreads
Event: 1.370 Executing VM operation: HandshakeAllThreads done
Event: 1.370 Executing VM operation: Cleanup
Event: 1.370 Executing VM operation: Cleanup done
Event: 2.166 Executing VM operation: G1CollectForAllocation
Event: 2.175 Executing VM operation: G1CollectForAllocation done
Event: 2.291 Executing VM operation: HandshakeAllThreads
Event: 2.291 Executing VM operation: HandshakeAllThreads done
Event: 2.539 Executing VM operation: G1CollectForAllocation
Event: 2.543 Executing VM operation: G1CollectForAllocation done
Event: 2.719 Executing VM operation: HandshakeAllThreads
Event: 2.719 Executing VM operation: HandshakeAllThreads done
Event: 3.068 Executing VM operation: HandshakeAllThreads
Event: 3.068 Executing VM operation: HandshakeAllThreads done
Event: 3.566 Executing VM operation: HandshakeAllThreads
Event: 3.566 Executing VM operation: HandshakeAllThreads done
Event: 3.566 Executing VM operation: Cleanup
Event: 3.567 Executing VM operation: Cleanup done

Events (20 events):
Event: 3.260 loading class org/xml/sax/InputSource done
Event: 3.312 loading class java/util/function/IntUnaryOperator
Event: 3.313 loading class java/util/function/IntUnaryOperator done
Event: 3.313 loading class java/util/stream/IntPipeline$4
Event: 3.313 loading class java/util/stream/IntPipeline$4 done
Event: 3.314 loading class java/util/stream/ForEachOps$ForEachOp$OfInt
Event: 3.315 loading class java/util/stream/ForEachOps$ForEachOp$OfInt done
Event: 3.315 loading class java/util/stream/IntPipeline$4$1
Event: 3.315 loading class java/util/stream/IntPipeline$4$1 done
Event: 3.315 loading class java/util/RegularEnumSet$EnumSetIterator
Event: 3.315 loading class java/util/RegularEnumSet$EnumSetIterator done
Event: 3.323 loading class java/nio/file/attribute/PosixFilePermission
Event: 3.323 loading class java/nio/file/attribute/PosixFilePermission done
Event: 3.389 loading class java/util/Stack
Event: 3.389 loading class java/util/Stack done
Event: 3.390 loading class java/util/Vector$Itr
Event: 3.392 loading class java/util/Vector$Itr done
Event: 3.537 Thread 0x0000026e0adcf3e0 Thread added: 0x0000026e0adcf3e0
Event: 3.543 loading class java/net/MalformedURLException
Event: 3.543 loading class java/net/MalformedURLException done


Dynamic libraries:
0x00007ff64ef00000 - 0x00007ff64ef0e000 	C:\Users\Laptop\.jdks\azul-17.0.2\bin\java.exe
0x00007ffc2f7f0000 - 0x00007ffc2f9e5000 	C:\WINDOWS\SYSTEM32\ntdll.dll
0x00007ffc2dc70000 - 0x00007ffc2dd2e000 	C:\WINDOWS\System32\KERNEL32.DLL
0x00007ffc2d570000 - 0x00007ffc2d838000 	C:\WINDOWS\System32\KERNELBASE.dll
0x00007ffc2d440000 - 0x00007ffc2d540000 	C:\WINDOWS\System32\ucrtbase.dll
0x00007ffc246b0000 - 0x00007ffc246c8000 	C:\Users\Laptop\.jdks\azul-17.0.2\bin\jli.dll
0x00007ffc2efa0000 - 0x00007ffc2f140000 	C:\WINDOWS\System32\USER32.dll
0x00007ffc2d410000 - 0x00007ffc2d432000 	C:\WINDOWS\System32\win32u.dll
0x00007ffc2d980000 - 0x00007ffc2d9ab000 	C:\WINDOWS\System32\GDI32.dll
0x00007ffc2d300000 - 0x00007ffc2d40d000 	C:\WINDOWS\System32\gdi32full.dll
0x00007ffc2d1d0000 - 0x00007ffc2d26d000 	C:\WINDOWS\System32\msvcp_win.dll
0x00007ffc246d0000 - 0x00007ffc246eb000 	C:\Users\Laptop\.jdks\azul-17.0.2\bin\VCRUNTIME140.dll
0x00007ffc18c90000 - 0x00007ffc18f2a000 	C:\WINDOWS\WinSxS\amd64_microsoft.windows.common-controls_6595b64144ccf1df_6.0.19041.1110_none_60b5254171f9507e\COMCTL32.dll
0x00007ffc2d840000 - 0x00007ffc2d8de000 	C:\WINDOWS\System32\msvcrt.dll
0x00007ffc2f1b0000 - 0x00007ffc2f1e0000 	C:\WINDOWS\System32\IMM32.DLL
0x00007ffc24c70000 - 0x00007ffc24c7c000 	C:\Users\Laptop\.jdks\azul-17.0.2\bin\vcruntime140_1.dll
0x00007ffc24620000 - 0x00007ffc246ad000 	C:\Users\Laptop\.jdks\azul-17.0.2\bin\msvcp140.dll
0x00007ffbc88e0000 - 0x00007ffbc9540000 	C:\Users\Laptop\.jdks\azul-17.0.2\bin\server\jvm.dll
0x00007ffc2f540000 - 0x00007ffc2f5ee000 	C:\WINDOWS\System32\ADVAPI32.dll
0x00007ffc2d8e0000 - 0x00007ffc2d97c000 	C:\WINDOWS\System32\sechost.dll
0x00007ffc2f610000 - 0x00007ffc2f735000 	C:\WINDOWS\System32\RPCRT4.dll
0x00007ffc2df20000 - 0x00007ffc2df28000 	C:\WINDOWS\System32\PSAPI.DLL
0x00007ffc1a630000 - 0x00007ffc1a639000 	C:\WINDOWS\SYSTEM32\WSOCK32.dll
0x00007ffc2f740000 - 0x00007ffc2f7ab000 	C:\WINDOWS\System32\WS2_32.dll
0x00007ffc13d40000 - 0x00007ffc13d67000 	C:\WINDOWS\SYSTEM32\WINMM.dll
0x00007ffc222e0000 - 0x00007ffc222ea000 	C:\WINDOWS\SYSTEM32\VERSION.dll
0x00007ffc2b7b0000 - 0x00007ffc2b7c2000 	C:\WINDOWS\SYSTEM32\kernel.appcore.dll
0x00007ffc24610000 - 0x00007ffc2461a000 	C:\Users\Laptop\.jdks\azul-17.0.2\bin\jimage.dll
0x00007ffc2adc0000 - 0x00007ffc2afa4000 	C:\WINDOWS\SYSTEM32\DBGHELP.DLL
0x00007ffc22910000 - 0x00007ffc2293c000 	C:\WINDOWS\SYSTEM32\dbgcore.DLL
0x00007ffc2d270000 - 0x00007ffc2d2f2000 	C:\WINDOWS\System32\bcryptPrimitives.dll
0x00007ffc23a80000 - 0x00007ffc23a8e000 	C:\Users\Laptop\.jdks\azul-17.0.2\bin\instrument.dll
0x00007ffc245e0000 - 0x00007ffc24605000 	C:\Users\Laptop\.jdks\azul-17.0.2\bin\java.dll
0x00007ffc24500000 - 0x00007ffc245d7000 	C:\Users\Laptop\.jdks\azul-17.0.2\bin\jsvml.dll
0x00007ffc2e3b0000 - 0x00007ffc2eaf4000 	C:\WINDOWS\System32\SHELL32.dll
0x00007ffc2afb0000 - 0x00007ffc2b744000 	C:\WINDOWS\SYSTEM32\windows.storage.dll
0x00007ffc2f1e0000 - 0x00007ffc2f535000 	C:\WINDOWS\System32\combase.dll
0x00007ffc2c8e0000 - 0x00007ffc2c90e000 	C:\WINDOWS\SYSTEM32\Wldp.dll
0x00007ffc2dd30000 - 0x00007ffc2dddd000 	C:\WINDOWS\System32\SHCORE.dll
0x00007ffc2dde0000 - 0x00007ffc2de35000 	C:\WINDOWS\System32\shlwapi.dll
0x00007ffc2ce40000 - 0x00007ffc2ce5f000 	C:\WINDOWS\SYSTEM32\profapi.dll
0x00007ffc244a0000 - 0x00007ffc244b8000 	C:\Users\Laptop\.jdks\azul-17.0.2\bin\zip.dll
0x00007ffc244e0000 - 0x00007ffc244f9000 	C:\Users\Laptop\.jdks\azul-17.0.2\bin\net.dll
0x00007ffc1ff30000 - 0x00007ffc2003c000 	C:\WINDOWS\SYSTEM32\WINHTTP.dll
0x00007ffc2c640000 - 0x00007ffc2c6aa000 	C:\WINDOWS\system32\mswsock.dll
0x00007ffc244c0000 - 0x00007ffc244d6000 	C:\Users\Laptop\.jdks\azul-17.0.2\bin\nio.dll
0x00007ffc1f320000 - 0x00007ffc1f33a000 	C:\Program Files\JetBrains\IntelliJ IDEA 20213.1\IntelliJ IDEA 2021.3.1\bin\breakgen64.dll
0x00007ffc2c370000 - 0x00007ffc2c43b000 	C:\WINDOWS\SYSTEM32\DNSAPI.dll
0x00007ffc2c330000 - 0x00007ffc2c36b000 	C:\WINDOWS\SYSTEM32\IPHLPAPI.DLL
0x00007ffc2f1a0000 - 0x00007ffc2f1a8000 	C:\WINDOWS\System32\NSI.dll
0x00007ffc208e0000 - 0x00007ffc208ea000 	C:\Windows\System32\rasadhlp.dll
0x00007ffc20040000 - 0x00007ffc200bf000 	C:\WINDOWS\System32\fwpuclnt.dll
0x00007ffc2d540000 - 0x00007ffc2d567000 	C:\WINDOWS\System32\bcrypt.dll
0x00007ffc23a70000 - 0x00007ffc23a79000 	C:\Users\Laptop\.jdks\azul-17.0.2\bin\management.dll
0x00007ffc23a60000 - 0x00007ffc23a6b000 	C:\Users\Laptop\.jdks\azul-17.0.2\bin\management_ext.dll
0x00007ffc2c830000 - 0x00007ffc2c848000 	C:\WINDOWS\SYSTEM32\CRYPTSP.dll
0x00007ffc2bfc0000 - 0x00007ffc2bff4000 	C:\WINDOWS\system32\rsaenh.dll
0x00007ffc2ce00000 - 0x00007ffc2ce2e000 	C:\WINDOWS\SYSTEM32\USERENV.dll
0x00007ffc2c850000 - 0x00007ffc2c85c000 	C:\WINDOWS\SYSTEM32\CRYPTBASE.dll
0x00007ffc21f80000 - 0x00007ffc21f97000 	C:\WINDOWS\SYSTEM32\dhcpcsvc6.DLL
0x00007ffc222c0000 - 0x00007ffc222dd000 	C:\WINDOWS\SYSTEM32\dhcpcsvc.DLL
0x00007ffc0aa70000 - 0x00007ffc0aa87000 	C:\WINDOWS\system32\napinsp.dll
0x00007ffc0aa50000 - 0x00007ffc0aa6b000 	C:\WINDOWS\system32\pnrpnsp.dll
0x00007ffc24e00000 - 0x00007ffc24e15000 	C:\WINDOWS\system32\wshbth.dll
0x00007ffc22940000 - 0x00007ffc2295d000 	C:\WINDOWS\system32\NLAapi.dll
0x00007ffc0aa30000 - 0x00007ffc0aa42000 	C:\WINDOWS\System32\winrnr.dll

dbghelp: loaded successfully - version: 4.0.5 - missing functions: none
symbol engine: initialized successfully - sym options: 0x614 - pdb path: .;C:\Users\Laptop\.jdks\azul-17.0.2\bin;C:\WINDOWS\SYSTEM32;C:\WINDOWS\WinSxS\amd64_microsoft.windows.common-controls_6595b64144ccf1df_6.0.19041.1110_none_60b5254171f9507e;C:\Users\Laptop\.jdks\azul-17.0.2\bin\server;C:\Program Files\JetBrains\IntelliJ IDEA 20213.1\IntelliJ IDEA 2021.3.1\bin

VM Arguments:
jvm_args: -XX:TieredStopAtLevel=1 -Xverify:none -Dspring.output.ansi.enabled=always -Dcom.sun.management.jmxremote -Dspring.jmx.enabled=true -Dspring.liveBeansView.mbeanDomain -Dspring.application.admin.enabled=true -javaagent:C:\Program Files\JetBrains\IntelliJ IDEA 20213.1\IntelliJ IDEA 2021.3.1\lib\idea_rt.jar=51268:C:\Program Files\JetBrains\IntelliJ IDEA 20213.1\IntelliJ IDEA 2021.3.1\bin -Dfile.encoding=UTF-8 
java_command: com.sda.javaee9spring.Javaee9SpringApplication
java_class_path (initial): C:\Users\Laptop\IdeaProjects\javaee9-spring\target\classes;C:\Users\Laptop\.m2\repository\org\springframework\boot\spring-boot-starter-data-jpa\2.6.3\spring-boot-starter-data-jpa-2.6.3.jar;C:\Users\Laptop\.m2\repository\org\springframework\boot\spring-boot-starter-aop\2.6.3\spring-boot-starter-aop-2.6.3.jar;C:\Users\Laptop\.m2\repository\org\springframework\spring-aop\5.3.15\spring-aop-5.3.15.jar;C:\Users\Laptop\.m2\repository\org\aspectj\aspectjweaver\1.9.7\aspectjweaver-1.9.7.jar;C:\Users\Laptop\.m2\repository\org\springframework\boot\spring-boot-starter-jdbc\2.6.3\spring-boot-starter-jdbc-2.6.3.jar;C:\Users\Laptop\.m2\repository\com\zaxxer\HikariCP\4.0.3\HikariCP-4.0.3.jar;C:\Users\Laptop\.m2\repository\org\springframework\spring-jdbc\5.3.15\spring-jdbc-5.3.15.jar;C:\Users\Laptop\.m2\repository\jakarta\transaction\jakarta.transaction-api\1.3.3\jakarta.transaction-api-1.3.3.jar;C:\Users\Laptop\.m2\repository\jakarta\persistence\jakarta.persistence-api\2.2.3\jakarta.persistence-api-2.2.3.jar;C:\Users\Laptop\.m2\repository\org\hibernate\hibernate-core\5.6.4.Final\hibernate-core-5.6.4.Final.jar;C:\Users\Laptop\.m2\repository\org\jboss\logging\jboss-logging\3.4.3.Final\jboss-logging-3.4.3.Final.jar;C:\Users\Laptop\.m2\repository\net\bytebuddy\byte-buddy\1.11.22\byte-buddy-1.11.22.jar;C:\Users\Laptop\.m2\repository\antlr\antlr\2.7.7\antlr-2.7.7.jar;C:\Users\Laptop\.m2\repository\org\jboss\jandex\2.4.2.Final\jandex-2.4.2.Final.jar;C:\Users\Laptop\.m2\repository\com\fasterxml\classmate\1.5.1\classmate-1.5.1.jar;C:\Users\Laptop\.m2\repository\org\hibernate\common\hibernate-commons-annotations\5.1.2.Final\hibernate-commons-annotations-5.1.2.Final.jar;C:\Users\Laptop\.m2\repository\org\glassfish\jaxb\jaxb-runtime\2.3.5\jaxb-runtime-2.3.5.jar;C:\Users\Laptop\.m2\repository\org\glassfish\jaxb\txw2\2.3.5\txw2-2.3.5.jar;C:\Users\Laptop\.m2\repository\com\sun\istack\istack-commons-runtime\3.0.12\istack-commons-runtime-3.0.12.jar;C:\Users\Laptop\.m2\r
Launcher Type: SUN_STANDARD

[Global flags]
     intx CICompilerCount                          = 3                                         {product} {ergonomic}
     uint ConcGCThreads                            = 1                                         {product} {ergonomic}
     uint G1ConcRefinementThreads                  = 4                                         {product} {ergonomic}
   size_t G1HeapRegionSize                         = 1048576                                   {product} {ergonomic}
    uintx GCDrainStackTargetSize                   = 64                                        {product} {ergonomic}
   size_t InitialHeapSize                          = 134217728                                 {product} {ergonomic}
     bool ManagementServer                         = true                                      {product} {command line}
   size_t MarkStackSize                            = 4194304                                   {product} {ergonomic}
   size_t MaxHeapSize                              = 2122317824                                {product} {ergonomic}
   size_t MaxNewSize                               = 1272971264                                {product} {ergonomic}
   size_t MinHeapDeltaBytes                        = 1048576                                   {product} {ergonomic}
   size_t MinHeapSize                              = 8388608                                   {product} {ergonomic}
    uintx NonProfiledCodeHeapSize                  = 0                                      {pd product} {ergonomic}
     bool ProfileInterpreter                       = false                                  {pd product} {command line}
    uintx ProfiledCodeHeapSize                     = 0                                      {pd product} {ergonomic}
   size_t SoftMaxHeapSize                          = 2122317824                             {manageable} {ergonomic}
     intx TieredStopAtLevel                        = 1                                         {product} {command line}
     bool UseCompressedClassPointers               = true                           {product lp64_product} {ergonomic}
     bool UseCompressedOops                        = true                           {product lp64_product} {ergonomic}
     bool UseG1GC                                  = true                                      {product} {ergonomic}
     bool UseLargePagesIndividualAllocation        = false                                  {pd product} {ergonomic}

Logging:
Log output configuration:
 #0: stdout all=warning uptime,level,tags
 #1: stderr all=off uptime,level,tags

Environment Variables:
PATH=C:\Python310\Scripts\;C:\Python310\;C:\Program Files\AdoptOpenJDK\jdk-11.0.11.9-hotspot\bin;C:\WINDOWS\system32;C:\WINDOWS;C:\WINDOWS\System32\Wbem;C:\WINDOWS\System32\WindowsPowerShell\v1.0\;C:\WINDOWS\System32\OpenSSH\;C:\Program Files\Git\cmd;C:\Program Files (x86)\IDEMIA\AWP\Dlls;C:\Program Files\IDEMIA\AWP\Dlls;C:\ProgramData\chocolatey\bin;C:\Users\Laptop\AppData\Local\Microsoft\WindowsApps;C:\Users\Laptop\Desktop\Downloads\apache-maven-3.8.2\bin
USERNAME=Laptop
OS=Windows_NT
PROCESSOR_IDENTIFIER=Intel64 Family 6 Model 78 Stepping 3, GenuineIntel



---------------  S Y S T E M  ---------------

OS:
 Windows 10 , 64 bit Build 19041 (10.0.19041.1503)
OS uptime: 0 days 8:26 hours

CPU: total 4 (initial active 4) (2 cores per cpu, 2 threads per core) family 6 model 78 stepping 3 microcode 0xcc, cx8, cmov, fxsr, ht, mmx, 3dnowpref, sse, sse2, sse3, ssse3, sse4.1, sse4.2, popcnt, lzcnt, tsc, tscinvbit, avx, avx2, aes, erms, clmul, bmi1, bmi2, rtm, adx, fma, vzeroupper, clflush, clflushopt

Memory: 4k page, system-wide physical 8089M (1736M free)
TotalPageFile size 8621M (AvailPageFile size 233M)
current process WorkingSet (physical memory assigned to process): 80M, peak: 80M
current process commit charge ("private bytes"): 218M, peak: 218M

vm_info: OpenJDK 64-Bit Server VM (17.0.2+8-LTS) for windows-amd64 JRE (17.0.2+8-LTS) (Zulu17.32+13-CA), built on Jan  8 2022 13:06:16 by "zulu_re" with MS VC++ 16.10 / 16.11 (VS2019)

END.
