#
# There is insufficient memory for the Java Runtime Environment to continue.
# Native memory allocation (mmap) failed to map 65536 bytes for Failed to commit metaspace.
# Possible reasons:
#   The system is out of physical RAM or swap space
#   The process is running with CompressedOops enabled, and the Java Heap may be blocking the growth of the native heap
# Possible solutions:
#   Reduce memory load on the system
#   Increase physical memory or swap space
#   Check if swap backing store is full
#   Decrease Java heap size (-Xmx/-Xms)
#   Decrease number of Java threads
#   Decrease Java thread stack sizes (-Xss)
#   Set larger code cache with -XX:ReservedCodeCacheSize=
#   JVM is running with Unscaled Compressed Oops mode in which the Java heap is
#     placed in the first 4GB address space. The Java Heap base address is the
#     maximum limit for the native heap growth. Please use -XX:HeapBaseMinAddress
#     to set the Java Heap base and to place the Java Heap above 4GB virtual address.
# This output file may be truncated or incomplete.
#
#  Out of Memory Error (virtualSpaceNode.cpp:110), pid=13112, tid=12312
#
# JRE version: OpenJDK Runtime Environment Zulu17.32+13-CA (17.0.2+8) (build 17.0.2+8-LTS)
# Java VM: OpenJDK 64-Bit Server VM Zulu17.32+13-CA (17.0.2+8-LTS, mixed mode, sharing, tiered, compressed oops, compressed class ptrs, g1 gc, windows-amd64)
# No core dump will be written. Minidumps are not enabled by default on client versions of Windows
#

---------------  S U M M A R Y ------------

Command Line: -ea -Didea.test.cyclic.buffer.size=1048576 -javaagent:C:\Program Files\JetBrains\IntelliJ IDEA 20213.1\IntelliJ IDEA 2021.3.1\lib\idea_rt.jar=60392:C:\Program Files\JetBrains\IntelliJ IDEA 20213.1\IntelliJ IDEA 2021.3.1\bin -Dfile.encoding=UTF-8 com.intellij.rt.junit.JUnitStarter -ideVersion5 -junit5 com.sda.javaee9spring.Javaee9SpringApplicationTests,recordsTest

Host: Intel(R) Core(TM) i5-6300U CPU @ 2.40GHz, 4 cores, 7G,  Windows 10 , 64 bit Build 19041 (10.0.19041.1466)
Time: Thu Feb 10 17:23:27 2022 FLE Standard Time elapsed time: 9.193496 seconds (0d 0h 0m 9s)

---------------  T H R E A D  ---------------

Current thread (0x0000021358bfa4c0):  JavaThread "main" [_thread_in_vm, id=12312, stack(0x000000cea3b00000,0x000000cea3c00000)]

Stack: [0x000000cea3b00000,0x000000cea3c00000]
Native frames: (J=compiled Java code, j=interpreted, Vv=VM code, C=native code)
V  [jvm.dll+0x6769fa]
V  [jvm.dll+0x831784]
V  [jvm.dll+0x832f2e]
V  [jvm.dll+0x833593]
V  [jvm.dll+0x2455e5]
V  [jvm.dll+0x82d72b]
V  [jvm.dll+0x61b616]
V  [jvm.dll+0x1c057e]
V  [jvm.dll+0x61df51]
V  [jvm.dll+0x61bfb6]
V  [jvm.dll+0x23af80]
V  [jvm.dll+0x1ead8d]
V  [jvm.dll+0x1e07d1]
V  [jvm.dll+0x53c2d0]
V  [jvm.dll+0x7ac378]
V  [jvm.dll+0x7ac464]
V  [jvm.dll+0x40cdb5]
V  [jvm.dll+0x412fd9]
C  [java.dll+0x17ec]

Java frames: (J=compiled Java code, j=interpreted, Vv=VM code)
J 882  java.lang.ClassLoader.defineClass1(Ljava/lang/ClassLoader;Ljava/lang/String;[BIILjava/security/ProtectionDomain;Ljava/lang/String;)Ljava/lang/Class; java.base@17.0.2 (0 bytes) @ 0x00000213681e97e3 [0x00000213681e9720+0x00000000000000c3]
J 3728 c2 java.security.SecureClassLoader.defineClass(Ljava/lang/String;[BIILjava/security/CodeSource;)Ljava/lang/Class; java.base@17.0.2 (16 bytes) @ 0x00000213683bfbd0 [0x00000213683bf560+0x0000000000000670]
J 3736 c2 jdk.internal.loader.BuiltinClassLoader.findClassOnClassPathOrNull(Ljava/lang/String;)Ljava/lang/Class; java.base@17.0.2 (64 bytes) @ 0x00000213683ddb5c [0x00000213683dbc80+0x0000000000001edc]
J 2849 c2 jdk.internal.loader.BuiltinClassLoader.loadClassOrNull(Ljava/lang/String;Z)Ljava/lang/Class; java.base@17.0.2 (143 bytes) @ 0x00000213682fbda8 [0x00000213682faae0+0x00000000000012c8]
J 3697 c2 java.lang.ClassLoader.loadClass(Ljava/lang/String;)Ljava/lang/Class; java.base@17.0.2 (7 bytes) @ 0x00000213683ad22c [0x00000213683ad1c0+0x000000000000006c]
v  ~StubRoutines::call_stub
j  org.mockito.internal.configuration.plugins.DefaultMockitoPlugins.<clinit>()V+32
v  ~StubRoutines::call_stub
j  org.mockito.internal.configuration.plugins.PluginLoader.<init>(Lorg/mockito/plugins/PluginSwitch;)V+1
j  org.mockito.internal.configuration.plugins.PluginRegistry.<init>()V+16
j  org.mockito.internal.configuration.plugins.Plugins.<clinit>()V+4
v  ~StubRoutines::call_stub
j  org.mockito.internal.util.MockUtil.<clinit>()V+0
v  ~StubRoutines::call_stub
j  org.mockito.internal.util.DefaultMockingDetails.isMock()Z+4
j  org.springframework.boot.test.mock.mockito.MockReset.get(Ljava/lang/Object;)Lorg/springframework/boot/test/mock/mockito/MockReset;+10
j  org.springframework.boot.test.mock.mockito.ResetMocksTestExecutionListener.resetMocks(Lorg/springframework/context/ConfigurableApplicationContext;Lorg/springframework/boot/test/mock/mockito/MockReset;)V+104
j  org.springframework.boot.test.mock.mockito.ResetMocksTestExecutionListener.resetMocks(Lorg/springframework/context/ApplicationContext;Lorg/springframework/boot/test/mock/mockito/MockReset;)V+13
j  org.springframework.boot.test.mock.mockito.ResetMocksTestExecutionListener.beforeTestMethod(Lorg/springframework/test/context/TestContext;)V+16
j  org.springframework.test.context.TestContextManager.beforeTestMethod(Ljava/lang/Object;Ljava/lang/reflect/Method;)V+49
j  org.springframework.test.context.junit.jupiter.SpringExtension.beforeEach(Lorg/junit/jupiter/api/extension/ExtensionContext;)V+20
j  org.junit.jupiter.engine.descriptor.TestMethodTestDescriptor.lambda$invokeBeforeEachCallbacks$2(Lorg/junit/jupiter/api/extension/BeforeEachCallback;Lorg/junit/jupiter/api/extension/ExtensionContext;)V+2
j  org.junit.jupiter.engine.descriptor.TestMethodTestDescriptor$$Lambda$1072+0x00000008011f2730.invoke(Lorg/junit/jupiter/api/extension/Extension;Lorg/junit/jupiter/api/extension/ExtensionContext;)V+5
j  org.junit.jupiter.engine.descriptor.TestMethodTestDescriptor.lambda$invokeBeforeMethodsOrCallbacksUntilExceptionOccurs$6(Lorg/junit/jupiter/engine/descriptor/TestMethodTestDescriptor$CallbackInvoker;Lorg/junit/jupiter/api/extension/Extension;Lorg/junit/jupiter/api/extension/ExtensionContext;)V+3
j  org.junit.jupiter.engine.descriptor.TestMethodTestDescriptor$$Lambda$1073+0x00000008011f2948.execute()V+12
j  org.junit.platform.engine.support.hierarchical.ThrowableCollector.execute(Lorg/junit/platform/engine/support/hierarchical/ThrowableCollector$Executable;)V+1
j  org.junit.jupiter.engine.descriptor.TestMethodTestDescriptor.invokeBeforeMethodsOrCallbacksUntilExceptionOccurs(Ljava/lang/Class;Lorg/junit/jupiter/engine/execution/JupiterEngineExecutionContext;Lorg/junit/jupiter/engine/descriptor/TestMethodTestDescriptor$CallbackInvoker;)V+67
j  org.junit.jupiter.engine.descriptor.TestMethodTestDescriptor.invokeBeforeEachCallbacks(Lorg/junit/jupiter/engine/execution/JupiterEngineExecutionContext;)V+9
j  org.junit.jupiter.engine.descriptor.TestMethodTestDescriptor.execute(Lorg/junit/jupiter/engine/execution/JupiterEngineExecutionContext;Lorg/junit/platform/engine/support/hierarchical/Node$DynamicTestExecutor;)Lorg/junit/jupiter/engine/execution/JupiterEngineExecutionContext;+7
j  org.junit.jupiter.engine.descriptor.TestMethodTestDescriptor.execute(Lorg/junit/platform/engine/support/hierarchical/EngineExecutionContext;Lorg/junit/platform/engine/support/hierarchical/Node$DynamicTestExecutor;)Lorg/junit/platform/engine/support/hierarchical/EngineExecutionContext;+6
j  org.junit.platform.engine.support.hierarchical.NodeTestTask.lambda$executeRecursively$6()V+79
j  org.junit.platform.engine.support.hierarchical.NodeTestTask$$Lambda$263+0x0000000800c98ed8.execute()V+4
j  org.junit.platform.engine.support.hierarchical.ThrowableCollector.execute(Lorg/junit/platform/engine/support/hierarchical/ThrowableCollector$Executable;)V+1
j  org.junit.platform.engine.support.hierarchical.NodeTestTask.lambda$executeRecursively$8(Lorg/junit/platform/engine/support/hierarchical/EngineExecutionContext;)V+15
j  org.junit.platform.engine.support.hierarchical.NodeTestTask$$Lambda$262+0x0000000800c98cb8.invoke(Lorg/junit/platform/engine/support/hierarchical/EngineExecutionContext;)V+5
j  org.junit.platform.engine.support.hierarchical.Node.around(Lorg/junit/platform/engine/support/hierarchical/EngineExecutionContext;Lorg/junit/platform/engine/support/hierarchical/Node$Invocation;)V+2
j  org.junit.platform.engine.support.hierarchical.NodeTestTask.lambda$executeRecursively$9()V+14
j  org.junit.platform.engine.support.hierarchical.NodeTestTask$$Lambda$261+0x0000000800c988a0.execute()V+4
j  org.junit.platform.engine.support.hierarchical.ThrowableCollector.execute(Lorg/junit/platform/engine/support/hierarchical/ThrowableCollector$Executable;)V+1
j  org.junit.platform.engine.support.hierarchical.NodeTestTask.executeRecursively()V+31
j  org.junit.platform.engine.support.hierarchical.NodeTestTask.execute()V+55
j  org.junit.platform.engine.support.hierarchical.SameThreadHierarchicalTestExecutorService$$Lambda$267+0x0000000800c999c8.accept(Ljava/lang/Object;)V+4
j  java.util.ArrayList.forEach(Ljava/util/function/Consumer;)V+46 java.base@17.0.2
j  org.junit.platform.engine.support.hierarchical.SameThreadHierarchicalTestExecutorService.invokeAll(Ljava/util/List;)V+6
j  org.junit.platform.engine.support.hierarchical.NodeTestTask.lambda$executeRecursively$6()V+116
j  org.junit.platform.engine.support.hierarchical.NodeTestTask$$Lambda$263+0x0000000800c98ed8.execute()V+4
j  org.junit.platform.engine.support.hierarchical.ThrowableCollector.execute(Lorg/junit/platform/engine/support/hierarchical/ThrowableCollector$Executable;)V+1
j  org.junit.platform.engine.support.hierarchical.NodeTestTask.lambda$executeRecursively$8(Lorg/junit/platform/engine/support/hierarchical/EngineExecutionContext;)V+15
j  org.junit.platform.engine.support.hierarchical.NodeTestTask$$Lambda$262+0x0000000800c98cb8.invoke(Lorg/junit/platform/engine/support/hierarchical/EngineExecutionContext;)V+5
j  org.junit.platform.engine.support.hierarchical.Node.around(Lorg/junit/platform/engine/support/hierarchical/EngineExecutionContext;Lorg/junit/platform/engine/support/hierarchical/Node$Invocation;)V+2
j  org.junit.platform.engine.support.hierarchical.NodeTestTask.lambda$executeRecursively$9()V+14
j  org.junit.platform.engine.support.hierarchical.NodeTestTask$$Lambda$261+0x0000000800c988a0.execute()V+4
j  org.junit.platform.engine.support.hierarchical.ThrowableCollector.execute(Lorg/junit/platform/engine/support/hierarchical/ThrowableCollector$Executable;)V+1
j  org.junit.platform.engine.support.hierarchical.NodeTestTask.executeRecursively()V+31
j  org.junit.platform.engine.support.hierarchical.NodeTestTask.execute()V+55
j  org.junit.platform.engine.support.hierarchical.SameThreadHierarchicalTestExecutorService$$Lambda$267+0x0000000800c999c8.accept(Ljava/lang/Object;)V+4
j  java.util.ArrayList.forEach(Ljava/util/function/Consumer;)V+46 java.base@17.0.2
j  org.junit.platform.engine.support.hierarchical.SameThreadHierarchicalTestExecutorService.invokeAll(Ljava/util/List;)V+6
j  org.junit.platform.engine.support.hierarchical.NodeTestTask.lambda$executeRecursively$6()V+116
j  org.junit.platform.engine.support.hierarchical.NodeTestTask$$Lambda$263+0x0000000800c98ed8.execute()V+4
j  org.junit.platform.engine.support.hierarchical.ThrowableCollector.execute(Lorg/junit/platform/engine/support/hierarchical/ThrowableCollector$Executable;)V+1
j  org.junit.platform.engine.support.hierarchical.NodeTestTask.lambda$executeRecursively$8(Lorg/junit/platform/engine/support/hierarchical/EngineExecutionContext;)V+15
j  org.junit.platform.engine.support.hierarchical.NodeTestTask$$Lambda$262+0x0000000800c98cb8.invoke(Lorg/junit/platform/engine/support/hierarchical/EngineExecutionContext;)V+5
j  org.junit.platform.engine.support.hierarchical.Node.around(Lorg/junit/platform/engine/support/hierarchical/EngineExecutionContext;Lorg/junit/platform/engine/support/hierarchical/Node$Invocation;)V+2
j  org.junit.platform.engine.support.hierarchical.NodeTestTask.lambda$executeRecursively$9()V+14
j  org.junit.platform.engine.support.hierarchical.NodeTestTask$$Lambda$261+0x0000000800c988a0.execute()V+4
j  org.junit.platform.engine.support.hierarchical.ThrowableCollector.execute(Lorg/junit/platform/engine/support/hierarchical/ThrowableCollector$Executable;)V+1
j  org.junit.platform.engine.support.hierarchical.NodeTestTask.executeRecursively()V+31
j  org.junit.platform.engine.support.hierarchical.NodeTestTask.execute()V+55
j  org.junit.platform.engine.support.hierarchical.SameThreadHierarchicalTestExecutorService.submit(Lorg/junit/platform/engine/support/hierarchical/HierarchicalTestExecutorService$TestTask;)Ljava/util/concurrent/Future;+1
j  org.junit.platform.engine.support.hierarchical.HierarchicalTestExecutor.execute()Ljava/util/concurrent/Future;+74
j  org.junit.platform.engine.support.hierarchical.HierarchicalTestEngine.execute(Lorg/junit/platform/engine/ExecutionRequest;)V+31
j  org.junit.platform.launcher.core.EngineExecutionOrchestrator.execute(Lorg/junit/platform/engine/TestDescriptor;Lorg/junit/platform/engine/EngineExecutionListener;Lorg/junit/platform/engine/ConfigurationParameters;Lorg/junit/platform/engine/TestEngine;)V+24
j  org.junit.platform.launcher.core.EngineExecutionOrchestrator.execute(Lorg/junit/platform/launcher/core/LauncherDiscoveryResult;Lorg/junit/platform/engine/EngineExecutionListener;)V+86
j  org.junit.platform.launcher.core.EngineExecutionOrchestrator.lambda$execute$0(Lorg/junit/platform/launcher/core/InternalTestPlan;Lorg/junit/platform/launcher/core/LauncherDiscoveryResult;Lorg/junit/platform/launcher/TestExecutionListener;)V+18
j  org.junit.platform.launcher.core.EngineExecutionOrchestrator$$Lambda$209+0x0000000800c875d0.accept(Ljava/lang/Object;)V+16
j  org.junit.platform.launcher.core.EngineExecutionOrchestrator.withInterceptedStreams(Lorg/junit/platform/engine/ConfigurationParameters;Lorg/junit/platform/launcher/core/ListenerRegistry;Ljava/util/function/Consumer;)V+51
j  org.junit.platform.launcher.core.EngineExecutionOrchestrator.execute(Lorg/junit/platform/launcher/core/InternalTestPlan;[Lorg/junit/platform/launcher/TestExecutionListener;)V+35
j  org.junit.platform.launcher.core.DefaultLauncher.execute(Lorg/junit/platform/launcher/core/InternalTestPlan;[Lorg/junit/platform/launcher/TestExecutionListener;)V+6
j  org.junit.platform.launcher.core.DefaultLauncher.execute(Lorg/junit/platform/launcher/LauncherDiscoveryRequest;[Lorg/junit/platform/launcher/TestExecutionListener;)V+34
j  org.junit.platform.launcher.core.DefaultLauncherSession$DelegatingLauncher.execute(Lorg/junit/platform/launcher/LauncherDiscoveryRequest;[Lorg/junit/platform/launcher/TestExecutionListener;)V+6
j  org.junit.platform.launcher.core.SessionPerRequestLauncher.execute(Lorg/junit/platform/launcher/LauncherDiscoveryRequest;[Lorg/junit/platform/launcher/TestExecutionListener;)V+13
j  com.intellij.junit5.JUnit5IdeaTestRunner.startRunnerWithArgs([Ljava/lang/String;Ljava/lang/String;IZ)I+202
j  com.intellij.rt.junit.IdeaTestRunner$Repeater$1.execute(Z)I+17
j  com.intellij.rt.execution.junit.TestsRepeater.repeat(IZLcom/intellij/rt/execution/junit/TestsRepeater$TestRun;)I+7
j  com.intellij.rt.junit.IdeaTestRunner$Repeater.startRunnerWithArgs(Lcom/intellij/rt/junit/IdeaTestRunner;[Ljava/lang/String;Ljava/util/ArrayList;Ljava/lang/String;IZ)I+25
j  com.intellij.rt.junit.JUnitStarter.prepareStreamsAndStart([Ljava/lang/String;Ljava/lang/String;Ljava/util/ArrayList;Ljava/lang/String;)I+116
j  com.intellij.rt.junit.JUnitStarter.main([Ljava/lang/String;)V+97
v  ~StubRoutines::call_stub

---------------  P R O C E S S  ---------------

Threads class SMR info:
_java_thread_list=0x000002137a2759f0, length=16, elements={
0x0000021358bfa4c0, 0x0000021376685090, 0x0000021376685f00, 0x00000213766966b0,
0x0000021376697170, 0x000002137669ac40, 0x000002137669d270, 0x00000213766ab000,
0x00000213766b7140, 0x00000213766c0210, 0x000002137669d740, 0x000002137669f8f0,
0x000002137669e0e0, 0x000002137741edd0, 0x00000213766a0760, 0x000002137669e5b0
}

Java Threads: ( => current thread )
=>0x0000021358bfa4c0 JavaThread "main" [_thread_in_vm, id=12312, stack(0x000000cea3b00000,0x000000cea3c00000)]
  0x0000021376685090 JavaThread "Reference Handler" daemon [_thread_blocked, id=13348, stack(0x000000cea4200000,0x000000cea4300000)]
  0x0000021376685f00 JavaThread "Finalizer" daemon [_thread_blocked, id=5252, stack(0x000000cea4300000,0x000000cea4400000)]
  0x00000213766966b0 JavaThread "Signal Dispatcher" daemon [_thread_blocked, id=13156, stack(0x000000cea4400000,0x000000cea4500000)]
  0x0000021376697170 JavaThread "Attach Listener" daemon [_thread_blocked, id=12580, stack(0x000000cea4500000,0x000000cea4600000)]
  0x000002137669ac40 JavaThread "Service Thread" daemon [_thread_blocked, id=2704, stack(0x000000cea4600000,0x000000cea4700000)]
  0x000002137669d270 JavaThread "Monitor Deflation Thread" daemon [_thread_blocked, id=7656, stack(0x000000cea4700000,0x000000cea4800000)]
  0x00000213766ab000 JavaThread "C2 CompilerThread0" daemon [_thread_in_native, id=656, stack(0x000000cea4800000,0x000000cea4900000)]
  0x00000213766b7140 JavaThread "C1 CompilerThread0" daemon [_thread_blocked, id=7268, stack(0x000000cea4900000,0x000000cea4a00000)]
  0x00000213766c0210 JavaThread "Sweeper thread" daemon [_thread_blocked, id=5944, stack(0x000000cea4a00000,0x000000cea4b00000)]
  0x000002137669d740 JavaThread "Common-Cleaner" daemon [_thread_blocked, id=1652, stack(0x000000cea4b00000,0x000000cea4c00000)]
  0x000002137669f8f0 JavaThread "Monitor Ctrl-Break" daemon [_thread_in_native, id=12140, stack(0x000000cea4c00000,0x000000cea4d00000)]
  0x000002137669e0e0 JavaThread "Notification Thread" daemon [_thread_blocked, id=10176, stack(0x000000cea4d00000,0x000000cea4e00000)]
  0x000002137741edd0 JavaThread "C2 CompilerThread1" daemon [_thread_in_vm, id=1316, stack(0x000000cea4f00000,0x000000cea5000000)]
  0x00000213766a0760 JavaThread "HikariPool-1 housekeeper" daemon [_thread_blocked, id=8200, stack(0x000000cea5300000,0x000000cea5400000)]
  0x000002137669e5b0 JavaThread "HikariPool-1 connection adder" daemon [_thread_blocked, id=6544, stack(0x000000cea5400000,0x000000cea5500000)]

Other Threads:
  0x000002137667fbd0 VMThread "VM Thread" [stack: 0x000000cea4100000,0x000000cea4200000] [id=10148]
  0x0000021358c5c420 WatcherThread [stack: 0x000000cea4e00000,0x000000cea4f00000] [id=9984]
  0x0000021358c3b9c0 GCTaskThread "GC Thread#0" [stack: 0x000000cea3c00000,0x000000cea3d00000] [id=12644]
  0x0000021377b3c350 GCTaskThread "GC Thread#1" [stack: 0x000000cea5000000,0x000000cea5100000] [id=4188]
  0x0000021377b3c600 GCTaskThread "GC Thread#2" [stack: 0x000000cea5100000,0x000000cea5200000] [id=12280]
  0x000002137788d4c0 GCTaskThread "GC Thread#3" [stack: 0x000000cea5200000,0x000000cea5300000] [id=6668]
  0x0000021358c4c600 ConcurrentGCThread "G1 Main Marker" [stack: 0x000000cea3d00000,0x000000cea3e00000] [id=6244]
  0x0000021358c4d7b0 ConcurrentGCThread "G1 Conc#0" [stack: 0x000000cea3e00000,0x000000cea3f00000] [id=3740]
  0x0000021358cc5c80 ConcurrentGCThread "G1 Refine#0" [stack: 0x000000cea3f00000,0x000000cea4000000] [id=12320]
  0x0000021358cc66a0 ConcurrentGCThread "G1 Service" [stack: 0x000000cea4000000,0x000000cea4100000] [id=13536]

Threads with active compile tasks:
C2 CompilerThread0     9250 4308       4       org.springframework.core.annotation.AnnotationsScanner::isWithoutHierarchy (112 bytes)
C2 CompilerThread1     9251 4318       4       java.util.TreeMap::successor (66 bytes)

VM state: not at safepoint (normal execution)

VM Mutex/Monitor currently owned by a thread:  ([mutex/lock_event])
[0x0000021358bf6ae0] Metaspace_lock - owner thread: 0x0000021358bfa4c0

Heap address: 0x0000000081800000, size: 2024 MB, Compressed Oops mode: 32-bit

CDS archive(s) mapped at: [0x0000000800000000-0x0000000800bc0000-0x0000000800bc0000), size 12320768, SharedBaseAddress: 0x0000000800000000, ArchiveRelocationMode: 0.
Compressed class space mapped at: 0x0000000800c00000-0x0000000840c00000, reserved size: 1073741824
Narrow klass base: 0x0000000800000000, Narrow klass shift: 0, Narrow klass range: 0x100000000

GC Precious Log:
 CPUs: 4 total, 4 available
 Memory: 8089M
 Large Page Support: Disabled
 NUMA Support: Disabled
 Compressed Oops: Enabled (32-bit)
 Heap Region Size: 1M
 Heap Min Capacity: 8M
 Heap Initial Capacity: 128M
 Heap Max Capacity: 2024M
 Pre-touch: Disabled
 Parallel Workers: 4
 Concurrent Workers: 1
 Concurrent Refinement Workers: 4
 Periodic GC: Disabled

Heap:
 garbage-first heap   total 99328K, used 76686K [0x0000000081800000, 0x0000000100000000)
  region size 1024K, 58 young (59392K), 1 survivors (1024K)
 Metaspace       used 43988K, committed 44288K, reserved 1089536K
  class space    used 5910K, committed 6080K, reserved 1048576K

Heap Regions: E=young(eden), S=young(survivor), O=old, HS=humongous(starts), HC=humongous(continues), CS=collection set, F=free, OA=open archive, CA=closed archive, TAMS=top-at-mark-start (previous, next)
|   0|0x0000000081800000, 0x0000000081900000, 0x0000000081900000|100%|HS|  |TAMS 0x0000000081900000, 0x0000000081800000| Complete 
|   1|0x0000000081900000, 0x0000000081a00000, 0x0000000081a00000|100%| O|  |TAMS 0x0000000081a00000, 0x0000000081900000| Untracked 
|   2|0x0000000081a00000, 0x0000000081b00000, 0x0000000081b00000|100%| O|  |TAMS 0x0000000081b00000, 0x0000000081a00000| Untracked 
|   3|0x0000000081b00000, 0x0000000081c00000, 0x0000000081c00000|100%| O|  |TAMS 0x0000000081c00000, 0x0000000081b00000| Untracked 
|   4|0x0000000081c00000, 0x0000000081d00000, 0x0000000081d00000|100%| O|  |TAMS 0x0000000081d00000, 0x0000000081c00000| Untracked 
|   5|0x0000000081d00000, 0x0000000081e00000, 0x0000000081e00000|100%| O|  |TAMS 0x0000000081e00000, 0x0000000081d00000| Untracked 
|   6|0x0000000081e00000, 0x0000000081f00000, 0x0000000081f00000|100%| O|  |TAMS 0x0000000081f00000, 0x0000000081e00000| Untracked 
|   7|0x0000000081f00000, 0x0000000082000000, 0x0000000082000000|100%| O|  |TAMS 0x0000000082000000, 0x0000000081f00000| Untracked 
|   8|0x0000000082000000, 0x0000000082100000, 0x0000000082100000|100%| O|  |TAMS 0x0000000082100000, 0x0000000082000000| Untracked 
|   9|0x0000000082100000, 0x0000000082200000, 0x0000000082200000|100%| O|  |TAMS 0x0000000082200000, 0x0000000082100000| Untracked 
|  10|0x0000000082200000, 0x0000000082300000, 0x0000000082300000|100%| O|  |TAMS 0x0000000082300000, 0x0000000082200000| Untracked 
|  11|0x0000000082300000, 0x0000000082400000, 0x0000000082400000|100%| O|  |TAMS 0x0000000082400000, 0x0000000082300000| Untracked 
|  12|0x0000000082400000, 0x0000000082500000, 0x0000000082500000|100%| O|  |TAMS 0x0000000082500000, 0x0000000082400000| Untracked 
|  13|0x0000000082500000, 0x0000000082600000, 0x0000000082600000|100%| O|  |TAMS 0x0000000082600000, 0x0000000082500000| Untracked 
|  14|0x0000000082600000, 0x0000000082700000, 0x0000000082700000|100%| O|  |TAMS 0x0000000082700000, 0x0000000082600000| Untracked 
|  15|0x0000000082700000, 0x0000000082700000, 0x0000000082800000|  0%| F|  |TAMS 0x0000000082700000, 0x0000000082700000| Untracked 
|  16|0x0000000082800000, 0x0000000082900000, 0x0000000082900000|100%| O|  |TAMS 0x0000000082879e00, 0x0000000082800000| Untracked 
|  17|0x0000000082900000, 0x0000000082a00000, 0x0000000082a00000|100%| O|  |TAMS 0x0000000082900000, 0x0000000082900000| Untracked 
|  18|0x0000000082a00000, 0x0000000082b00000, 0x0000000082b00000|100%| O|  |TAMS 0x0000000082a00000, 0x0000000082a00000| Untracked 
|  19|0x0000000082b00000, 0x0000000082b7a000, 0x0000000082c00000| 47%| O|  |TAMS 0x0000000082b00000, 0x0000000082b00000| Untracked 
|  20|0x0000000082c00000, 0x0000000082c00000, 0x0000000082d00000|  0%| F|  |TAMS 0x0000000082c00000, 0x0000000082c00000| Untracked 
|  21|0x0000000082d00000, 0x0000000082d00000, 0x0000000082e00000|  0%| F|  |TAMS 0x0000000082d00000, 0x0000000082d00000| Untracked 
|  22|0x0000000082e00000, 0x0000000082e00000, 0x0000000082f00000|  0%| F|  |TAMS 0x0000000082e00000, 0x0000000082e00000| Untracked 
|  23|0x0000000082f00000, 0x0000000082f00000, 0x0000000083000000|  0%| F|  |TAMS 0x0000000082f00000, 0x0000000082f00000| Untracked 
|  24|0x0000000083000000, 0x0000000083000000, 0x0000000083100000|  0%| F|  |TAMS 0x0000000083000000, 0x0000000083000000| Untracked 
|  25|0x0000000083100000, 0x0000000083100000, 0x0000000083200000|  0%| F|  |TAMS 0x0000000083100000, 0x0000000083100000| Untracked 
|  26|0x0000000083200000, 0x0000000083200000, 0x0000000083300000|  0%| F|  |TAMS 0x0000000083200000, 0x0000000083200000| Untracked 
|  27|0x0000000083300000, 0x0000000083300000, 0x0000000083400000|  0%| F|  |TAMS 0x0000000083300000, 0x0000000083300000| Untracked 
|  28|0x0000000083400000, 0x0000000083400000, 0x0000000083500000|  0%| F|  |TAMS 0x0000000083400000, 0x0000000083400000| Untracked 
|  29|0x0000000083500000, 0x0000000083500000, 0x0000000083600000|  0%| F|  |TAMS 0x0000000083500000, 0x0000000083500000| Untracked 
|  30|0x0000000083600000, 0x0000000083600000, 0x0000000083700000|  0%| F|  |TAMS 0x0000000083600000, 0x0000000083600000| Untracked 
|  31|0x0000000083700000, 0x0000000083700000, 0x0000000083800000|  0%| F|  |TAMS 0x0000000083700000, 0x0000000083700000| Untracked 
|  32|0x0000000083800000, 0x0000000083800000, 0x0000000083900000|  0%| F|  |TAMS 0x0000000083800000, 0x0000000083800000| Untracked 
|  33|0x0000000083900000, 0x0000000083900000, 0x0000000083a00000|  0%| F|  |TAMS 0x0000000083900000, 0x0000000083900000| Untracked 
|  34|0x0000000083a00000, 0x0000000083a00000, 0x0000000083b00000|  0%| F|  |TAMS 0x0000000083a00000, 0x0000000083a00000| Untracked 
|  35|0x0000000083b00000, 0x0000000083b00000, 0x0000000083c00000|  0%| F|  |TAMS 0x0000000083b00000, 0x0000000083b00000| Untracked 
|  36|0x0000000083c00000, 0x0000000083c00000, 0x0000000083d00000|  0%| F|  |TAMS 0x0000000083c00000, 0x0000000083c00000| Untracked 
|  37|0x0000000083d00000, 0x0000000083d00000, 0x0000000083e00000|  0%| F|  |TAMS 0x0000000083d00000, 0x0000000083d00000| Untracked 
|  38|0x0000000083e00000, 0x0000000083e00000, 0x0000000083f00000|  0%| F|  |TAMS 0x0000000083e00000, 0x0000000083e00000| Untracked 
|  39|0x0000000083f00000, 0x0000000083f80800, 0x0000000084000000| 50%| E|  |TAMS 0x0000000083f00000, 0x0000000083f00000| Complete 
|  40|0x0000000084000000, 0x0000000084100000, 0x0000000084100000|100%| E|CS|TAMS 0x0000000084000000, 0x0000000084000000| Complete 
|  41|0x0000000084100000, 0x0000000084200000, 0x0000000084200000|100%| E|CS|TAMS 0x0000000084100000, 0x0000000084100000| Complete 
|  42|0x0000000084200000, 0x0000000084300000, 0x0000000084300000|100%| E|CS|TAMS 0x0000000084200000, 0x0000000084200000| Complete 
|  43|0x0000000084300000, 0x0000000084400000, 0x0000000084400000|100%| E|CS|TAMS 0x0000000084300000, 0x0000000084300000| Complete 
|  44|0x0000000084400000, 0x0000000084500000, 0x0000000084500000|100%| E|CS|TAMS 0x0000000084400000, 0x0000000084400000| Complete 
|  45|0x0000000084500000, 0x0000000084600000, 0x0000000084600000|100%| E|CS|TAMS 0x0000000084500000, 0x0000000084500000| Complete 
|  46|0x0000000084600000, 0x0000000084700000, 0x0000000084700000|100%| E|CS|TAMS 0x0000000084600000, 0x0000000084600000| Complete 
|  47|0x0000000084700000, 0x0000000084800000, 0x0000000084800000|100%| E|CS|TAMS 0x0000000084700000, 0x0000000084700000| Complete 
|  48|0x0000000084800000, 0x0000000084900000, 0x0000000084900000|100%| E|CS|TAMS 0x0000000084800000, 0x0000000084800000| Complete 
|  49|0x0000000084900000, 0x0000000084a00000, 0x0000000084a00000|100%| E|CS|TAMS 0x0000000084900000, 0x0000000084900000| Complete 
|  50|0x0000000084a00000, 0x0000000084b00000, 0x0000000084b00000|100%| E|CS|TAMS 0x0000000084a00000, 0x0000000084a00000| Complete 
|  51|0x0000000084b00000, 0x0000000084c00000, 0x0000000084c00000|100%| E|CS|TAMS 0x0000000084b00000, 0x0000000084b00000| Complete 
|  52|0x0000000084c00000, 0x0000000084d00000, 0x0000000084d00000|100%| E|CS|TAMS 0x0000000084c00000, 0x0000000084c00000| Complete 
|  53|0x0000000084d00000, 0x0000000084e00000, 0x0000000084e00000|100%| E|CS|TAMS 0x0000000084d00000, 0x0000000084d00000| Complete 
|  54|0x0000000084e00000, 0x0000000084f00000, 0x0000000084f00000|100%| E|CS|TAMS 0x0000000084e00000, 0x0000000084e00000| Complete 
|  55|0x0000000084f00000, 0x0000000085000000, 0x0000000085000000|100%| E|CS|TAMS 0x0000000084f00000, 0x0000000084f00000| Complete 
|  56|0x0000000085000000, 0x0000000085100000, 0x0000000085100000|100%| E|CS|TAMS 0x0000000085000000, 0x0000000085000000| Complete 
|  57|0x0000000085100000, 0x0000000085200000, 0x0000000085200000|100%| E|CS|TAMS 0x0000000085100000, 0x0000000085100000| Complete 
|  58|0x0000000085200000, 0x0000000085300000, 0x0000000085300000|100%| E|CS|TAMS 0x0000000085200000, 0x0000000085200000| Complete 
|  59|0x0000000085300000, 0x0000000085400000, 0x0000000085400000|100%| E|CS|TAMS 0x0000000085300000, 0x0000000085300000| Complete 
|  60|0x0000000085400000, 0x0000000085500000, 0x0000000085500000|100%| E|CS|TAMS 0x0000000085400000, 0x0000000085400000| Complete 
|  61|0x0000000085500000, 0x0000000085600000, 0x0000000085600000|100%| E|CS|TAMS 0x0000000085500000, 0x0000000085500000| Complete 
|  62|0x0000000085600000, 0x0000000085700000, 0x0000000085700000|100%| E|CS|TAMS 0x0000000085600000, 0x0000000085600000| Complete 
|  63|0x0000000085700000, 0x0000000085800000, 0x0000000085800000|100%| E|CS|TAMS 0x0000000085700000, 0x0000000085700000| Complete 
|  64|0x0000000085800000, 0x0000000085900000, 0x0000000085900000|100%| E|CS|TAMS 0x0000000085800000, 0x0000000085800000| Complete 
|  65|0x0000000085900000, 0x0000000085a00000, 0x0000000085a00000|100%| E|CS|TAMS 0x0000000085900000, 0x0000000085900000| Complete 
|  66|0x0000000085a00000, 0x0000000085b00000, 0x0000000085b00000|100%| E|CS|TAMS 0x0000000085a00000, 0x0000000085a00000| Complete 
|  67|0x0000000085b00000, 0x0000000085c00000, 0x0000000085c00000|100%| E|CS|TAMS 0x0000000085b00000, 0x0000000085b00000| Complete 
|  68|0x0000000085c00000, 0x0000000085d00000, 0x0000000085d00000|100%| E|CS|TAMS 0x0000000085c00000, 0x0000000085c00000| Complete 
|  69|0x0000000085d00000, 0x0000000085d69980, 0x0000000085e00000| 41%| S|CS|TAMS 0x0000000085d00000, 0x0000000085d00000| Complete 
|  70|0x0000000085e00000, 0x0000000085f00000, 0x0000000085f00000|100%| E|CS|TAMS 0x0000000085e00000, 0x0000000085e00000| Complete 
|  71|0x0000000085f00000, 0x0000000086000000, 0x0000000086000000|100%| E|CS|TAMS 0x0000000085f00000, 0x0000000085f00000| Complete 
|  72|0x0000000086000000, 0x0000000086100000, 0x0000000086100000|100%| E|CS|TAMS 0x0000000086000000, 0x0000000086000000| Complete 
|  73|0x0000000086100000, 0x0000000086200000, 0x0000000086200000|100%| E|CS|TAMS 0x0000000086100000, 0x0000000086100000| Complete 
|  74|0x0000000086200000, 0x0000000086300000, 0x0000000086300000|100%| E|CS|TAMS 0x0000000086200000, 0x0000000086200000| Complete 
|  75|0x0000000086300000, 0x0000000086400000, 0x0000000086400000|100%| E|CS|TAMS 0x0000000086300000, 0x0000000086300000| Complete 
|  76|0x0000000086400000, 0x0000000086500000, 0x0000000086500000|100%| E|CS|TAMS 0x0000000086400000, 0x0000000086400000| Complete 
|  77|0x0000000086500000, 0x0000000086600000, 0x0000000086600000|100%| E|CS|TAMS 0x0000000086500000, 0x0000000086500000| Complete 
|  78|0x0000000086600000, 0x0000000086700000, 0x0000000086700000|100%| E|CS|TAMS 0x0000000086600000, 0x0000000086600000| Complete 
|  79|0x0000000086700000, 0x0000000086800000, 0x0000000086800000|100%| E|CS|TAMS 0x0000000086700000, 0x0000000086700000| Complete 
|  80|0x0000000086800000, 0x0000000086900000, 0x0000000086900000|100%| E|CS|TAMS 0x0000000086800000, 0x0000000086800000| Complete 
|  81|0x0000000086900000, 0x0000000086a00000, 0x0000000086a00000|100%| E|CS|TAMS 0x0000000086900000, 0x0000000086900000| Complete 
|  82|0x0000000086a00000, 0x0000000086b00000, 0x0000000086b00000|100%| E|CS|TAMS 0x0000000086a00000, 0x0000000086a00000| Complete 
|  83|0x0000000086b00000, 0x0000000086c00000, 0x0000000086c00000|100%| E|CS|TAMS 0x0000000086b00000, 0x0000000086b00000| Complete 
|  84|0x0000000086c00000, 0x0000000086d00000, 0x0000000086d00000|100%| E|CS|TAMS 0x0000000086c00000, 0x0000000086c00000| Complete 
|  85|0x0000000086d00000, 0x0000000086e00000, 0x0000000086e00000|100%| E|CS|TAMS 0x0000000086d00000, 0x0000000086d00000| Complete 
|  86|0x0000000086e00000, 0x0000000086f00000, 0x0000000086f00000|100%| E|CS|TAMS 0x0000000086e00000, 0x0000000086e00000| Complete 
|  87|0x0000000086f00000, 0x0000000087000000, 0x0000000087000000|100%| E|CS|TAMS 0x0000000086f00000, 0x0000000086f00000| Complete 
|  88|0x0000000087000000, 0x0000000087100000, 0x0000000087100000|100%| E|CS|TAMS 0x0000000087000000, 0x0000000087000000| Complete 
|  89|0x0000000087100000, 0x0000000087200000, 0x0000000087200000|100%| E|CS|TAMS 0x0000000087100000, 0x0000000087100000| Complete 
|  90|0x0000000087200000, 0x0000000087300000, 0x0000000087300000|100%| E|CS|TAMS 0x0000000087200000, 0x0000000087200000| Complete 
|  91|0x0000000087300000, 0x0000000087400000, 0x0000000087400000|100%| E|CS|TAMS 0x0000000087300000, 0x0000000087300000| Complete 
|  92|0x0000000087400000, 0x0000000087500000, 0x0000000087500000|100%| E|CS|TAMS 0x0000000087400000, 0x0000000087400000| Complete 
|  93|0x0000000087500000, 0x0000000087600000, 0x0000000087600000|100%| E|CS|TAMS 0x0000000087500000, 0x0000000087500000| Complete 
|  94|0x0000000087600000, 0x0000000087700000, 0x0000000087700000|100%| E|CS|TAMS 0x0000000087600000, 0x0000000087600000| Complete 
|  95|0x0000000087700000, 0x0000000087800000, 0x0000000087800000|100%| E|CS|TAMS 0x0000000087700000, 0x0000000087700000| Complete 
| 127|0x0000000089700000, 0x0000000089800000, 0x0000000089800000|100%| E|CS|TAMS 0x0000000089700000, 0x0000000089700000| Complete 

Card table byte_map: [0x000002136fad0000,0x000002136fed0000] _byte_map_base: 0x000002136f6c4000

Marking Bits (Prev, Next): (CMBitMap*) 0x0000021358c3bfd0, (CMBitMap*) 0x0000021358c3c010
 Prev Bits: [0x00000213702d0000, 0x0000021372270000)
 Next Bits: [0x0000021372270000, 0x0000021374210000)

Polling page: 0x0000021356ab0000

Metaspace:

Usage:
  Non-class:     37.19 MB used.
      Class:      5.77 MB used.
       Both:     42.96 MB used.

Virtual space:
  Non-class space:       40.00 MB reserved,      37.31 MB ( 93%) committed,  5 nodes.
      Class space:        1.00 GB reserved,       5.94 MB ( <1%) committed,  1 nodes.
             Both:        1.04 GB reserved,      43.25 MB (  4%) committed. 

Chunk freelists:
   Non-Class:  2.05 MB
       Class:  2.01 MB
        Both:  4.06 MB

MaxMetaspaceSize: unlimited
CompressedClassSpaceSize: 1.00 GB
Initial GC threshold: 21.00 MB
Current GC threshold: 58.88 MB
CDS: on
MetaspaceReclaimPolicy: balanced
 - commit_granule_bytes: 65536.
 - commit_granule_words: 8192.
 - virtual_space_node_default_size: 1048576.
 - enlarge_chunks_in_place: 1.
 - new_chunks_are_fully_committed: 0.
 - uncommit_free_chunks: 1.
 - use_allocation_guard: 0.
 - handle_deallocations: 1.


Internal statistics:

num_allocs_failed_limit: 6.
num_arena_births: 398.
num_arena_deaths: 0.
num_vsnodes_births: 6.
num_vsnodes_deaths: 0.
num_space_committed: 692.
num_space_uncommitted: 0.
num_chunks_returned_to_freelist: 6.
num_chunks_taken_from_freelist: 2023.
num_chunk_merges: 6.
num_chunk_splits: 1414.
num_chunks_enlarged: 1103.
num_purges: 0.
num_inconsistent_stats: 0.

CodeHeap 'non-profiled nmethods': size=120000Kb used=2803Kb max_used=2803Kb free=117196Kb
 bounds [0x00000213681a0000, 0x0000021368460000, 0x000002136f6d0000]
CodeHeap 'profiled nmethods': size=120000Kb used=9769Kb max_used=9769Kb free=110230Kb
 bounds [0x0000021360c70000, 0x0000021361600000, 0x00000213681a0000]
CodeHeap 'non-nmethods': size=5760Kb used=1248Kb max_used=1343Kb free=4511Kb
 bounds [0x00000213606d0000, 0x0000021360940000, 0x0000021360c70000]
 total_blobs=4874 nmethods=4310 adapters=476
 compilation: enabled
              stopped_count=0, restarted_count=0
 full_count=0

Compilation events (20 events):
Event: 9.102 Thread 0x00000213766b7140 4325       2       jdk.internal.math.FDBigInteger::mult (64 bytes)
Event: 9.103 Thread 0x00000213766b7140 nmethod 4325 0x00000213615f6890 code [0x00000213615f6a40, 0x00000213615f6c78]
Event: 9.103 Thread 0x00000213766b7140 4326       2       jdk.internal.math.FDBigInteger::<init> (30 bytes)
Event: 9.103 Thread 0x00000213766b7140 nmethod 4326 0x00000213615f6e90 code [0x00000213615f7040, 0x00000213615f71c8]
Event: 9.103 Thread 0x00000213766b7140 4327       2       jdk.internal.math.FDBigInteger::trimLeadingZeros (57 bytes)
Event: 9.104 Thread 0x00000213766b7140 nmethod 4327 0x00000213615f7290 code [0x00000213615f7420, 0x00000213615f75f8]
Event: 9.133 Thread 0x00000213766b7140 4328   !   2       jdk.proxy2.$Proxy5::annotationType (29 bytes)
Event: 9.134 Thread 0x00000213766b7140 nmethod 4328 0x00000213615f7710 code [0x00000213615f78c0, 0x00000213615f7b38]
Event: 9.138 Thread 0x00000213766b7140 4329       2       java.util.AbstractList::listIterator (15 bytes)
Event: 9.138 Thread 0x00000213766b7140 nmethod 4329 0x00000213615f7c90 code [0x00000213615f7e60, 0x00000213615f81e8]
Event: 9.138 Thread 0x00000213766b7140 4331       2       org.springframework.core.annotation.AnnotationTypeMapping::access$100 (4 bytes)
Event: 9.139 Thread 0x00000213766b7140 nmethod 4331 0x00000213615f8390 code [0x00000213615f8520, 0x00000213615f8618]
Event: 9.139 Thread 0x00000213766b7140 4330       2       java.util.AbstractList::rangeCheckForAdd (26 bytes)
Event: 9.139 Thread 0x00000213766b7140 nmethod 4330 0x00000213615f8690 code [0x00000213615f88a0, 0x00000213615f8c28]
Event: 9.142 Thread 0x00000213766b7140 4332       2       java.util.regex.Pattern$CharPropertyGreedy::match (160 bytes)
Event: 9.142 Thread 0x00000213766b7140 nmethod 4332 0x00000213615f8e90 code [0x00000213615f9080, 0x00000213615f94c8]
Event: 9.154 Thread 0x00000213766b7140 4334       2       java.util.Arrays::copyOfRange (90 bytes)
Event: 9.154 Thread 0x00000213766b7140 nmethod 4334 0x00000213615f9710 code [0x00000213615f9940, 0x00000213615f9fb8]
Event: 9.182 Thread 0x00000213766b7140 4337       2       java.util.LinkedHashMap::get (29 bytes)
Event: 9.182 Thread 0x00000213766b7140 nmethod 4337 0x00000213615fa290 code [0x00000213615fa440, 0x00000213615fa5f8]

GC Heap History (20 events):
Event: 1.722 GC heap before
{Heap before GC invocations=1 (full 0):
 garbage-first heap   total 131072K, used 18536K [0x0000000081800000, 0x0000000100000000)
  region size 1024K, 14 young (14336K), 2 survivors (2048K)
 Metaspace       used 6123K, committed 6336K, reserved 1056768K
  class space    used 748K, committed 832K, reserved 1048576K
}
Event: 1.729 GC heap after
{Heap after GC invocations=2 (full 0):
 garbage-first heap   total 131072K, used 8058K [0x0000000081800000, 0x0000000100000000)
  region size 1024K, 2 young (2048K), 2 survivors (2048K)
 Metaspace       used 6123K, committed 6336K, reserved 1056768K
  class space    used 748K, committed 832K, reserved 1048576K
}
Event: 2.672 GC heap before
{Heap before GC invocations=2 (full 0):
 garbage-first heap   total 131072K, used 31610K [0x0000000081800000, 0x0000000100000000)
  region size 1024K, 25 young (25600K), 2 survivors (2048K)
 Metaspace       used 11313K, committed 11520K, reserved 1064960K
  class space    used 1462K, committed 1536K, reserved 1048576K
}
Event: 2.679 GC heap after
{Heap after GC invocations=3 (full 0):
 garbage-first heap   total 131072K, used 9671K [0x0000000081800000, 0x0000000100000000)
  region size 1024K, 4 young (4096K), 4 survivors (4096K)
 Metaspace       used 11313K, committed 11520K, reserved 1064960K
  class space    used 1462K, committed 1536K, reserved 1048576K
}
Event: 4.226 GC heap before
{Heap before GC invocations=3 (full 0):
 garbage-first heap   total 131072K, used 63943K [0x0000000081800000, 0x0000000100000000)
  region size 1024K, 58 young (59392K), 4 survivors (4096K)
 Metaspace       used 21298K, committed 21504K, reserved 1073152K
  class space    used 2710K, committed 2816K, reserved 1048576K
}
Event: 4.238 GC heap after
{Heap after GC invocations=4 (full 0):
 garbage-first heap   total 131072K, used 12515K [0x0000000081800000, 0x0000000100000000)
  region size 1024K, 7 young (7168K), 7 survivors (7168K)
 Metaspace       used 21298K, committed 21504K, reserved 1073152K
  class space    used 2710K, committed 2816K, reserved 1048576K
}
Event: 5.258 GC heap before
{Heap before GC invocations=5 (full 0):
 garbage-first heap   total 51200K, used 36067K [0x0000000081800000, 0x0000000100000000)
  region size 1024K, 30 young (30720K), 7 survivors (7168K)
 Metaspace       used 25071K, committed 25408K, reserved 1073152K
  class space    used 3255K, committed 3392K, reserved 1048576K
}
Event: 5.280 GC heap after
{Heap after GC invocations=6 (full 0):
 garbage-first heap   total 51200K, used 15180K [0x0000000081800000, 0x0000000100000000)
  region size 1024K, 3 young (3072K), 3 survivors (3072K)
 Metaspace       used 25071K, committed 25408K, reserved 1073152K
  class space    used 3255K, committed 3392K, reserved 1048576K
}
Event: 5.301 GC heap before
{Heap before GC invocations=6 (full 0):
 garbage-first heap   total 51200K, used 16204K [0x0000000081800000, 0x0000000100000000)
  region size 1024K, 4 young (4096K), 3 survivors (3072K)
 Metaspace       used 25094K, committed 25408K, reserved 1073152K
  class space    used 3256K, committed 3392K, reserved 1048576K
}
Event: 5.310 GC heap after
{Heap after GC invocations=7 (full 0):
 garbage-first heap   total 51200K, used 15368K [0x0000000081800000, 0x0000000100000000)
  region size 1024K, 1 young (1024K), 1 survivors (1024K)
 Metaspace       used 25094K, committed 25408K, reserved 1073152K
  class space    used 3256K, committed 3392K, reserved 1048576K
}
Event: 5.901 GC heap before
{Heap before GC invocations=7 (full 0):
 garbage-first heap   total 51200K, used 34824K [0x0000000081800000, 0x0000000100000000)
  region size 1024K, 21 young (21504K), 1 survivors (1024K)
 Metaspace       used 30154K, committed 30464K, reserved 1081344K
  class space    used 3829K, committed 3968K, reserved 1048576K
}
Event: 5.908 GC heap after
{Heap after GC invocations=8 (full 0):
 garbage-first heap   total 51200K, used 16674K [0x0000000081800000, 0x0000000100000000)
  region size 1024K, 2 young (2048K), 2 survivors (2048K)
 Metaspace       used 30154K, committed 30464K, reserved 1081344K
  class space    used 3829K, committed 3968K, reserved 1048576K
}
Event: 6.734 GC heap before
{Heap before GC invocations=8 (full 0):
 garbage-first heap   total 51200K, used 37154K [0x0000000081800000, 0x0000000100000000)
  region size 1024K, 22 young (22528K), 2 survivors (2048K)
 Metaspace       used 35245K, committed 35520K, reserved 1081344K
  class space    used 4672K, committed 4800K, reserved 1048576K
}
Event: 6.741 GC heap after
{Heap after GC invocations=9 (full 0):
 garbage-first heap   total 51200K, used 17892K [0x0000000081800000, 0x0000000100000000)
  region size 1024K, 1 young (1024K), 1 survivors (1024K)
 Metaspace       used 35245K, committed 35520K, reserved 1081344K
  class space    used 4672K, committed 4800K, reserved 1048576K
}
Event: 6.792 GC heap before
{Heap before GC invocations=9 (full 0):
 garbage-first heap   total 51200K, used 18916K [0x0000000081800000, 0x0000000100000000)
  region size 1024K, 3 young (3072K), 1 survivors (1024K)
 Metaspace       used 35705K, committed 35968K, reserved 1081344K
  class space    used 4784K, committed 4928K, reserved 1048576K
}
Event: 6.796 GC heap after
{Heap after GC invocations=10 (full 0):
 garbage-first heap   total 51200K, used 17850K [0x0000000081800000, 0x0000000100000000)
  region size 1024K, 1 young (1024K), 1 survivors (1024K)
 Metaspace       used 35705K, committed 35968K, reserved 1081344K
  class space    used 4784K, committed 4928K, reserved 1048576K
}
Event: 7.508 GC heap before
{Heap before GC invocations=11 (full 0):
 garbage-first heap   total 51200K, used 39354K [0x0000000081800000, 0x0000000100000000)
  region size 1024K, 22 young (22528K), 1 survivors (1024K)
 Metaspace       used 40214K, committed 40576K, reserved 1089536K
  class space    used 5384K, committed 5568K, reserved 1048576K
}
Event: 7.516 GC heap after
{Heap after GC invocations=12 (full 0):
 garbage-first heap   total 51200K, used 19561K [0x0000000081800000, 0x0000000100000000)
  region size 1024K, 3 young (3072K), 3 survivors (3072K)
 Metaspace       used 40214K, committed 40576K, reserved 1089536K
  class space    used 5384K, committed 5568K, reserved 1048576K
}
Event: 7.538 GC heap before
{Heap before GC invocations=12 (full 0):
 garbage-first heap   total 51200K, used 20585K [0x0000000081800000, 0x0000000100000000)
  region size 1024K, 4 young (4096K), 3 survivors (3072K)
 Metaspace       used 40254K, committed 40640K, reserved 1089536K
  class space    used 5388K, committed 5568K, reserved 1048576K
}
Event: 7.548 GC heap after
{Heap after GC invocations=13 (full 0):
 garbage-first heap   total 99328K, used 19342K [0x0000000081800000, 0x0000000100000000)
  region size 1024K, 1 young (1024K), 1 survivors (1024K)
 Metaspace       used 40254K, committed 40640K, reserved 1089536K
  class space    used 5388K, committed 5568K, reserved 1048576K
}

Deoptimization events (20 events):
Event: 8.768 Thread 0x0000021358bfa4c0 Uncommon trap: trap_request=0xffffff45 fr.pc=0x000002136824b01c relative=0x000000000000133c
Event: 8.768 Thread 0x0000021358bfa4c0 Uncommon trap: reason=unstable_if action=reinterpret pc=0x000002136824b01c method=java.util.concurrent.ConcurrentHashMap.transfer([Ljava/util/concurrent/ConcurrentHashMap$Node;[Ljava/util/concurrent/ConcurrentHashMap$Node;)V @ 352 c2
Event: 8.768 Thread 0x0000021358bfa4c0 DEOPT PACKING pc=0x000002136824b01c sp=0x000000cea3bfa330
Event: 8.768 Thread 0x0000021358bfa4c0 DEOPT UNPACKING pc=0x00000213607223a3 sp=0x000000cea3bfa2b8 mode 2
Event: 8.931 Thread 0x0000021358bfa4c0 Uncommon trap: trap_request=0xfffffff4 fr.pc=0x00000213682e1f64 relative=0x0000000000000244
Event: 8.931 Thread 0x0000021358bfa4c0 Uncommon trap: reason=null_check action=make_not_entrant pc=0x00000213682e1f64 method=org.springframework.util.ClassUtils.isAssignable(Ljava/lang/Class;Ljava/lang/Class;)Z @ 14 c2
Event: 8.931 Thread 0x0000021358bfa4c0 DEOPT PACKING pc=0x00000213682e1f64 sp=0x000000cea3bfbff0
Event: 8.931 Thread 0x0000021358bfa4c0 DEOPT UNPACKING pc=0x00000213607223a3 sp=0x000000cea3bfbf80 mode 2
Event: 8.968 Thread 0x0000021358bfa4c0 Uncommon trap: trap_request=0xffffff45 fr.pc=0x000002136840f1bc relative=0x000000000000107c
Event: 8.968 Thread 0x0000021358bfa4c0 Uncommon trap: reason=unstable_if action=reinterpret pc=0x000002136840f1bc method=java.lang.Class.getTypeName()Ljava/lang/String; @ 23 c2
Event: 8.968 Thread 0x0000021358bfa4c0 DEOPT PACKING pc=0x000002136840f1bc sp=0x000000cea3bfb850
Event: 8.968 Thread 0x0000021358bfa4c0 DEOPT UNPACKING pc=0x00000213607223a3 sp=0x000000cea3bfb838 mode 2
Event: 9.095 Thread 0x0000021358bfa4c0 Uncommon trap: trap_request=0xffffff45 fr.pc=0x0000021368265a60 relative=0x0000000000000060
Event: 9.095 Thread 0x0000021358bfa4c0 Uncommon trap: reason=unstable_if action=reinterpret pc=0x0000021368265a60 method=org.springframework.util.ConcurrentReferenceHashMap$Segment.clear()V @ 7 c2
Event: 9.095 Thread 0x0000021358bfa4c0 DEOPT PACKING pc=0x0000021368265a60 sp=0x000000cea3bfc660
Event: 9.095 Thread 0x0000021358bfa4c0 DEOPT UNPACKING pc=0x00000213607223a3 sp=0x000000cea3bfc5f0 mode 2
Event: 9.136 Thread 0x0000021358bfa4c0 Uncommon trap: trap_request=0xffffff45 fr.pc=0x000002136827b57c relative=0x00000000000004bc
Event: 9.136 Thread 0x0000021358bfa4c0 Uncommon trap: reason=unstable_if action=reinterpret pc=0x000002136827b57c method=java.util.LinkedHashMap.get(Ljava/lang/Object;)Ljava/lang/Object; @ 16 c2
Event: 9.136 Thread 0x0000021358bfa4c0 DEOPT PACKING pc=0x000002136827b57c sp=0x000000cea3bfcc80
Event: 9.136 Thread 0x0000021358bfa4c0 DEOPT UNPACKING pc=0x00000213607223a3 sp=0x000000cea3bfcc38 mode 2

Classes unloaded (0 events):
No events

Classes redefined (0 events):
No events

Internal exceptions (20 events):
Event: 9.061 Thread 0x0000021358bfa4c0 Exception <a 'java/lang/ClassNotFoundException'{0x00000000843f6a98}: javax/servlet/FilterCustomizer> (0x00000000843f6a98) 
thrown [c:\jenkins\workspace\zulu17-build-win64\zulu-src.git\src\hotspot\share\classfile\systemDictionary.cpp, line 256]
Event: 9.061 Thread 0x0000021358bfa4c0 Exception <a 'java/lang/ClassNotFoundException'{0x00000000843fd140}: org/springframework/core/OrderedCustomizer> (0x00000000843fd140) 
thrown [c:\jenkins\workspace\zulu17-build-win64\zulu-src.git\src\hotspot\share\classfile\systemDictionary.cpp, line 256]
Event: 9.062 Thread 0x0000021358bfa4c0 Exception <a 'java/lang/ClassNotFoundException'{0x00000000842030e0}: javax/servlet/FilterCustomizer> (0x00000000842030e0) 
thrown [c:\jenkins\workspace\zulu17-build-win64\zulu-src.git\src\hotspot\share\classfile\systemDictionary.cpp, line 256]
Event: 9.062 Thread 0x0000021358bfa4c0 Exception <a 'java/lang/ClassNotFoundException'{0x0000000084209bd8}: org/springframework/beans/factory/BeanNameAwareCustomizer> (0x0000000084209bd8) 
thrown [c:\jenkins\workspace\zulu17-build-win64\zulu-src.git\src\hotspot\share\classfile\systemDictionary.cpp, line 256]
Event: 9.063 Thread 0x0000021358bfa4c0 Exception <a 'java/lang/ClassNotFoundException'{0x000000008420fdc0}: org/springframework/beans/factory/AwareCustomizer> (0x000000008420fdc0) 
thrown [c:\jenkins\workspace\zulu17-build-win64\zulu-src.git\src\hotspot\share\classfile\systemDictionary.cpp, line 256]
Event: 9.063 Thread 0x0000021358bfa4c0 Exception <a 'java/lang/ClassNotFoundException'{0x0000000084215240}: org/springframework/context/EnvironmentAwareCustomizer> (0x0000000084215240) 
thrown [c:\jenkins\workspace\zulu17-build-win64\zulu-src.git\src\hotspot\share\classfile\systemDictionary.cpp, line 256]
Event: 9.063 Thread 0x0000021358bfa4c0 Exception <a 'java/lang/ClassNotFoundException'{0x000000008421b448}: org/springframework/beans/factory/AwareCustomizer> (0x000000008421b448) 
thrown [c:\jenkins\workspace\zulu17-build-win64\zulu-src.git\src\hotspot\share\classfile\systemDictionary.cpp, line 256]
Event: 9.064 Thread 0x0000021358bfa4c0 Exception <a 'java/lang/ClassNotFoundException'{0x00000000842209d8}: org/springframework/core/env/EnvironmentCapableCustomizer> (0x00000000842209d8) 
thrown [c:\jenkins\workspace\zulu17-build-win64\zulu-src.git\src\hotspot\share\classfile\systemDictionary.cpp, line 256]
Event: 9.064 Thread 0x0000021358bfa4c0 Exception <a 'java/lang/ClassNotFoundException'{0x0000000084226eb8}: org/springframework/web/context/ServletContextAwareCustomizer> (0x0000000084226eb8) 
thrown [c:\jenkins\workspace\zulu17-build-win64\zulu-src.git\src\hotspot\share\classfile\systemDictionary.cpp, line 256]
Event: 9.064 Thread 0x0000021358bfa4c0 Exception <a 'java/lang/ClassNotFoundException'{0x000000008422d118}: org/springframework/beans/factory/AwareCustomizer> (0x000000008422d118) 
thrown [c:\jenkins\workspace\zulu17-build-win64\zulu-src.git\src\hotspot\share\classfile\systemDictionary.cpp, line 256]
Event: 9.065 Thread 0x0000021358bfa4c0 Exception <a 'java/lang/ClassNotFoundException'{0x0000000084232758}: org/springframework/beans/factory/InitializingBeanCustomizer> (0x0000000084232758) 
thrown [c:\jenkins\workspace\zulu17-build-win64\zulu-src.git\src\hotspot\share\classfile\systemDictionary.cpp, line 256]
Event: 9.065 Thread 0x0000021358bfa4c0 Exception <a 'java/lang/ClassNotFoundException'{0x00000000842385d0}: org/springframework/beans/factory/DisposableBeanCustomizer> (0x00000000842385d0) 
thrown [c:\jenkins\workspace\zulu17-build-win64\zulu-src.git\src\hotspot\share\classfile\systemDictionary.cpp, line 256]
Event: 9.068 Thread 0x0000021358bfa4c0 Exception <a 'java/lang/ClassNotFoundException'{0x0000000084260408}: java/lang/ObjectCustomizer> (0x0000000084260408) 
thrown [c:\jenkins\workspace\zulu17-build-win64\zulu-src.git\src\hotspot\share\classfile\systemDictionary.cpp, line 256]
Event: 9.069 Thread 0x0000021358bfa4c0 Exception <a 'java/lang/ClassNotFoundException'{0x0000000084269508}: org/springframework/web/multipart/support/StandardServletMultipartResolverCustomizer> (0x0000000084269508) 
thrown [c:\jenkins\workspace\zulu17-build-win64\zulu-src.git\src\hotspot\share\classfile\systemDictionary.cpp, line 256]
Event: 9.071 Thread 0x0000021358bfa4c0 Exception <a 'java/lang/ClassNotFoundException'{0x0000000084274788}: org/springframework/web/multipart/MultipartResolverCustomizer> (0x0000000084274788) 
thrown [c:\jenkins\workspace\zulu17-build-win64\zulu-src.git\src\hotspot\share\classfile\systemDictionary.cpp, line 256]
Event: 9.136 Thread 0x0000021358bfa4c0 Exception <a 'java/lang/ClassNotFoundException'{0x0000000084001a00}: java/lang/ObjectCustomizer> (0x0000000084001a00) 
thrown [c:\jenkins\workspace\zulu17-build-win64\zulu-src.git\src\hotspot\share\classfile\systemDictionary.cpp, line 256]
Event: 9.137 Thread 0x0000021358bfa4c0 Exception <a 'java/lang/ClassNotFoundException'{0x0000000084009c18}: com/sda/javaee9spring/Javaee9SpringApplicationTestsCustomizer> (0x0000000084009c18) 
thrown [c:\jenkins\workspace\zulu17-build-win64\zulu-src.git\src\hotspot\share\classfile\systemDictionary.cpp, line 256]
Event: 9.153 Thread 0x0000021358bfa4c0 Exception <a 'java/lang/NoSuchMethodError'{0x0000000084051000}: 'java.lang.Object java.lang.invoke.DirectMethodHandle$Holder.newInvokeSpecial(java.lang.Object, java.lang.Object, java.lang.Object, java.lang.Object, int)'> (0x0000000084051000) 
thrown [c:\jenkins\workspace\zulu17-build-win64\zulu-src.git\src\hotspot\share\interpreter\linkResolver.cpp, line 766]
Event: 9.154 Thread 0x0000021358bfa4c0 Exception <a 'java/lang/NoSuchMethodError'{0x00000000840556d8}: 'java.lang.Object java.lang.invoke.DirectMethodHandle$Holder.invokeSpecial(java.lang.Object, java.lang.Object, java.lang.Object, java.lang.Object, java.lang.Object, int)'> (0x00000000840556d8) 
thrown [c:\jenkins\workspace\zulu17-build-win64\zulu-src.git\src\hotspot\share\interpreter\linkResolver.cpp, line 766]
Event: 9.154 Thread 0x0000021358bfa4c0 Exception <a 'java/lang/NoSuchMethodError'{0x0000000084059468}: 'java.lang.Object java.lang.invoke.Invokers$Holder.linkToTargetMethod(java.lang.Object, java.lang.Object, java.lang.Object, int, java.lang.Object)'> (0x0000000084059468) 
thrown [c:\jenkins\workspace\zulu17-build-win64\zulu-src.git\src\hotspot\share\interpreter\linkResolver.cpp, line 766]

VM Operations (20 events):
Event: 7.574 Executing VM operation: HandshakeAllThreads
Event: 7.574 Executing VM operation: HandshakeAllThreads done
Event: 7.613 Executing VM operation: HandshakeAllThreads
Event: 7.613 Executing VM operation: HandshakeAllThreads done
Event: 7.894 Executing VM operation: HandshakeAllThreads
Event: 7.894 Executing VM operation: HandshakeAllThreads done
Event: 7.952 Executing VM operation: HandshakeAllThreads
Event: 7.952 Executing VM operation: HandshakeAllThreads done
Event: 8.066 Executing VM operation: ICBufferFull
Event: 8.066 Executing VM operation: ICBufferFull done
Event: 8.282 Executing VM operation: HandshakeAllThreads
Event: 8.282 Executing VM operation: HandshakeAllThreads done
Event: 8.438 Executing VM operation: HandshakeAllThreads
Event: 8.438 Executing VM operation: HandshakeAllThreads done
Event: 8.560 Executing VM operation: HandshakeAllThreads
Event: 8.560 Executing VM operation: HandshakeAllThreads done
Event: 9.084 Executing VM operation: ICBufferFull
Event: 9.084 Executing VM operation: ICBufferFull done
Event: 9.132 Executing VM operation: HandshakeAllThreads
Event: 9.132 Executing VM operation: HandshakeAllThreads done

Events (20 events):
Event: 9.054 loading class java/lang/ObjectCustomizer
Event: 9.054 loading class java/lang/ObjectCustomizer done
Event: 9.054 loading class java/lang/ObjectCustomizer
Event: 9.054 loading class java/lang/ObjectCustomizer done
Event: 9.056 loading class java/lang/ObjectCustomizer
Event: 9.056 loading class java/lang/ObjectCustomizer done
Event: 9.056 loading class java/lang/ObjectCustomizer
Event: 9.056 loading class java/lang/ObjectCustomizer done
Event: 9.068 loading class java/lang/ObjectCustomizer
Event: 9.068 loading class java/lang/ObjectCustomizer done
Event: 9.068 loading class java/lang/ObjectCustomizer
Event: 9.068 loading class java/lang/ObjectCustomizer done
Event: 9.102 loading class jdk/internal/math/FDBigInteger
Event: 9.102 loading class jdk/internal/math/FDBigInteger done
Event: 9.130 loading class java/lang/InheritableThreadLocal
Event: 9.130 loading class java/lang/InheritableThreadLocal done
Event: 9.136 loading class java/lang/ObjectCustomizer
Event: 9.136 loading class java/lang/ObjectCustomizer done
Event: 9.136 loading class java/lang/ObjectCustomizer
Event: 9.136 loading class java/lang/ObjectCustomizer done


Dynamic libraries:
0x00007ff6a1550000 - 0x00007ff6a155e000 	C:\Users\Laptop\.jdks\azul-17.0.2\bin\java.exe
0x00007ff9ce390000 - 0x00007ff9ce585000 	C:\WINDOWS\SYSTEM32\ntdll.dll
0x00007ff9cc500000 - 0x00007ff9cc5be000 	C:\WINDOWS\System32\KERNEL32.DLL
0x00007ff9cbc40000 - 0x00007ff9cbf08000 	C:\WINDOWS\System32\KERNELBASE.dll
0x00007ff9cbfb0000 - 0x00007ff9cc0b0000 	C:\WINDOWS\System32\ucrtbase.dll
0x00007ff9b4580000 - 0x00007ff9b4598000 	C:\Users\Laptop\.jdks\azul-17.0.2\bin\jli.dll
0x00007ff9cc6e0000 - 0x00007ff9cc881000 	C:\WINDOWS\System32\USER32.dll
0x00007ff995280000 - 0x00007ff99529b000 	C:\Users\Laptop\.jdks\azul-17.0.2\bin\VCRUNTIME140.dll
0x00007ff9b6dc0000 - 0x00007ff9b705a000 	C:\WINDOWS\WinSxS\amd64_microsoft.windows.common-controls_6595b64144ccf1df_6.0.19041.1110_none_60b5254171f9507e\COMCTL32.dll
0x00007ff9ce120000 - 0x00007ff9ce1be000 	C:\WINDOWS\System32\msvcrt.dll
0x00007ff9cd350000 - 0x00007ff9cd37b000 	C:\WINDOWS\System32\GDI32.dll
0x00007ff9cc240000 - 0x00007ff9cc262000 	C:\WINDOWS\System32\win32u.dll
0x00007ff9cbb00000 - 0x00007ff9cbc0d000 	C:\WINDOWS\System32\gdi32full.dll
0x00007ff9cbf10000 - 0x00007ff9cbfad000 	C:\WINDOWS\System32\msvcp_win.dll
0x00007ff9cd3f0000 - 0x00007ff9cd420000 	C:\WINDOWS\System32\IMM32.DLL
0x00007ff9a66d0000 - 0x00007ff9a66dc000 	C:\Users\Laptop\.jdks\azul-17.0.2\bin\vcruntime140_1.dll
0x00007ff9840c0000 - 0x00007ff98414d000 	C:\Users\Laptop\.jdks\azul-17.0.2\bin\msvcp140.dll
0x00007ff9687c0000 - 0x00007ff969420000 	C:\Users\Laptop\.jdks\azul-17.0.2\bin\server\jvm.dll
0x00007ff9cc3f0000 - 0x00007ff9cc49e000 	C:\WINDOWS\System32\ADVAPI32.dll
0x00007ff9cc5c0000 - 0x00007ff9cc65c000 	C:\WINDOWS\System32\sechost.dll
0x00007ff9ce1c0000 - 0x00007ff9ce2e5000 	C:\WINDOWS\System32\RPCRT4.dll
0x00007ff9cd340000 - 0x00007ff9cd348000 	C:\WINDOWS\System32\PSAPI.DLL
0x00007ff9ae070000 - 0x00007ff9ae097000 	C:\WINDOWS\SYSTEM32\WINMM.dll
0x00007ff9ad870000 - 0x00007ff9ad879000 	C:\WINDOWS\SYSTEM32\WSOCK32.dll
0x00007ff9cd380000 - 0x00007ff9cd3eb000 	C:\WINDOWS\System32\WS2_32.dll
0x00007ff9bd4f0000 - 0x00007ff9bd4fa000 	C:\WINDOWS\SYSTEM32\VERSION.dll
0x00007ff9ca320000 - 0x00007ff9ca332000 	C:\WINDOWS\SYSTEM32\kernel.appcore.dll
0x00007ff9a4540000 - 0x00007ff9a454a000 	C:\Users\Laptop\.jdks\azul-17.0.2\bin\jimage.dll
0x00007ff9c9960000 - 0x00007ff9c9b44000 	C:\WINDOWS\SYSTEM32\DBGHELP.DLL
0x00007ff9af8b0000 - 0x00007ff9af8dc000 	C:\WINDOWS\SYSTEM32\dbgcore.DLL
0x00007ff9cc160000 - 0x00007ff9cc1e2000 	C:\WINDOWS\System32\bcryptPrimitives.dll
0x00007ff9a4440000 - 0x00007ff9a444e000 	C:\Users\Laptop\.jdks\azul-17.0.2\bin\instrument.dll
0x00007ff994d40000 - 0x00007ff994d65000 	C:\Users\Laptop\.jdks\azul-17.0.2\bin\java.dll
0x00007ff97dc80000 - 0x00007ff97dd57000 	C:\Users\Laptop\.jdks\azul-17.0.2\bin\jsvml.dll
0x00007ff9cc890000 - 0x00007ff9ccfd4000 	C:\WINDOWS\System32\SHELL32.dll
0x00007ff9c9b50000 - 0x00007ff9ca2e5000 	C:\WINDOWS\SYSTEM32\windows.storage.dll
0x00007ff9cd670000 - 0x00007ff9cd9c5000 	C:\WINDOWS\System32\combase.dll
0x00007ff9cb4f0000 - 0x00007ff9cb51e000 	C:\WINDOWS\SYSTEM32\Wldp.dll
0x00007ff9cd420000 - 0x00007ff9cd4cd000 	C:\WINDOWS\System32\SHCORE.dll
0x00007ff9cc4a0000 - 0x00007ff9cc4f5000 	C:\WINDOWS\System32\shlwapi.dll
0x00007ff9cb9e0000 - 0x00007ff9cb9ff000 	C:\WINDOWS\SYSTEM32\profapi.dll
0x00007ff994c60000 - 0x00007ff994c78000 	C:\Users\Laptop\.jdks\azul-17.0.2\bin\zip.dll
0x00007ff995220000 - 0x00007ff995239000 	C:\Users\Laptop\.jdks\azul-17.0.2\bin\net.dll
0x00007ff9b6600000 - 0x00007ff9b670c000 	C:\WINDOWS\SYSTEM32\WINHTTP.dll
0x00007ff9cb250000 - 0x00007ff9cb2ba000 	C:\WINDOWS\system32\mswsock.dll
0x00007ff994c80000 - 0x00007ff994c96000 	C:\Users\Laptop\.jdks\azul-17.0.2\bin\nio.dll
0x00007ff994c40000 - 0x00007ff994c5a000 	C:\Program Files\JetBrains\IntelliJ IDEA 20213.1\IntelliJ IDEA 2021.3.1\bin\breakgen64.dll
0x00007ff9a1910000 - 0x00007ff9a1920000 	C:\Users\Laptop\.jdks\azul-17.0.2\bin\verify.dll
0x00007ff99da20000 - 0x00007ff99da29000 	C:\Users\Laptop\.jdks\azul-17.0.2\bin\management.dll
0x00007ff99b280000 - 0x00007ff99b28b000 	C:\Users\Laptop\.jdks\azul-17.0.2\bin\management_ext.dll
0x00007ff9a7840000 - 0x00007ff9a7857000 	C:\WINDOWS\system32\napinsp.dll
0x00007ff9a7820000 - 0x00007ff9a783b000 	C:\WINDOWS\system32\pnrpnsp.dll
0x00007ff9c35f0000 - 0x00007ff9c3605000 	C:\WINDOWS\system32\wshbth.dll
0x00007ff9c40b0000 - 0x00007ff9c40cd000 	C:\WINDOWS\system32\NLAapi.dll
0x00007ff9caef0000 - 0x00007ff9caf2b000 	C:\WINDOWS\SYSTEM32\IPHLPAPI.DLL
0x00007ff9caf30000 - 0x00007ff9caffb000 	C:\WINDOWS\SYSTEM32\DNSAPI.dll
0x00007ff9cd1b0000 - 0x00007ff9cd1b8000 	C:\WINDOWS\System32\NSI.dll
0x00007ff9a7500000 - 0x00007ff9a7512000 	C:\WINDOWS\System32\winrnr.dll
0x00007ff9b6530000 - 0x00007ff9b653a000 	C:\Windows\System32\rasadhlp.dll
0x00007ff9b6580000 - 0x00007ff9b65ff000 	C:\WINDOWS\System32\fwpuclnt.dll
0x00007ff9cbc10000 - 0x00007ff9cbc37000 	C:\WINDOWS\System32\bcrypt.dll
0x00007ff9cb440000 - 0x00007ff9cb458000 	C:\WINDOWS\SYSTEM32\CRYPTSP.dll
0x00007ff9cab60000 - 0x00007ff9cab94000 	C:\WINDOWS\system32\rsaenh.dll
0x00007ff9cb960000 - 0x00007ff9cb98e000 	C:\WINDOWS\SYSTEM32\USERENV.dll
0x00007ff9cb460000 - 0x00007ff9cb46c000 	C:\WINDOWS\SYSTEM32\CRYPTBASE.dll
0x00007ff9b9a40000 - 0x00007ff9b9a57000 	C:\WINDOWS\SYSTEM32\dhcpcsvc6.DLL
0x00007ff9bd490000 - 0x00007ff9bd4ad000 	C:\WINDOWS\SYSTEM32\dhcpcsvc.DLL

dbghelp: loaded successfully - version: 4.0.5 - missing functions: none
symbol engine: initialized successfully - sym options: 0x614 - pdb path: .;C:\Users\Laptop\.jdks\azul-17.0.2\bin;C:\WINDOWS\SYSTEM32;C:\WINDOWS\WinSxS\amd64_microsoft.windows.common-controls_6595b64144ccf1df_6.0.19041.1110_none_60b5254171f9507e;C:\Users\Laptop\.jdks\azul-17.0.2\bin\server;C:\Program Files\JetBrains\IntelliJ IDEA 20213.1\IntelliJ IDEA 2021.3.1\bin

VM Arguments:
jvm_args: -ea -Didea.test.cyclic.buffer.size=1048576 -javaagent:C:\Program Files\JetBrains\IntelliJ IDEA 20213.1\IntelliJ IDEA 2021.3.1\lib\idea_rt.jar=60392:C:\Program Files\JetBrains\IntelliJ IDEA 20213.1\IntelliJ IDEA 2021.3.1\bin -Dfile.encoding=UTF-8 
java_command: com.intellij.rt.junit.JUnitStarter -ideVersion5 -junit5 com.sda.javaee9spring.Javaee9SpringApplicationTests,recordsTest
java_class_path (initial): C:\Users\Laptop\.m2\repository\org\junit\platform\junit-platform-launcher\1.8.2\junit-platform-launcher-1.8.2.jar;C:\Program Files\JetBrains\IntelliJ IDEA 20213.1\IntelliJ IDEA 2021.3.1\lib\idea_rt.jar;C:\Program Files\JetBrains\IntelliJ IDEA 20213.1\IntelliJ IDEA 2021.3.1\plugins\junit\lib\junit5-rt.jar;C:\Program Files\JetBrains\IntelliJ IDEA 20213.1\IntelliJ IDEA 2021.3.1\plugins\junit\lib\junit-rt.jar;C:\Users\Laptop\IdeaProjects\javaee9-spring\target\test-classes;C:\Users\Laptop\IdeaProjects\javaee9-spring\target\classes;C:\Users\Laptop\.m2\repository\org\springframework\boot\spring-boot-starter-data-jpa\2.6.3\spring-boot-starter-data-jpa-2.6.3.jar;C:\Users\Laptop\.m2\repository\org\springframework\boot\spring-boot-starter-aop\2.6.3\spring-boot-starter-aop-2.6.3.jar;C:\Users\Laptop\.m2\repository\org\springframework\spring-aop\5.3.15\spring-aop-5.3.15.jar;C:\Users\Laptop\.m2\repository\org\aspectj\aspectjweaver\1.9.7\aspectjweaver-1.9.7.jar;C:\Users\Laptop\.m2\repository\org\springframework\boot\spring-boot-starter-jdbc\2.6.3\spring-boot-starter-jdbc-2.6.3.jar;C:\Users\Laptop\.m2\repository\com\zaxxer\HikariCP\4.0.3\HikariCP-4.0.3.jar;C:\Users\Laptop\.m2\repository\org\springframework\spring-jdbc\5.3.15\spring-jdbc-5.3.15.jar;C:\Users\Laptop\.m2\repository\jakarta\transaction\jakarta.transaction-api\1.3.3\jakarta.transaction-api-1.3.3.jar;C:\Users\Laptop\.m2\repository\jakarta\persistence\jakarta.persistence-api\2.2.3\jakarta.persistence-api-2.2.3.jar;C:\Users\Laptop\.m2\repository\org\hibernate\hibernate-core\5.6.4.Final\hibernate-core-5.6.4.Final.jar;C:\Users\Laptop\.m2\repository\org\jboss\logging\jboss-logging\3.4.3.Final\jboss-logging-3.4.3.Final.jar;C:\Users\Laptop\.m2\repository\net\bytebuddy\byte-buddy\1.11.22\byte-buddy-1.11.22.jar;C:\Users\Laptop\.m2\repository\antlr\antlr\2.7.7\antlr-2.7.7.jar;C:\Users\Laptop\.m2\repository\org\jboss\jandex\2.4.2.Final\jandex-2.4.2.Final.jar;C:\Users\Laptop\.m2\repository\com\fasterxml\cl
Launcher Type: SUN_STANDARD

[Global flags]
     intx CICompilerCount                          = 3                                         {product} {ergonomic}
     uint ConcGCThreads                            = 1                                         {product} {ergonomic}
     uint G1ConcRefinementThreads                  = 4                                         {product} {ergonomic}
   size_t G1HeapRegionSize                         = 1048576                                   {product} {ergonomic}
    uintx GCDrainStackTargetSize                   = 64                                        {product} {ergonomic}
   size_t InitialHeapSize                          = 134217728                                 {product} {ergonomic}
   size_t MarkStackSize                            = 4194304                                   {product} {ergonomic}
   size_t MaxHeapSize                              = 2122317824                                {product} {ergonomic}
   size_t MaxNewSize                               = 1272971264                                {product} {ergonomic}
   size_t MinHeapDeltaBytes                        = 1048576                                   {product} {ergonomic}
   size_t MinHeapSize                              = 8388608                                   {product} {ergonomic}
    uintx NonNMethodCodeHeapSize                   = 5832780                                {pd product} {ergonomic}
    uintx NonProfiledCodeHeapSize                  = 122912730                              {pd product} {ergonomic}
    uintx ProfiledCodeHeapSize                     = 122912730                              {pd product} {ergonomic}
    uintx ReservedCodeCacheSize                    = 251658240                              {pd product} {ergonomic}
     bool SegmentedCodeCache                       = true                                      {product} {ergonomic}
   size_t SoftMaxHeapSize                          = 2122317824                             {manageable} {ergonomic}
     bool UseCompressedClassPointers               = true                           {product lp64_product} {ergonomic}
     bool UseCompressedOops                        = true                           {product lp64_product} {ergonomic}
     bool UseG1GC                                  = true                                      {product} {ergonomic}
     bool UseLargePagesIndividualAllocation        = false                                  {pd product} {ergonomic}

Logging:
Log output configuration:
 #0: stdout all=warning uptime,level,tags
 #1: stderr all=off uptime,level,tags

Environment Variables:
PATH=C:\Python310\Scripts\;C:\Python310\;C:\Program Files\AdoptOpenJDK\jdk-11.0.11.9-hotspot\bin;C:\WINDOWS\system32;C:\WINDOWS;C:\WINDOWS\System32\Wbem;C:\WINDOWS\System32\WindowsPowerShell\v1.0\;C:\WINDOWS\System32\OpenSSH\;C:\Program Files\Git\cmd;C:\Program Files (x86)\IDEMIA\AWP\Dlls;C:\Program Files\IDEMIA\AWP\Dlls;C:\ProgramData\chocolatey\bin;C:\Users\Laptop\AppData\Local\Microsoft\WindowsApps;C:\Users\Laptop\Desktop\Downloads\apache-maven-3.8.2\bin
USERNAME=Laptop
OS=Windows_NT
PROCESSOR_IDENTIFIER=Intel64 Family 6 Model 78 Stepping 3, GenuineIntel



---------------  S Y S T E M  ---------------

OS:
 Windows 10 , 64 bit Build 19041 (10.0.19041.1466)
OS uptime: 0 days 7:19 hours

CPU: total 4 (initial active 4) (2 cores per cpu, 2 threads per core) family 6 model 78 stepping 3 microcode 0xcc, cx8, cmov, fxsr, ht, mmx, 3dnowpref, sse, sse2, sse3, ssse3, sse4.1, sse4.2, popcnt, lzcnt, tsc, tscinvbit, avx, avx2, aes, erms, clmul, bmi1, bmi2, rtm, adx, fma, vzeroupper, clflush, clflushopt

Memory: 4k page, system-wide physical 8089M (1588M free)
TotalPageFile size 9992M (AvailPageFile size 12M)
current process WorkingSet (physical memory assigned to process): 251M, peak: 262M
current process commit charge ("private bytes"): 285M, peak: 295M

vm_info: OpenJDK 64-Bit Server VM (17.0.2+8-LTS) for windows-amd64 JRE (17.0.2+8-LTS) (Zulu17.32+13-CA), built on Jan  8 2022 13:06:16 by "zulu_re" with MS VC++ 16.10 / 16.11 (VS2019)

END.
