#
# There is insufficient memory for the Java Runtime Environment to continue.
# Native memory allocation (malloc) failed to allocate 1312096 bytes for Chunk::new
# Possible reasons:
#   The system is out of physical RAM or swap space
#   The process is running with CompressedOops enabled, and the Java Heap may be blocking the growth of the native heap
# Possible solutions:
#   Reduce memory load on the system
#   Increase physical memory or swap space
#   Check if swap backing store is full
#   Decrease Java heap size (-Xmx/-Xms)
#   Decrease number of Java threads
#   Decrease Java thread stack sizes (-Xss)
#   Set larger code cache with -XX:ReservedCodeCacheSize=
#   JVM is running with Unscaled Compressed Oops mode in which the Java heap is
#     placed in the first 4GB address space. The Java Heap base address is the
#     maximum limit for the native heap growth. Please use -XX:HeapBaseMinAddress
#     to set the Java Heap base and to place the Java Heap above 4GB virtual address.
# This output file may be truncated or incomplete.
#
#  Out of Memory Error (arena.cpp:189), pid=13036, tid=9068
#
# JRE version: OpenJDK Runtime Environment Zulu17.32+13-CA (17.0.2+8) (build 17.0.2+8-LTS)
# Java VM: OpenJDK 64-Bit Server VM Zulu17.32+13-CA (17.0.2+8-LTS, mixed mode, sharing, tiered, compressed oops, compressed class ptrs, g1 gc, windows-amd64)
# No core dump will be written. Minidumps are not enabled by default on client versions of Windows
#

---------------  S U M M A R Y ------------

Command Line: -ea -Didea.test.cyclic.buffer.size=1048576 -javaagent:C:\Program Files\JetBrains\IntelliJ IDEA 20213.1\IntelliJ IDEA 2021.3.1\lib\idea_rt.jar=60399:C:\Program Files\JetBrains\IntelliJ IDEA 20213.1\IntelliJ IDEA 2021.3.1\bin -Dfile.encoding=UTF-8 com.intellij.rt.junit.JUnitStarter -ideVersion5 -junit5 com.sda.javaee9spring.Javaee9SpringApplicationTests,recordsTest

Host: Intel(R) Core(TM) i5-6300U CPU @ 2.40GHz, 4 cores, 7G,  Windows 10 , 64 bit Build 19041 (10.0.19041.1466)
Time: Thu Feb 10 17:23:45 2022 FLE Standard Time elapsed time: 3.631306 seconds (0d 0h 0m 3s)

---------------  T H R E A D  ---------------

Current thread (0x00000210d3c291d0):  JavaThread "C2 CompilerThread0" daemon [_thread_in_native, id=9068, stack(0x0000003f2f100000,0x0000003f2f200000)]


Current CompileTask:
C2:   3631 2100       4       java.lang.invoke.MethodType::makeImpl (109 bytes)

Stack: [0x0000003f2f100000,0x0000003f2f200000]
Native frames: (J=compiled Java code, j=interpreted, Vv=VM code, C=native code)
V  [jvm.dll+0x6769fa]
V  [jvm.dll+0x831784]
V  [jvm.dll+0x832f2e]
V  [jvm.dll+0x833593]
V  [jvm.dll+0x2455e5]
V  [jvm.dll+0xabf1b]
V  [jvm.dll+0xac4ac]
V  [jvm.dll+0x3635f7]
V  [jvm.dll+0x32dae1]
V  [jvm.dll+0x32cf8a]
V  [jvm.dll+0x218531]
V  [jvm.dll+0x217951]
V  [jvm.dll+0x1a3e2d]
V  [jvm.dll+0x2272d8]
V  [jvm.dll+0x22542c]
V  [jvm.dll+0x7e701c]
V  [jvm.dll+0x7e15ca]
V  [jvm.dll+0x675885]
C  [ucrtbase.dll+0x21bb2]
C  [KERNEL32.DLL+0x17034]
C  [ntdll.dll+0x52651]


---------------  P R O C E S S  ---------------

Threads class SMR info:
_java_thread_list=0x00000210d6302570, length=16, elements={
0x00000210b614ae50, 0x00000210d3c118f0, 0x00000210d3c12760, 0x00000210d3c244d0,
0x00000210d3c25080, 0x00000210d3c27b40, 0x00000210d3c284f0, 0x00000210d3c291d0,
0x00000210d3c2cc90, 0x00000210d4820040, 0x00000210d3bfb510, 0x00000210d4976c90,
0x00000210d4977160, 0x00000210d4a469d0, 0x00000210d5811c20, 0x00000210d5cc1050
}

Java Threads: ( => current thread )
  0x00000210b614ae50 JavaThread "main" [_thread_in_Java, id=10972, stack(0x0000003f2e400000,0x0000003f2e500000)]
  0x00000210d3c118f0 JavaThread "Reference Handler" daemon [_thread_blocked, id=7812, stack(0x0000003f2eb00000,0x0000003f2ec00000)]
  0x00000210d3c12760 JavaThread "Finalizer" daemon [_thread_blocked, id=4384, stack(0x0000003f2ec00000,0x0000003f2ed00000)]
  0x00000210d3c244d0 JavaThread "Signal Dispatcher" daemon [_thread_blocked, id=1792, stack(0x0000003f2ed00000,0x0000003f2ee00000)]
  0x00000210d3c25080 JavaThread "Attach Listener" daemon [_thread_blocked, id=10876, stack(0x0000003f2ee00000,0x0000003f2ef00000)]
  0x00000210d3c27b40 JavaThread "Service Thread" daemon [_thread_blocked, id=13280, stack(0x0000003f2ef00000,0x0000003f2f000000)]
  0x00000210d3c284f0 JavaThread "Monitor Deflation Thread" daemon [_thread_blocked, id=12112, stack(0x0000003f2f000000,0x0000003f2f100000)]
=>0x00000210d3c291d0 JavaThread "C2 CompilerThread0" daemon [_thread_in_native, id=9068, stack(0x0000003f2f100000,0x0000003f2f200000)]
  0x00000210d3c2cc90 JavaThread "C1 CompilerThread0" daemon [_thread_in_native, id=11556, stack(0x0000003f2f200000,0x0000003f2f300000)]
  0x00000210d4820040 JavaThread "Sweeper thread" daemon [_thread_blocked, id=1860, stack(0x0000003f2f300000,0x0000003f2f400000)]
  0x00000210d3bfb510 JavaThread "Common-Cleaner" daemon [_thread_blocked, id=9328, stack(0x0000003f2f400000,0x0000003f2f500000)]
  0x00000210d4976c90 JavaThread "Monitor Ctrl-Break" daemon [_thread_in_native, id=1420, stack(0x0000003f2f500000,0x0000003f2f600000)]
  0x00000210d4977160 JavaThread "Notification Thread" daemon [_thread_blocked, id=8644, stack(0x0000003f2f600000,0x0000003f2f700000)]
  0x00000210d4a469d0 JavaThread "C2 CompilerThread1" daemon [_thread_in_native, id=1896, stack(0x0000003f2f800000,0x0000003f2f900000)]
  0x00000210d5811c20 JavaThread "background-preinit" [_thread_in_Java, id=10756, stack(0x0000003f2fc00000,0x0000003f2fd00000)]
  0x00000210d5cc1050 JavaThread "Thread-1" [_thread_in_Java, id=5864, stack(0x0000003f2fd00000,0x0000003f2fe00000)]

Other Threads:
  0x00000210d3c0a8e0 VMThread "VM Thread" [stack: 0x0000003f2ea00000,0x0000003f2eb00000] [id=1276]
  0x00000210d4973070 WatcherThread [stack: 0x0000003f2f700000,0x0000003f2f800000] [id=5980]
  0x00000210b618b340 GCTaskThread "GC Thread#0" [stack: 0x0000003f2e500000,0x0000003f2e600000] [id=13256]
  0x00000210d4c4b8a0 GCTaskThread "GC Thread#1" [stack: 0x0000003f2f900000,0x0000003f2fa00000] [id=7972]
  0x00000210d4c4bb50 GCTaskThread "GC Thread#2" [stack: 0x0000003f2fa00000,0x0000003f2fb00000] [id=4808]
  0x00000210d53f1f90 GCTaskThread "GC Thread#3" [stack: 0x0000003f2fb00000,0x0000003f2fc00000] [id=7892]
  0x00000210b619bf80 ConcurrentGCThread "G1 Main Marker" [stack: 0x0000003f2e600000,0x0000003f2e700000] [id=8428]
  0x00000210b619e140 ConcurrentGCThread "G1 Conc#0" [stack: 0x0000003f2e700000,0x0000003f2e800000] [id=13596]
  0x00000210b621dbe0 ConcurrentGCThread "G1 Refine#0" [stack: 0x0000003f2e800000,0x0000003f2e900000] [id=12676]
  0x00000210b621e600 ConcurrentGCThread "G1 Service" [stack: 0x0000003f2e900000,0x0000003f2ea00000] [id=3720]

Threads with active compile tasks:
C2 CompilerThread0     3676 2100       4       java.lang.invoke.MethodType::makeImpl (109 bytes)
C2 CompilerThread1     3676 2187 %     4       java.util.Properties::loadConvert @ 8 (540 bytes)

VM state: not at safepoint (normal execution)

VM Mutex/Monitor currently owned by a thread: None

Heap address: 0x0000000081800000, size: 2024 MB, Compressed Oops mode: 32-bit

CDS archive(s) mapped at: [0x0000000800000000-0x0000000800bc0000-0x0000000800bc0000), size 12320768, SharedBaseAddress: 0x0000000800000000, ArchiveRelocationMode: 0.
Compressed class space mapped at: 0x0000000800c00000-0x0000000840c00000, reserved size: 1073741824
Narrow klass base: 0x0000000800000000, Narrow klass shift: 0, Narrow klass range: 0x100000000

GC Precious Log:
 CPUs: 4 total, 4 available
 Memory: 8089M
 Large Page Support: Disabled
 NUMA Support: Disabled
 Compressed Oops: Enabled (32-bit)
 Heap Region Size: 1M
 Heap Min Capacity: 8M
 Heap Initial Capacity: 128M
 Heap Max Capacity: 2024M
 Pre-touch: Disabled
 Parallel Workers: 4
 Concurrent Workers: 1
 Concurrent Refinement Workers: 4
 Periodic GC: Disabled

Heap:
 garbage-first heap   total 131072K, used 39558K [0x0000000081800000, 0x0000000100000000)
  region size 1024K, 34 young (34816K), 4 survivors (4096K)
 Metaspace       used 18201K, committed 18432K, reserved 1073152K
  class space    used 2325K, committed 2432K, reserved 1048576K

Heap Regions: E=young(eden), S=young(survivor), O=old, HS=humongous(starts), HC=humongous(continues), CS=collection set, F=free, OA=open archive, CA=closed archive, TAMS=top-at-mark-start (previous, next)
|   0|0x0000000081800000, 0x0000000081900000, 0x0000000081900000|100%|HS|  |TAMS 0x0000000081800000, 0x0000000081800000| Complete 
|   1|0x0000000081900000, 0x0000000081a00000, 0x0000000081a00000|100%| O|  |TAMS 0x0000000081900000, 0x0000000081900000| Untracked 
|   2|0x0000000081a00000, 0x0000000081b00000, 0x0000000081b00000|100%| O|  |TAMS 0x0000000081a00000, 0x0000000081a00000| Untracked 
|   3|0x0000000081b00000, 0x0000000081c00000, 0x0000000081c00000|100%| O|  |TAMS 0x0000000081b00000, 0x0000000081b00000| Untracked 
|   4|0x0000000081c00000, 0x0000000081d00000, 0x0000000081d00000|100%| O|  |TAMS 0x0000000081c00000, 0x0000000081c00000| Untracked 
|   5|0x0000000081d00000, 0x0000000081e00000, 0x0000000081e00000|100%| O|  |TAMS 0x0000000081d00000, 0x0000000081d00000| Untracked 
|   6|0x0000000081e00000, 0x0000000081e3da00, 0x0000000081f00000| 24%| O|  |TAMS 0x0000000081e00000, 0x0000000081e00000| Untracked 
|   7|0x0000000081f00000, 0x0000000081f00000, 0x0000000082000000|  0%| F|  |TAMS 0x0000000081f00000, 0x0000000081f00000| Untracked 
|   8|0x0000000082000000, 0x0000000082000000, 0x0000000082100000|  0%| F|  |TAMS 0x0000000082000000, 0x0000000082000000| Untracked 
|   9|0x0000000082100000, 0x0000000082100000, 0x0000000082200000|  0%| F|  |TAMS 0x0000000082100000, 0x0000000082100000| Untracked 
|  10|0x0000000082200000, 0x0000000082200000, 0x0000000082300000|  0%| F|  |TAMS 0x0000000082200000, 0x0000000082200000| Untracked 
|  11|0x0000000082300000, 0x0000000082300000, 0x0000000082400000|  0%| F|  |TAMS 0x0000000082300000, 0x0000000082300000| Untracked 
|  12|0x0000000082400000, 0x0000000082400000, 0x0000000082500000|  0%| F|  |TAMS 0x0000000082400000, 0x0000000082400000| Untracked 
|  13|0x0000000082500000, 0x0000000082500000, 0x0000000082600000|  0%| F|  |TAMS 0x0000000082500000, 0x0000000082500000| Untracked 
|  14|0x0000000082600000, 0x0000000082600000, 0x0000000082700000|  0%| F|  |TAMS 0x0000000082600000, 0x0000000082600000| Untracked 
|  15|0x0000000082700000, 0x0000000082700000, 0x0000000082800000|  0%| F|  |TAMS 0x0000000082700000, 0x0000000082700000| Untracked 
|  16|0x0000000082800000, 0x0000000082800000, 0x0000000082900000|  0%| F|  |TAMS 0x0000000082800000, 0x0000000082800000| Untracked 
|  17|0x0000000082900000, 0x0000000082900000, 0x0000000082a00000|  0%| F|  |TAMS 0x0000000082900000, 0x0000000082900000| Untracked 
|  18|0x0000000082a00000, 0x0000000082a00000, 0x0000000082b00000|  0%| F|  |TAMS 0x0000000082a00000, 0x0000000082a00000| Untracked 
|  19|0x0000000082b00000, 0x0000000082b00000, 0x0000000082c00000|  0%| F|  |TAMS 0x0000000082b00000, 0x0000000082b00000| Untracked 
|  20|0x0000000082c00000, 0x0000000082c00000, 0x0000000082d00000|  0%| F|  |TAMS 0x0000000082c00000, 0x0000000082c00000| Untracked 
|  21|0x0000000082d00000, 0x0000000082d00000, 0x0000000082e00000|  0%| F|  |TAMS 0x0000000082d00000, 0x0000000082d00000| Untracked 
|  22|0x0000000082e00000, 0x0000000082e00000, 0x0000000082f00000|  0%| F|  |TAMS 0x0000000082e00000, 0x0000000082e00000| Untracked 
|  23|0x0000000082f00000, 0x0000000082f00000, 0x0000000083000000|  0%| F|  |TAMS 0x0000000082f00000, 0x0000000082f00000| Untracked 
|  24|0x0000000083000000, 0x0000000083000000, 0x0000000083100000|  0%| F|  |TAMS 0x0000000083000000, 0x0000000083000000| Untracked 
|  25|0x0000000083100000, 0x0000000083100000, 0x0000000083200000|  0%| F|  |TAMS 0x0000000083100000, 0x0000000083100000| Untracked 
|  26|0x0000000083200000, 0x0000000083200000, 0x0000000083300000|  0%| F|  |TAMS 0x0000000083200000, 0x0000000083200000| Untracked 
|  27|0x0000000083300000, 0x0000000083300000, 0x0000000083400000|  0%| F|  |TAMS 0x0000000083300000, 0x0000000083300000| Untracked 
|  28|0x0000000083400000, 0x0000000083400000, 0x0000000083500000|  0%| F|  |TAMS 0x0000000083400000, 0x0000000083400000| Untracked 
|  29|0x0000000083500000, 0x0000000083500000, 0x0000000083600000|  0%| F|  |TAMS 0x0000000083500000, 0x0000000083500000| Untracked 
|  30|0x0000000083600000, 0x0000000083600000, 0x0000000083700000|  0%| F|  |TAMS 0x0000000083600000, 0x0000000083600000| Untracked 
|  31|0x0000000083700000, 0x0000000083700000, 0x0000000083800000|  0%| F|  |TAMS 0x0000000083700000, 0x0000000083700000| Untracked 
|  32|0x0000000083800000, 0x0000000083800000, 0x0000000083900000|  0%| F|  |TAMS 0x0000000083800000, 0x0000000083800000| Untracked 
|  33|0x0000000083900000, 0x0000000083900000, 0x0000000083a00000|  0%| F|  |TAMS 0x0000000083900000, 0x0000000083900000| Untracked 
|  34|0x0000000083a00000, 0x0000000083a00000, 0x0000000083b00000|  0%| F|  |TAMS 0x0000000083a00000, 0x0000000083a00000| Untracked 
|  35|0x0000000083b00000, 0x0000000083b00000, 0x0000000083c00000|  0%| F|  |TAMS 0x0000000083b00000, 0x0000000083b00000| Untracked 
|  36|0x0000000083c00000, 0x0000000083c00000, 0x0000000083d00000|  0%| F|  |TAMS 0x0000000083c00000, 0x0000000083c00000| Untracked 
|  37|0x0000000083d00000, 0x0000000083d00000, 0x0000000083e00000|  0%| F|  |TAMS 0x0000000083d00000, 0x0000000083d00000| Untracked 
|  38|0x0000000083e00000, 0x0000000083e00000, 0x0000000083f00000|  0%| F|  |TAMS 0x0000000083e00000, 0x0000000083e00000| Untracked 
|  39|0x0000000083f00000, 0x0000000083f00000, 0x0000000084000000|  0%| F|  |TAMS 0x0000000083f00000, 0x0000000083f00000| Untracked 
|  40|0x0000000084000000, 0x0000000084000000, 0x0000000084100000|  0%| F|  |TAMS 0x0000000084000000, 0x0000000084000000| Untracked 
|  41|0x0000000084100000, 0x0000000084100000, 0x0000000084200000|  0%| F|  |TAMS 0x0000000084100000, 0x0000000084100000| Untracked 
|  42|0x0000000084200000, 0x0000000084200000, 0x0000000084300000|  0%| F|  |TAMS 0x0000000084200000, 0x0000000084200000| Untracked 
|  43|0x0000000084300000, 0x0000000084300000, 0x0000000084400000|  0%| F|  |TAMS 0x0000000084300000, 0x0000000084300000| Untracked 
|  44|0x0000000084400000, 0x0000000084400000, 0x0000000084500000|  0%| F|  |TAMS 0x0000000084400000, 0x0000000084400000| Untracked 
|  45|0x0000000084500000, 0x0000000084500000, 0x0000000084600000|  0%| F|  |TAMS 0x0000000084500000, 0x0000000084500000| Untracked 
|  46|0x0000000084600000, 0x0000000084600000, 0x0000000084700000|  0%| F|  |TAMS 0x0000000084600000, 0x0000000084600000| Untracked 
|  47|0x0000000084700000, 0x0000000084700000, 0x0000000084800000|  0%| F|  |TAMS 0x0000000084700000, 0x0000000084700000| Untracked 
|  48|0x0000000084800000, 0x0000000084800000, 0x0000000084900000|  0%| F|  |TAMS 0x0000000084800000, 0x0000000084800000| Untracked 
|  49|0x0000000084900000, 0x0000000084900000, 0x0000000084a00000|  0%| F|  |TAMS 0x0000000084900000, 0x0000000084900000| Untracked 
|  50|0x0000000084a00000, 0x0000000084a00000, 0x0000000084b00000|  0%| F|  |TAMS 0x0000000084a00000, 0x0000000084a00000| Untracked 
|  51|0x0000000084b00000, 0x0000000084b00000, 0x0000000084c00000|  0%| F|  |TAMS 0x0000000084b00000, 0x0000000084b00000| Untracked 
|  52|0x0000000084c00000, 0x0000000084c00000, 0x0000000084d00000|  0%| F|  |TAMS 0x0000000084c00000, 0x0000000084c00000| Untracked 
|  53|0x0000000084d00000, 0x0000000084d00000, 0x0000000084e00000|  0%| F|  |TAMS 0x0000000084d00000, 0x0000000084d00000| Untracked 
|  54|0x0000000084e00000, 0x0000000084e00000, 0x0000000084f00000|  0%| F|  |TAMS 0x0000000084e00000, 0x0000000084e00000| Untracked 
|  55|0x0000000084f00000, 0x0000000084f00000, 0x0000000085000000|  0%| F|  |TAMS 0x0000000084f00000, 0x0000000084f00000| Untracked 
|  56|0x0000000085000000, 0x0000000085000000, 0x0000000085100000|  0%| F|  |TAMS 0x0000000085000000, 0x0000000085000000| Untracked 
|  57|0x0000000085100000, 0x0000000085100000, 0x0000000085200000|  0%| F|  |TAMS 0x0000000085100000, 0x0000000085100000| Untracked 
|  58|0x0000000085200000, 0x0000000085200000, 0x0000000085300000|  0%| F|  |TAMS 0x0000000085200000, 0x0000000085200000| Untracked 
|  59|0x0000000085300000, 0x0000000085300000, 0x0000000085400000|  0%| F|  |TAMS 0x0000000085300000, 0x0000000085300000| Untracked 
|  60|0x0000000085400000, 0x0000000085400000, 0x0000000085500000|  0%| F|  |TAMS 0x0000000085400000, 0x0000000085400000| Untracked 
|  61|0x0000000085500000, 0x0000000085500000, 0x0000000085600000|  0%| F|  |TAMS 0x0000000085500000, 0x0000000085500000| Untracked 
|  62|0x0000000085600000, 0x0000000085600000, 0x0000000085700000|  0%| F|  |TAMS 0x0000000085600000, 0x0000000085600000| Untracked 
|  63|0x0000000085700000, 0x0000000085700000, 0x0000000085800000|  0%| F|  |TAMS 0x0000000085700000, 0x0000000085700000| Untracked 
|  64|0x0000000085800000, 0x0000000085800000, 0x0000000085900000|  0%| F|  |TAMS 0x0000000085800000, 0x0000000085800000| Untracked 
|  65|0x0000000085900000, 0x0000000085900000, 0x0000000085a00000|  0%| F|  |TAMS 0x0000000085900000, 0x0000000085900000| Untracked 
|  66|0x0000000085a00000, 0x0000000085a00000, 0x0000000085b00000|  0%| F|  |TAMS 0x0000000085a00000, 0x0000000085a00000| Untracked 
|  67|0x0000000085b00000, 0x0000000085b00000, 0x0000000085c00000|  0%| F|  |TAMS 0x0000000085b00000, 0x0000000085b00000| Untracked 
|  68|0x0000000085c00000, 0x0000000085c00000, 0x0000000085d00000|  0%| F|  |TAMS 0x0000000085c00000, 0x0000000085c00000| Untracked 
|  69|0x0000000085d00000, 0x0000000085d00000, 0x0000000085e00000|  0%| F|  |TAMS 0x0000000085d00000, 0x0000000085d00000| Untracked 
|  70|0x0000000085e00000, 0x0000000085e00000, 0x0000000085f00000|  0%| F|  |TAMS 0x0000000085e00000, 0x0000000085e00000| Untracked 
|  71|0x0000000085f00000, 0x0000000085f00000, 0x0000000086000000|  0%| F|  |TAMS 0x0000000085f00000, 0x0000000085f00000| Untracked 
|  72|0x0000000086000000, 0x0000000086000000, 0x0000000086100000|  0%| F|  |TAMS 0x0000000086000000, 0x0000000086000000| Untracked 
|  73|0x0000000086100000, 0x0000000086100000, 0x0000000086200000|  0%| F|  |TAMS 0x0000000086100000, 0x0000000086100000| Untracked 
|  74|0x0000000086200000, 0x0000000086200000, 0x0000000086300000|  0%| F|  |TAMS 0x0000000086200000, 0x0000000086200000| Untracked 
|  75|0x0000000086300000, 0x0000000086300000, 0x0000000086400000|  0%| F|  |TAMS 0x0000000086300000, 0x0000000086300000| Untracked 
|  76|0x0000000086400000, 0x0000000086400000, 0x0000000086500000|  0%| F|  |TAMS 0x0000000086400000, 0x0000000086400000| Untracked 
|  77|0x0000000086500000, 0x0000000086500000, 0x0000000086600000|  0%| F|  |TAMS 0x0000000086500000, 0x0000000086500000| Untracked 
|  78|0x0000000086600000, 0x0000000086600000, 0x0000000086700000|  0%| F|  |TAMS 0x0000000086600000, 0x0000000086600000| Untracked 
|  79|0x0000000086700000, 0x0000000086700000, 0x0000000086800000|  0%| F|  |TAMS 0x0000000086700000, 0x0000000086700000| Untracked 
|  80|0x0000000086800000, 0x0000000086800000, 0x0000000086900000|  0%| F|  |TAMS 0x0000000086800000, 0x0000000086800000| Untracked 
|  81|0x0000000086900000, 0x0000000086900000, 0x0000000086a00000|  0%| F|  |TAMS 0x0000000086900000, 0x0000000086900000| Untracked 
|  82|0x0000000086a00000, 0x0000000086a00000, 0x0000000086b00000|  0%| F|  |TAMS 0x0000000086a00000, 0x0000000086a00000| Untracked 
|  83|0x0000000086b00000, 0x0000000086b00000, 0x0000000086c00000|  0%| F|  |TAMS 0x0000000086b00000, 0x0000000086b00000| Untracked 
|  84|0x0000000086c00000, 0x0000000086c00000, 0x0000000086d00000|  0%| F|  |TAMS 0x0000000086c00000, 0x0000000086c00000| Untracked 
|  85|0x0000000086d00000, 0x0000000086d00000, 0x0000000086e00000|  0%| F|  |TAMS 0x0000000086d00000, 0x0000000086d00000| Untracked 
|  86|0x0000000086e00000, 0x0000000086e00000, 0x0000000086f00000|  0%| F|  |TAMS 0x0000000086e00000, 0x0000000086e00000| Untracked 
|  87|0x0000000086f00000, 0x0000000086f00000, 0x0000000087000000|  0%| F|  |TAMS 0x0000000086f00000, 0x0000000086f00000| Untracked 
|  88|0x0000000087000000, 0x0000000087000000, 0x0000000087100000|  0%| F|  |TAMS 0x0000000087000000, 0x0000000087000000| Untracked 
|  89|0x0000000087100000, 0x0000000087100000, 0x0000000087200000|  0%| F|  |TAMS 0x0000000087100000, 0x0000000087100000| Untracked 
|  90|0x0000000087200000, 0x0000000087200000, 0x0000000087300000|  0%| F|  |TAMS 0x0000000087200000, 0x0000000087200000| Untracked 
|  91|0x0000000087300000, 0x0000000087300000, 0x0000000087400000|  0%| F|  |TAMS 0x0000000087300000, 0x0000000087300000| Untracked 
|  92|0x0000000087400000, 0x0000000087400000, 0x0000000087500000|  0%| F|  |TAMS 0x0000000087400000, 0x0000000087400000| Untracked 
|  93|0x0000000087500000, 0x0000000087580800, 0x0000000087600000| 50%| E|  |TAMS 0x0000000087500000, 0x0000000087500000| Complete 
|  94|0x0000000087600000, 0x0000000087700000, 0x0000000087700000|100%| E|CS|TAMS 0x0000000087600000, 0x0000000087600000| Complete 
|  95|0x0000000087700000, 0x0000000087800000, 0x0000000087800000|100%| E|CS|TAMS 0x0000000087700000, 0x0000000087700000| Complete 
|  96|0x0000000087800000, 0x0000000087900000, 0x0000000087900000|100%| E|CS|TAMS 0x0000000087800000, 0x0000000087800000| Complete 
|  97|0x0000000087900000, 0x0000000087a00000, 0x0000000087a00000|100%| E|CS|TAMS 0x0000000087900000, 0x0000000087900000| Complete 
|  98|0x0000000087a00000, 0x0000000087b00000, 0x0000000087b00000|100%| E|CS|TAMS 0x0000000087a00000, 0x0000000087a00000| Complete 
|  99|0x0000000087b00000, 0x0000000087b63f60, 0x0000000087c00000| 39%| S|CS|TAMS 0x0000000087b00000, 0x0000000087b00000| Complete 
| 100|0x0000000087c00000, 0x0000000087d00000, 0x0000000087d00000|100%| S|CS|TAMS 0x0000000087c00000, 0x0000000087c00000| Complete 
| 101|0x0000000087d00000, 0x0000000087e00000, 0x0000000087e00000|100%| S|CS|TAMS 0x0000000087d00000, 0x0000000087d00000| Complete 
| 102|0x0000000087e00000, 0x0000000087f00000, 0x0000000087f00000|100%| S|CS|TAMS 0x0000000087e00000, 0x0000000087e00000| Complete 
| 103|0x0000000087f00000, 0x0000000088000000, 0x0000000088000000|100%| E|CS|TAMS 0x0000000087f00000, 0x0000000087f00000| Complete 
| 104|0x0000000088000000, 0x0000000088100000, 0x0000000088100000|100%| E|CS|TAMS 0x0000000088000000, 0x0000000088000000| Complete 
| 105|0x0000000088100000, 0x0000000088200000, 0x0000000088200000|100%| E|CS|TAMS 0x0000000088100000, 0x0000000088100000| Complete 
| 106|0x0000000088200000, 0x0000000088300000, 0x0000000088300000|100%| E|CS|TAMS 0x0000000088200000, 0x0000000088200000| Complete 
| 107|0x0000000088300000, 0x0000000088400000, 0x0000000088400000|100%| E|CS|TAMS 0x0000000088300000, 0x0000000088300000| Complete 
| 108|0x0000000088400000, 0x0000000088500000, 0x0000000088500000|100%| E|CS|TAMS 0x0000000088400000, 0x0000000088400000| Complete 
| 109|0x0000000088500000, 0x0000000088600000, 0x0000000088600000|100%| E|CS|TAMS 0x0000000088500000, 0x0000000088500000| Complete 
| 110|0x0000000088600000, 0x0000000088700000, 0x0000000088700000|100%| E|CS|TAMS 0x0000000088600000, 0x0000000088600000| Complete 
| 111|0x0000000088700000, 0x0000000088800000, 0x0000000088800000|100%| E|CS|TAMS 0x0000000088700000, 0x0000000088700000| Complete 
| 112|0x0000000088800000, 0x0000000088900000, 0x0000000088900000|100%| E|CS|TAMS 0x0000000088800000, 0x0000000088800000| Complete 
| 113|0x0000000088900000, 0x0000000088a00000, 0x0000000088a00000|100%| E|CS|TAMS 0x0000000088900000, 0x0000000088900000| Complete 
| 114|0x0000000088a00000, 0x0000000088b00000, 0x0000000088b00000|100%| E|CS|TAMS 0x0000000088a00000, 0x0000000088a00000| Complete 
| 115|0x0000000088b00000, 0x0000000088c00000, 0x0000000088c00000|100%| E|CS|TAMS 0x0000000088b00000, 0x0000000088b00000| Complete 
| 116|0x0000000088c00000, 0x0000000088d00000, 0x0000000088d00000|100%| E|CS|TAMS 0x0000000088c00000, 0x0000000088c00000| Complete 
| 117|0x0000000088d00000, 0x0000000088e00000, 0x0000000088e00000|100%| E|CS|TAMS 0x0000000088d00000, 0x0000000088d00000| Complete 
| 118|0x0000000088e00000, 0x0000000088f00000, 0x0000000088f00000|100%| E|CS|TAMS 0x0000000088e00000, 0x0000000088e00000| Complete 
| 119|0x0000000088f00000, 0x0000000089000000, 0x0000000089000000|100%| E|CS|TAMS 0x0000000088f00000, 0x0000000088f00000| Complete 
| 120|0x0000000089000000, 0x0000000089100000, 0x0000000089100000|100%| E|CS|TAMS 0x0000000089000000, 0x0000000089000000| Complete 
| 121|0x0000000089100000, 0x0000000089200000, 0x0000000089200000|100%| E|CS|TAMS 0x0000000089100000, 0x0000000089100000| Complete 
| 122|0x0000000089200000, 0x0000000089300000, 0x0000000089300000|100%| E|CS|TAMS 0x0000000089200000, 0x0000000089200000| Complete 
| 123|0x0000000089300000, 0x0000000089400000, 0x0000000089400000|100%| E|CS|TAMS 0x0000000089300000, 0x0000000089300000| Complete 
| 124|0x0000000089400000, 0x0000000089500000, 0x0000000089500000|100%| E|CS|TAMS 0x0000000089400000, 0x0000000089400000| Complete 
| 125|0x0000000089500000, 0x0000000089600000, 0x0000000089600000|100%| E|CS|TAMS 0x0000000089500000, 0x0000000089500000| Complete 
| 126|0x0000000089600000, 0x0000000089700000, 0x0000000089700000|100%| E|CS|TAMS 0x0000000089600000, 0x0000000089600000| Complete 
| 127|0x0000000089700000, 0x0000000089800000, 0x0000000089800000|100%| E|CS|TAMS 0x0000000089700000, 0x0000000089700000| Complete 

Card table byte_map: [0x00000210cd020000,0x00000210cd420000] _byte_map_base: 0x00000210ccc14000

Marking Bits (Prev, Next): (CMBitMap*) 0x00000210b618b950, (CMBitMap*) 0x00000210b618b990
 Prev Bits: [0x00000210cd820000, 0x00000210cf7c0000)
 Next Bits: [0x00000210cf7c0000, 0x00000210d1760000)

Polling page: 0x00000210b3f90000

Metaspace:

Usage:
  Non-class:     15.61 MB used.
      Class:      2.28 MB used.
       Both:     17.89 MB used.

Virtual space:
  Non-class space:       24.00 MB reserved,      15.69 MB ( 65%) committed,  3 nodes.
      Class space:        1.00 GB reserved,       2.38 MB ( <1%) committed,  1 nodes.
             Both:        1.02 GB reserved,      18.06 MB (  2%) committed. 

Chunk freelists:
   Non-Class:  3.81 MB
       Class:  1.62 MB
        Both:  5.44 MB

MaxMetaspaceSize: unlimited
CompressedClassSpaceSize: 1.00 GB
Initial GC threshold: 21.00 MB
Current GC threshold: 21.00 MB
CDS: on
MetaspaceReclaimPolicy: balanced
 - commit_granule_bytes: 65536.
 - commit_granule_words: 8192.
 - virtual_space_node_default_size: 1048576.
 - enlarge_chunks_in_place: 1.
 - new_chunks_are_fully_committed: 0.
 - uncommit_free_chunks: 1.
 - use_allocation_guard: 0.
 - handle_deallocations: 1.


Internal statistics:

num_allocs_failed_limit: 0.
num_arena_births: 182.
num_arena_deaths: 0.
num_vsnodes_births: 4.
num_vsnodes_deaths: 0.
num_space_committed: 289.
num_space_uncommitted: 0.
num_chunks_returned_to_freelist: 0.
num_chunks_taken_from_freelist: 782.
num_chunk_merges: 0.
num_chunk_splits: 534.
num_chunks_enlarged: 428.
num_purges: 0.
num_inconsistent_stats: 0.

CodeHeap 'non-profiled nmethods': size=120000Kb used=923Kb max_used=923Kb free=119076Kb
 bounds [0x00000210c56f0000, 0x00000210c5960000, 0x00000210ccc20000]
CodeHeap 'profiled nmethods': size=120000Kb used=4341Kb max_used=4341Kb free=115659Kb
 bounds [0x00000210be1c0000, 0x00000210be600000, 0x00000210c56f0000]
CodeHeap 'non-nmethods': size=5760Kb used=1171Kb max_used=1220Kb free=4588Kb
 bounds [0x00000210bdc20000, 0x00000210bde90000, 0x00000210be1c0000]
 total_blobs=2665 nmethods=2197 adapters=380
 compilation: enabled
              stopped_count=0, restarted_count=0
 full_count=0

Compilation events (20 events):
Event: 3.600 Thread 0x00000210d3c2cc90 2177   !   3       jdk.proxy1.$Proxy2::annotationType (29 bytes)
Event: 3.600 Thread 0x00000210d3c2cc90 nmethod 2177 0x00000210be5f0210 code [0x00000210be5f03e0, 0x00000210be5f07d8]
Event: 3.600 Thread 0x00000210d3c2cc90 2176       3       jdk.internal.reflect.DelegatingMethodAccessorImpl::invoke (10 bytes)
Event: 3.601 Thread 0x00000210d3c2cc90 nmethod 2176 0x00000210be5f0990 code [0x00000210be5f0b40, 0x00000210be5f0d08]
Event: 3.602 Thread 0x00000210d4a469d0 nmethod 2163 0x00000210c57d3f90 code [0x00000210c57d4120, 0x00000210c57d4418]
Event: 3.603 Thread 0x00000210d4a469d0 2161       4       org.springframework.asm.ClassReader::readUnsignedShort (26 bytes)
Event: 3.604 Thread 0x00000210d4a469d0 nmethod 2161 0x00000210c57d4590 code [0x00000210c57d4700, 0x00000210c57d47d8]
Event: 3.610 Thread 0x00000210d3c2cc90 2178       3       org.springframework.boot.context.properties.source.SoftReferenceConfigurationPropertyCache::hasExpired (60 bytes)
Event: 3.611 Thread 0x00000210d3c2cc90 nmethod 2178 0x00000210be5f0e10 code [0x00000210be5f1020, 0x00000210be5f16d8]
Event: 3.612 Thread 0x00000210d3c2cc90 2179       3       java.util.AbstractCollection::isEmpty (13 bytes)
Event: 3.613 Thread 0x00000210d3c2cc90 nmethod 2179 0x00000210be5f1910 code [0x00000210be5f1ac0, 0x00000210be5f1ce8]
Event: 3.624 Thread 0x00000210d3c2cc90 2180   !   3       jdk.internal.reflect.ReflectionFactory::checkInitted (100 bytes)
Event: 3.624 Thread 0x00000210d4a469d0 2181       4       java.util.HashMap::putVal (300 bytes)
Event: 3.625 Thread 0x00000210d3c2cc90 nmethod 2180 0x00000210be5f1d90 code [0x00000210be5f20a0, 0x00000210be5f30c8]
Event: 3.625 Thread 0x00000210d3c2cc90 2182       3       jdk.internal.loader.AbstractClassLoaderValue::sub (10 bytes)
Event: 3.626 Thread 0x00000210d3c2cc90 nmethod 2182 0x00000210be5f3590 code [0x00000210be5f3740, 0x00000210be5f3a78]
Event: 3.626 Thread 0x00000210d3c2cc90 2183       3       jdk.internal.loader.AbstractClassLoaderValue$Sub::<init> (15 bytes)
Event: 3.626 Thread 0x00000210d3c2cc90 nmethod 2183 0x00000210be5f3b90 code [0x00000210be5f3d40, 0x00000210be5f3fb8]
Event: 3.629 Thread 0x00000210d3c2cc90 2185  s    3       java.util.Properties::put (10 bytes)
Event: 3.629 Thread 0x00000210d3c2cc90 nmethod 2185 0x00000210be5f4090 code [0x00000210be5f4240, 0x00000210be5f44a8]

GC Heap History (6 events):
Event: 0.998 GC heap before
{Heap before GC invocations=0 (full 0):
 garbage-first heap   total 131072K, used 13312K [0x0000000081800000, 0x0000000100000000)
  region size 1024K, 13 young (13312K), 0 survivors (0K)
 Metaspace       used 2860K, committed 3008K, reserved 1056768K
  class space    used 307K, committed 384K, reserved 1048576K
}
Event: 1.004 GC heap after
{Heap after GC invocations=1 (full 0):
 garbage-first heap   total 131072K, used 6312K [0x0000000081800000, 0x0000000100000000)
  region size 1024K, 2 young (2048K), 2 survivors (2048K)
 Metaspace       used 2860K, committed 3008K, reserved 1056768K
  class space    used 307K, committed 384K, reserved 1048576K
}
Event: 1.716 GC heap before
{Heap before GC invocations=1 (full 0):
 garbage-first heap   total 131072K, used 16552K [0x0000000081800000, 0x0000000100000000)
  region size 1024K, 13 young (13312K), 2 survivors (2048K)
 Metaspace       used 5895K, committed 6144K, reserved 1056768K
  class space    used 718K, committed 832K, reserved 1048576K
}
Event: 1.722 GC heap after
{Heap after GC invocations=2 (full 0):
 garbage-first heap   total 131072K, used 8221K [0x0000000081800000, 0x0000000100000000)
  region size 1024K, 2 young (2048K), 2 survivors (2048K)
 Metaspace       used 5895K, committed 6144K, reserved 1056768K
  class space    used 718K, committed 832K, reserved 1048576K
}
Event: 2.890 GC heap before
{Heap before GC invocations=2 (full 0):
 garbage-first heap   total 131072K, used 31773K [0x0000000081800000, 0x0000000100000000)
  region size 1024K, 25 young (25600K), 2 survivors (2048K)
 Metaspace       used 11240K, committed 11456K, reserved 1064960K
  class space    used 1452K, committed 1536K, reserved 1048576K
}
Event: 2.896 GC heap after
{Heap after GC invocations=3 (full 0):
 garbage-first heap   total 131072K, used 9862K [0x0000000081800000, 0x0000000100000000)
  region size 1024K, 4 young (4096K), 4 survivors (4096K)
 Metaspace       used 11240K, committed 11456K, reserved 1064960K
  class space    used 1452K, committed 1536K, reserved 1048576K
}

Deoptimization events (20 events):
Event: 3.119 Thread 0x00000210b614ae50 Uncommon trap: trap_request=0xffffff45 fr.pc=0x00000210c5797c90 relative=0x0000000000001470
Event: 3.119 Thread 0x00000210b614ae50 Uncommon trap: reason=unstable_if action=reinterpret pc=0x00000210c5797c90 method=java.net.URL.<init>(Ljava/net/URL;Ljava/lang/String;Ljava/net/URLStreamHandler;)V @ 347 c2
Event: 3.119 Thread 0x00000210b614ae50 DEOPT PACKING pc=0x00000210c5797c90 sp=0x0000003f2e4fc490
Event: 3.119 Thread 0x00000210b614ae50 DEOPT UNPACKING pc=0x00000210bdc723a3 sp=0x0000003f2e4fc410 mode 2
Event: 3.240 Thread 0x00000210b614ae50 Uncommon trap: trap_request=0xffffff45 fr.pc=0x00000210c575a7ec relative=0x00000000000004ac
Event: 3.240 Thread 0x00000210b614ae50 Uncommon trap: reason=unstable_if action=reinterpret pc=0x00000210c575a7ec method=java.util.HashMap.hash(Ljava/lang/Object;)I @ 1 c2
Event: 3.240 Thread 0x00000210b614ae50 DEOPT PACKING pc=0x00000210c575a7ec sp=0x0000003f2e4fbdc0
Event: 3.240 Thread 0x00000210b614ae50 DEOPT UNPACKING pc=0x00000210bdc723a3 sp=0x0000003f2e4fbc58 mode 2
Event: 3.241 Thread 0x00000210b614ae50 Uncommon trap: trap_request=0xffffff45 fr.pc=0x00000210c57517bc relative=0x000000000000047c
Event: 3.241 Thread 0x00000210b614ae50 Uncommon trap: reason=unstable_if action=reinterpret pc=0x00000210c57517bc method=java.util.HashMap.hash(Ljava/lang/Object;)I @ 1 c2
Event: 3.241 Thread 0x00000210b614ae50 DEOPT PACKING pc=0x00000210c57517bc sp=0x0000003f2e4fbd80
Event: 3.241 Thread 0x00000210b614ae50 DEOPT UNPACKING pc=0x00000210bdc723a3 sp=0x0000003f2e4fbc98 mode 2
Event: 3.469 Thread 0x00000210b614ae50 Uncommon trap: trap_request=0xffffff45 fr.pc=0x00000210c57483f8 relative=0x0000000000000258
Event: 3.469 Thread 0x00000210b614ae50 Uncommon trap: reason=unstable_if action=reinterpret pc=0x00000210c57483f8 method=java.util.concurrent.ConcurrentHashMap.get(Ljava/lang/Object;)Ljava/lang/Object; @ 76 c2
Event: 3.469 Thread 0x00000210b614ae50 DEOPT PACKING pc=0x00000210c57483f8 sp=0x0000003f2e4fa910
Event: 3.469 Thread 0x00000210b614ae50 DEOPT UNPACKING pc=0x00000210bdc723a3 sp=0x0000003f2e4fa888 mode 2
Event: 3.581 Thread 0x00000210b614ae50 Uncommon trap: trap_request=0xffffff45 fr.pc=0x00000210c574a86c relative=0x0000000000000f8c
Event: 3.581 Thread 0x00000210b614ae50 Uncommon trap: reason=unstable_if action=reinterpret pc=0x00000210c574a86c method=jdk.internal.org.objectweb.asm.SymbolTable.put(Ljdk/internal/org/objectweb/asm/SymbolTable$Entry;)Ljdk/internal/org/objectweb/asm/SymbolTable$Entry; @ 13 c2
Event: 3.581 Thread 0x00000210b614ae50 DEOPT PACKING pc=0x00000210c574a86c sp=0x0000003f2e4fa4c0
Event: 3.581 Thread 0x00000210b614ae50 DEOPT UNPACKING pc=0x00000210bdc723a3 sp=0x0000003f2e4fa418 mode 2

Classes unloaded (0 events):
No events

Classes redefined (0 events):
No events

Internal exceptions (20 events):
Event: 2.884 Thread 0x00000210b614ae50 Exception <a 'java/lang/NoSuchMethodError'{0x0000000087fde008}: 'java.lang.Object java.lang.invoke.DirectMethodHandle$Holder.newInvokeSpecial(java.lang.Object, int, java.lang.Object)'> (0x0000000087fde008) 
thrown [c:\jenkins\workspace\zulu17-build-win64\zulu-src.git\src\hotspot\share\interpreter\linkResolver.cpp, line 766]
Event: 2.960 Thread 0x00000210b614ae50 Exception <a 'java/lang/NoSuchMethodError'{0x0000000089610320}: 'void java.lang.invoke.DirectMethodHandle$Holder.invokeStaticInit(java.lang.Object, java.lang.Object)'> (0x0000000089610320) 
thrown [c:\jenkins\workspace\zulu17-build-win64\zulu-src.git\src\hotspot\share\interpreter\linkResolver.cpp, line 766]
Event: 3.115 Thread 0x00000210d5811c20 Exception <a 'java/lang/NoClassDefFoundError'{0x0000000089498608}: javax/validation/Validation> (0x0000000089498608) 
thrown [c:\jenkins\workspace\zulu17-build-win64\zulu-src.git\src\hotspot\share\classfile\systemDictionary.cpp, line 245]
Event: 3.170 Thread 0x00000210d5811c20 Exception <a 'java/lang/NoSuchMethodError'{0x00000000892e2580}: 'java.lang.Object java.lang.invoke.DirectMethodHandle$Holder.invokeStaticInit(java.lang.Object, java.lang.Object, java.lang.Object, java.lang.Object, java.lang.Object)'> (0x00000000892e2580) 
thrown [c:\jenkins\workspace\zulu17-build-win64\zulu-src.git\src\hotspot\share\interpreter\linkResolver.cpp, line 766]
Event: 3.240 Thread 0x00000210b614ae50 Implicit null exception at 0x00000210c575a38f to 0x00000210c575a7cc
Event: 3.241 Thread 0x00000210b614ae50 Implicit null exception at 0x00000210c575138e to 0x00000210c575179c
Event: 3.462 Thread 0x00000210b614ae50 Exception <a 'java/lang/ClassNotFoundException'{0x000000008849aa58}: java/lang/ObjectCustomizer> (0x000000008849aa58) 
thrown [c:\jenkins\workspace\zulu17-build-win64\zulu-src.git\src\hotspot\share\classfile\systemDictionary.cpp, line 256]
Event: 3.473 Thread 0x00000210b614ae50 Exception <a 'java/lang/ClassNotFoundException'{0x00000000884b42e8}: org/springframework/context/annotation/ConfigurationClassPostProcessorCustomizer> (0x00000000884b42e8) 
thrown [c:\jenkins\workspace\zulu17-build-win64\zulu-src.git\src\hotspot\share\classfile\systemDictionary.cpp, line 256]
Event: 3.494 Thread 0x00000210b614ae50 Exception <a 'java/lang/ClassNotFoundException'{0x00000000884fcbe0}: org/springframework/beans/factory/support/BeanDefinitionRegistryPostProcessorCustomizer> (0x00000000884fcbe0) 
thrown [c:\jenkins\workspace\zulu17-build-win64\zulu-src.git\src\hotspot\share\classfile\systemDictionary.cpp, line 256]
Event: 3.496 Thread 0x00000210b614ae50 Exception <a 'java/lang/ClassNotFoundException'{0x00000000883844b8}: org/springframework/beans/factory/config/BeanFactoryPostProcessorCustomizer> (0x00000000883844b8) 
thrown [c:\jenkins\workspace\zulu17-build-win64\zulu-src.git\src\hotspot\share\classfile\systemDictionary.cpp, line 256]
Event: 3.497 Thread 0x00000210b614ae50 Exception <a 'java/lang/ClassNotFoundException'{0x000000008838ab90}: org/springframework/core/PriorityOrderedCustomizer> (0x000000008838ab90) 
thrown [c:\jenkins\workspace\zulu17-build-win64\zulu-src.git\src\hotspot\share\classfile\systemDictionary.cpp, line 256]
Event: 3.498 Thread 0x00000210b614ae50 Exception <a 'java/lang/ClassNotFoundException'{0x000000008838fe60}: org/springframework/core/OrderedCustomizer> (0x000000008838fe60) 
thrown [c:\jenkins\workspace\zulu17-build-win64\zulu-src.git\src\hotspot\share\classfile\systemDictionary.cpp, line 256]
Event: 3.499 Thread 0x00000210b614ae50 Exception <a 'java/lang/ClassNotFoundException'{0x0000000088396428}: org/springframework/context/ResourceLoaderAwareCustomizer> (0x0000000088396428) 
thrown [c:\jenkins\workspace\zulu17-build-win64\zulu-src.git\src\hotspot\share\classfile\systemDictionary.cpp, line 256]
Event: 3.500 Thread 0x00000210b614ae50 Exception <a 'java/lang/ClassNotFoundException'{0x000000008839cb08}: org/springframework/beans/factory/AwareCustomizer> (0x000000008839cb08) 
thrown [c:\jenkins\workspace\zulu17-build-win64\zulu-src.git\src\hotspot\share\classfile\systemDictionary.cpp, line 256]
Event: 3.501 Thread 0x00000210b614ae50 Exception <a 'java/lang/ClassNotFoundException'{0x00000000883a2220}: org/springframework/context/ApplicationStartupAwareCustomizer> (0x00000000883a2220) 
thrown [c:\jenkins\workspace\zulu17-build-win64\zulu-src.git\src\hotspot\share\classfile\systemDictionary.cpp, line 256]
Event: 3.502 Thread 0x00000210b614ae50 Exception <a 'java/lang/ClassNotFoundException'{0x00000000883a8b88}: org/springframework/beans/factory/AwareCustomizer> (0x00000000883a8b88) 
thrown [c:\jenkins\workspace\zulu17-build-win64\zulu-src.git\src\hotspot\share\classfile\systemDictionary.cpp, line 256]
Event: 3.502 Thread 0x00000210b614ae50 Exception <a 'java/lang/ClassNotFoundException'{0x00000000883ae358}: org/springframework/beans/factory/BeanClassLoaderAwareCustomizer> (0x00000000883ae358) 
thrown [c:\jenkins\workspace\zulu17-build-win64\zulu-src.git\src\hotspot\share\classfile\systemDictionary.cpp, line 256]
Event: 3.505 Thread 0x00000210b614ae50 Exception <a 'java/lang/ClassNotFoundException'{0x00000000883b4a20}: org/springframework/beans/factory/AwareCustomizer> (0x00000000883b4a20) 
thrown [c:\jenkins\workspace\zulu17-build-win64\zulu-src.git\src\hotspot\share\classfile\systemDictionary.cpp, line 256]
Event: 3.508 Thread 0x00000210b614ae50 Exception <a 'java/lang/ClassNotFoundException'{0x00000000883b9ee0}: org/springframework/context/EnvironmentAwareCustomizer> (0x00000000883b9ee0) 
thrown [c:\jenkins\workspace\zulu17-build-win64\zulu-src.git\src\hotspot\share\classfile\systemDictionary.cpp, line 256]
Event: 3.510 Thread 0x00000210b614ae50 Exception <a 'java/lang/ClassNotFoundException'{0x00000000883c0540}: org/springframework/beans/factory/AwareCustomizer> (0x00000000883c0540) 
thrown [c:\jenkins\workspace\zulu17-build-win64\zulu-src.git\src\hotspot\share\classfile\systemDictionary.cpp, line 256]

VM Operations (20 events):
Event: 1.992 Executing VM operation: HandshakeAllThreads
Event: 1.992 Executing VM operation: HandshakeAllThreads done
Event: 2.528 Executing VM operation: HandshakeAllThreads
Event: 2.528 Executing VM operation: HandshakeAllThreads done
Event: 2.870 Executing VM operation: HandshakeAllThreads
Event: 2.870 Executing VM operation: HandshakeAllThreads done
Event: 2.870 Executing VM operation: Cleanup
Event: 2.870 Executing VM operation: Cleanup done
Event: 2.890 Executing VM operation: G1CollectForAllocation
Event: 2.897 Executing VM operation: G1CollectForAllocation done
Event: 2.917 Executing VM operation: HandshakeAllThreads
Event: 2.917 Executing VM operation: HandshakeAllThreads done
Event: 3.386 Executing VM operation: HandshakeAllThreads
Event: 3.387 Executing VM operation: HandshakeAllThreads done
Event: 3.467 Executing VM operation: HandshakeAllThreads
Event: 3.468 Executing VM operation: HandshakeAllThreads done
Event: 3.524 Executing VM operation: ICBufferFull
Event: 3.524 Executing VM operation: ICBufferFull done
Event: 3.538 Executing VM operation: HandshakeAllThreads
Event: 3.538 Executing VM operation: HandshakeAllThreads done

Events (20 events):
Event: 3.467 loading class com/sun/beans/WildcardTypeImpl
Event: 3.467 loading class com/sun/beans/WildcardTypeImpl done
Event: 3.468 loading class java/beans/BeanProperty
Event: 3.468 loading class java/beans/BeanProperty done
Event: 3.468 loading class jdk/internal/vm/annotation/IntrinsicCandidate
Event: 3.468 loading class jdk/internal/vm/annotation/IntrinsicCandidate done
Event: 3.470 loading class com/sun/beans/introspect/PropertyInfo$Name
Event: 3.471 loading class com/sun/beans/introspect/PropertyInfo$Name done
Event: 3.471 loading class java/beans/GenericBeanInfo
Event: 3.471 loading class java/beans/SimpleBeanInfo
Event: 3.471 loading class java/beans/SimpleBeanInfo done
Event: 3.471 loading class java/beans/GenericBeanInfo done
Event: 3.474 loading class java/util/Hashtable$EntrySet
Event: 3.474 loading class java/util/Hashtable$EntrySet done
Event: 3.514 loading class java/util/concurrent/ConcurrentLinkedDeque$Itr
Event: 3.515 loading class java/util/concurrent/ConcurrentLinkedDeque$AbstractItr
Event: 3.515 loading class java/util/concurrent/ConcurrentLinkedDeque$AbstractItr done
Event: 3.515 loading class java/util/concurrent/ConcurrentLinkedDeque$Itr done
Event: 3.531 loading class java/net/SocketException
Event: 3.531 loading class java/net/SocketException done


Dynamic libraries:
0x00007ff6a1550000 - 0x00007ff6a155e000 	C:\Users\Laptop\.jdks\azul-17.0.2\bin\java.exe
0x00007ff9ce390000 - 0x00007ff9ce585000 	C:\WINDOWS\SYSTEM32\ntdll.dll
0x00007ff9cc500000 - 0x00007ff9cc5be000 	C:\WINDOWS\System32\KERNEL32.DLL
0x00007ff9cbc40000 - 0x00007ff9cbf08000 	C:\WINDOWS\System32\KERNELBASE.dll
0x00007ff9cbfb0000 - 0x00007ff9cc0b0000 	C:\WINDOWS\System32\ucrtbase.dll
0x00007ff9b4580000 - 0x00007ff9b4598000 	C:\Users\Laptop\.jdks\azul-17.0.2\bin\jli.dll
0x00007ff995280000 - 0x00007ff99529b000 	C:\Users\Laptop\.jdks\azul-17.0.2\bin\VCRUNTIME140.dll
0x00007ff9cc6e0000 - 0x00007ff9cc881000 	C:\WINDOWS\System32\USER32.dll
0x00007ff9cc240000 - 0x00007ff9cc262000 	C:\WINDOWS\System32\win32u.dll
0x00007ff9cd350000 - 0x00007ff9cd37b000 	C:\WINDOWS\System32\GDI32.dll
0x00007ff9b6dc0000 - 0x00007ff9b705a000 	C:\WINDOWS\WinSxS\amd64_microsoft.windows.common-controls_6595b64144ccf1df_6.0.19041.1110_none_60b5254171f9507e\COMCTL32.dll
0x00007ff9ce120000 - 0x00007ff9ce1be000 	C:\WINDOWS\System32\msvcrt.dll
0x00007ff9cbb00000 - 0x00007ff9cbc0d000 	C:\WINDOWS\System32\gdi32full.dll
0x00007ff9cbf10000 - 0x00007ff9cbfad000 	C:\WINDOWS\System32\msvcp_win.dll
0x00007ff9cd3f0000 - 0x00007ff9cd420000 	C:\WINDOWS\System32\IMM32.DLL
0x00007ff9a66d0000 - 0x00007ff9a66dc000 	C:\Users\Laptop\.jdks\azul-17.0.2\bin\vcruntime140_1.dll
0x00007ff9840c0000 - 0x00007ff98414d000 	C:\Users\Laptop\.jdks\azul-17.0.2\bin\msvcp140.dll
0x00007ff9687c0000 - 0x00007ff969420000 	C:\Users\Laptop\.jdks\azul-17.0.2\bin\server\jvm.dll
0x00007ff9cc3f0000 - 0x00007ff9cc49e000 	C:\WINDOWS\System32\ADVAPI32.dll
0x00007ff9cc5c0000 - 0x00007ff9cc65c000 	C:\WINDOWS\System32\sechost.dll
0x00007ff9ce1c0000 - 0x00007ff9ce2e5000 	C:\WINDOWS\System32\RPCRT4.dll
0x00007ff9cd340000 - 0x00007ff9cd348000 	C:\WINDOWS\System32\PSAPI.DLL
0x00007ff9ad870000 - 0x00007ff9ad879000 	C:\WINDOWS\SYSTEM32\WSOCK32.dll
0x00007ff9cd380000 - 0x00007ff9cd3eb000 	C:\WINDOWS\System32\WS2_32.dll
0x00007ff9ae070000 - 0x00007ff9ae097000 	C:\WINDOWS\SYSTEM32\WINMM.dll
0x00007ff9bd4f0000 - 0x00007ff9bd4fa000 	C:\WINDOWS\SYSTEM32\VERSION.dll
0x00007ff9ca320000 - 0x00007ff9ca332000 	C:\WINDOWS\SYSTEM32\kernel.appcore.dll
0x00007ff9a4540000 - 0x00007ff9a454a000 	C:\Users\Laptop\.jdks\azul-17.0.2\bin\jimage.dll
0x00007ff9c9960000 - 0x00007ff9c9b44000 	C:\WINDOWS\SYSTEM32\DBGHELP.DLL
0x00007ff9af8b0000 - 0x00007ff9af8dc000 	C:\WINDOWS\SYSTEM32\dbgcore.DLL
0x00007ff9cc160000 - 0x00007ff9cc1e2000 	C:\WINDOWS\System32\bcryptPrimitives.dll
0x00007ff9a4440000 - 0x00007ff9a444e000 	C:\Users\Laptop\.jdks\azul-17.0.2\bin\instrument.dll
0x00007ff994d40000 - 0x00007ff994d65000 	C:\Users\Laptop\.jdks\azul-17.0.2\bin\java.dll
0x00007ff97dc80000 - 0x00007ff97dd57000 	C:\Users\Laptop\.jdks\azul-17.0.2\bin\jsvml.dll
0x00007ff9cc890000 - 0x00007ff9ccfd4000 	C:\WINDOWS\System32\SHELL32.dll
0x00007ff9c9b50000 - 0x00007ff9ca2e5000 	C:\WINDOWS\SYSTEM32\windows.storage.dll
0x00007ff9cd670000 - 0x00007ff9cd9c5000 	C:\WINDOWS\System32\combase.dll
0x00007ff9cb4f0000 - 0x00007ff9cb51e000 	C:\WINDOWS\SYSTEM32\Wldp.dll
0x00007ff9cd420000 - 0x00007ff9cd4cd000 	C:\WINDOWS\System32\SHCORE.dll
0x00007ff9cc4a0000 - 0x00007ff9cc4f5000 	C:\WINDOWS\System32\shlwapi.dll
0x00007ff9cb9e0000 - 0x00007ff9cb9ff000 	C:\WINDOWS\SYSTEM32\profapi.dll
0x00007ff994c60000 - 0x00007ff994c78000 	C:\Users\Laptop\.jdks\azul-17.0.2\bin\zip.dll
0x00007ff995220000 - 0x00007ff995239000 	C:\Users\Laptop\.jdks\azul-17.0.2\bin\net.dll
0x00007ff9b6600000 - 0x00007ff9b670c000 	C:\WINDOWS\SYSTEM32\WINHTTP.dll
0x00007ff9cb250000 - 0x00007ff9cb2ba000 	C:\WINDOWS\system32\mswsock.dll
0x00007ff994c80000 - 0x00007ff994c96000 	C:\Users\Laptop\.jdks\azul-17.0.2\bin\nio.dll
0x00007ff994c40000 - 0x00007ff994c5a000 	C:\Program Files\JetBrains\IntelliJ IDEA 20213.1\IntelliJ IDEA 2021.3.1\bin\breakgen64.dll
0x00007ff9a1910000 - 0x00007ff9a1920000 	C:\Users\Laptop\.jdks\azul-17.0.2\bin\verify.dll
0x00007ff99da20000 - 0x00007ff99da29000 	C:\Users\Laptop\.jdks\azul-17.0.2\bin\management.dll
0x00007ff99b280000 - 0x00007ff99b28b000 	C:\Users\Laptop\.jdks\azul-17.0.2\bin\management_ext.dll
0x00007ff9a7840000 - 0x00007ff9a7857000 	C:\WINDOWS\system32\napinsp.dll
0x00007ff9a7820000 - 0x00007ff9a783b000 	C:\WINDOWS\system32\pnrpnsp.dll
0x00007ff9c35f0000 - 0x00007ff9c3605000 	C:\WINDOWS\system32\wshbth.dll
0x00007ff9c40b0000 - 0x00007ff9c40cd000 	C:\WINDOWS\system32\NLAapi.dll
0x00007ff9caef0000 - 0x00007ff9caf2b000 	C:\WINDOWS\SYSTEM32\IPHLPAPI.DLL
0x00007ff9caf30000 - 0x00007ff9caffb000 	C:\WINDOWS\SYSTEM32\DNSAPI.dll
0x00007ff9cd1b0000 - 0x00007ff9cd1b8000 	C:\WINDOWS\System32\NSI.dll
0x00007ff9a7500000 - 0x00007ff9a7512000 	C:\WINDOWS\System32\winrnr.dll
0x00007ff9b6530000 - 0x00007ff9b653a000 	C:\Windows\System32\rasadhlp.dll
0x00007ff9b6580000 - 0x00007ff9b65ff000 	C:\WINDOWS\System32\fwpuclnt.dll
0x00007ff9cbc10000 - 0x00007ff9cbc37000 	C:\WINDOWS\System32\bcrypt.dll

dbghelp: loaded successfully - version: 4.0.5 - missing functions: none
symbol engine: initialized successfully - sym options: 0x614 - pdb path: .;C:\Users\Laptop\.jdks\azul-17.0.2\bin;C:\WINDOWS\SYSTEM32;C:\WINDOWS\WinSxS\amd64_microsoft.windows.common-controls_6595b64144ccf1df_6.0.19041.1110_none_60b5254171f9507e;C:\Users\Laptop\.jdks\azul-17.0.2\bin\server;C:\Program Files\JetBrains\IntelliJ IDEA 20213.1\IntelliJ IDEA 2021.3.1\bin

VM Arguments:
jvm_args: -ea -Didea.test.cyclic.buffer.size=1048576 -javaagent:C:\Program Files\JetBrains\IntelliJ IDEA 20213.1\IntelliJ IDEA 2021.3.1\lib\idea_rt.jar=60399:C:\Program Files\JetBrains\IntelliJ IDEA 20213.1\IntelliJ IDEA 2021.3.1\bin -Dfile.encoding=UTF-8 
java_command: com.intellij.rt.junit.JUnitStarter -ideVersion5 -junit5 com.sda.javaee9spring.Javaee9SpringApplicationTests,recordsTest
java_class_path (initial): C:\Users\Laptop\.m2\repository\org\junit\platform\junit-platform-launcher\1.8.2\junit-platform-launcher-1.8.2.jar;C:\Program Files\JetBrains\IntelliJ IDEA 20213.1\IntelliJ IDEA 2021.3.1\lib\idea_rt.jar;C:\Program Files\JetBrains\IntelliJ IDEA 20213.1\IntelliJ IDEA 2021.3.1\plugins\junit\lib\junit5-rt.jar;C:\Program Files\JetBrains\IntelliJ IDEA 20213.1\IntelliJ IDEA 2021.3.1\plugins\junit\lib\junit-rt.jar;C:\Users\Laptop\IdeaProjects\javaee9-spring\target\test-classes;C:\Users\Laptop\IdeaProjects\javaee9-spring\target\classes;C:\Users\Laptop\.m2\repository\org\springframework\boot\spring-boot-starter-data-jpa\2.6.3\spring-boot-starter-data-jpa-2.6.3.jar;C:\Users\Laptop\.m2\repository\org\springframework\boot\spring-boot-starter-aop\2.6.3\spring-boot-starter-aop-2.6.3.jar;C:\Users\Laptop\.m2\repository\org\springframework\spring-aop\5.3.15\spring-aop-5.3.15.jar;C:\Users\Laptop\.m2\repository\org\aspectj\aspectjweaver\1.9.7\aspectjweaver-1.9.7.jar;C:\Users\Laptop\.m2\repository\org\springframework\boot\spring-boot-starter-jdbc\2.6.3\spring-boot-starter-jdbc-2.6.3.jar;C:\Users\Laptop\.m2\repository\com\zaxxer\HikariCP\4.0.3\HikariCP-4.0.3.jar;C:\Users\Laptop\.m2\repository\org\springframework\spring-jdbc\5.3.15\spring-jdbc-5.3.15.jar;C:\Users\Laptop\.m2\repository\jakarta\transaction\jakarta.transaction-api\1.3.3\jakarta.transaction-api-1.3.3.jar;C:\Users\Laptop\.m2\repository\jakarta\persistence\jakarta.persistence-api\2.2.3\jakarta.persistence-api-2.2.3.jar;C:\Users\Laptop\.m2\repository\org\hibernate\hibernate-core\5.6.4.Final\hibernate-core-5.6.4.Final.jar;C:\Users\Laptop\.m2\repository\org\jboss\logging\jboss-logging\3.4.3.Final\jboss-logging-3.4.3.Final.jar;C:\Users\Laptop\.m2\repository\net\bytebuddy\byte-buddy\1.11.22\byte-buddy-1.11.22.jar;C:\Users\Laptop\.m2\repository\antlr\antlr\2.7.7\antlr-2.7.7.jar;C:\Users\Laptop\.m2\repository\org\jboss\jandex\2.4.2.Final\jandex-2.4.2.Final.jar;C:\Users\Laptop\.m2\repository\com\fasterxml\cl
Launcher Type: SUN_STANDARD

[Global flags]
     intx CICompilerCount                          = 3                                         {product} {ergonomic}
     uint ConcGCThreads                            = 1                                         {product} {ergonomic}
     uint G1ConcRefinementThreads                  = 4                                         {product} {ergonomic}
   size_t G1HeapRegionSize                         = 1048576                                   {product} {ergonomic}
    uintx GCDrainStackTargetSize                   = 64                                        {product} {ergonomic}
   size_t InitialHeapSize                          = 134217728                                 {product} {ergonomic}
   size_t MarkStackSize                            = 4194304                                   {product} {ergonomic}
   size_t MaxHeapSize                              = 2122317824                                {product} {ergonomic}
   size_t MaxNewSize                               = 1272971264                                {product} {ergonomic}
   size_t MinHeapDeltaBytes                        = 1048576                                   {product} {ergonomic}
   size_t MinHeapSize                              = 8388608                                   {product} {ergonomic}
    uintx NonNMethodCodeHeapSize                   = 5832780                                {pd product} {ergonomic}
    uintx NonProfiledCodeHeapSize                  = 122912730                              {pd product} {ergonomic}
    uintx ProfiledCodeHeapSize                     = 122912730                              {pd product} {ergonomic}
    uintx ReservedCodeCacheSize                    = 251658240                              {pd product} {ergonomic}
     bool SegmentedCodeCache                       = true                                      {product} {ergonomic}
   size_t SoftMaxHeapSize                          = 2122317824                             {manageable} {ergonomic}
     bool UseCompressedClassPointers               = true                           {product lp64_product} {ergonomic}
     bool UseCompressedOops                        = true                           {product lp64_product} {ergonomic}
     bool UseG1GC                                  = true                                      {product} {ergonomic}
     bool UseLargePagesIndividualAllocation        = false                                  {pd product} {ergonomic}

Logging:
Log output configuration:
 #0: stdout all=warning uptime,level,tags
 #1: stderr all=off uptime,level,tags

Environment Variables:
PATH=C:\Python310\Scripts\;C:\Python310\;C:\Program Files\AdoptOpenJDK\jdk-11.0.11.9-hotspot\bin;C:\WINDOWS\system32;C:\WINDOWS;C:\WINDOWS\System32\Wbem;C:\WINDOWS\System32\WindowsPowerShell\v1.0\;C:\WINDOWS\System32\OpenSSH\;C:\Program Files\Git\cmd;C:\Program Files (x86)\IDEMIA\AWP\Dlls;C:\Program Files\IDEMIA\AWP\Dlls;C:\ProgramData\chocolatey\bin;C:\Users\Laptop\AppData\Local\Microsoft\WindowsApps;C:\Users\Laptop\Desktop\Downloads\apache-maven-3.8.2\bin
USERNAME=Laptop
OS=Windows_NT
PROCESSOR_IDENTIFIER=Intel64 Family 6 Model 78 Stepping 3, GenuineIntel



---------------  S Y S T E M  ---------------

OS:
 Windows 10 , 64 bit Build 19041 (10.0.19041.1466)
OS uptime: 0 days 7:20 hours

CPU: total 4 (initial active 4) (2 cores per cpu, 2 threads per core) family 6 model 78 stepping 3 microcode 0xcc, cx8, cmov, fxsr, ht, mmx, 3dnowpref, sse, sse2, sse3, ssse3, sse4.1, sse4.2, popcnt, lzcnt, tsc, tscinvbit, avx, avx2, aes, erms, clmul, bmi1, bmi2, rtm, adx, fma, vzeroupper, clflush, clflushopt

Memory: 4k page, system-wide physical 8089M (1658M free)
TotalPageFile size 9992M (AvailPageFile size 7M)
current process WorkingSet (physical memory assigned to process): 127M, peak: 127M
current process commit charge ("private bytes"): 254M, peak: 254M

vm_info: OpenJDK 64-Bit Server VM (17.0.2+8-LTS) for windows-amd64 JRE (17.0.2+8-LTS) (Zulu17.32+13-CA), built on Jan  8 2022 13:06:16 by "zulu_re" with MS VC++ 16.10 / 16.11 (VS2019)

END.
