#
# There is insufficient memory for the Java Runtime Environment to continue.
# Native memory allocation (mmap) failed to map 134217728 bytes for G1 virtual space
# Possible reasons:
#   The system is out of physical RAM or swap space
#   The process is running with CompressedOops enabled, and the Java Heap may be blocking the growth of the native heap
# Possible solutions:
#   Reduce memory load on the system
#   Increase physical memory or swap space
#   Check if swap backing store is full
#   Decrease Java heap size (-Xmx/-Xms)
#   Decrease number of Java threads
#   Decrease Java thread stack sizes (-Xss)
#   Set larger code cache with -XX:ReservedCodeCacheSize=
#   JVM is running with Unscaled Compressed Oops mode in which the Java heap is
#     placed in the first 4GB address space. The Java Heap base address is the
#     maximum limit for the native heap growth. Please use -XX:HeapBaseMinAddress
#     to set the Java Heap base and to place the Java Heap above 4GB virtual address.
# This output file may be truncated or incomplete.
#
#  Out of Memory Error (os_windows.cpp:3532), pid=11176, tid=6152
#
# JRE version:  (17.0.2+8) (build )
# Java VM: OpenJDK 64-Bit Server VM (17.0.2+8-LTS, mixed mode, emulated-client, sharing, tiered, compressed oops, compressed class ptrs, g1 gc, windows-amd64)
# No core dump will be written. Minidumps are not enabled by default on client versions of Windows
#

---------------  S U M M A R Y ------------

Command Line: -XX:TieredStopAtLevel=1 -Xverify:none -Dspring.output.ansi.enabled=always -Dcom.sun.management.jmxremote -Dspring.jmx.enabled=true -Dspring.liveBeansView.mbeanDomain -Dspring.application.admin.enabled=true -javaagent:C:\Program Files\JetBrains\IntelliJ IDEA 20213.1\IntelliJ IDEA 2021.3.1\lib\idea_rt.jar=51282:C:\Program Files\JetBrains\IntelliJ IDEA 20213.1\IntelliJ IDEA 2021.3.1\bin -Dfile.encoding=UTF-8 com.sda.javaee9spring.Javaee9SpringApplication

Host: Intel(R) Core(TM) i5-6300U CPU @ 2.40GHz, 4 cores, 7G,  Windows 10 , 64 bit Build 19041 (10.0.19041.1503)
Time: Sat Feb 12 10:10:32 2022 FLE Standard Time elapsed time: 0.068216 seconds (0d 0h 0m 0s)

---------------  T H R E A D  ---------------

Current thread (0x000001f2f0bad310):  JavaThread "Unknown thread" [_thread_in_vm, id=6152, stack(0x0000008703f00000,0x0000008704000000)]

Stack: [0x0000008703f00000,0x0000008704000000]
Native frames: (J=compiled Java code, j=interpreted, Vv=VM code, C=native code)
V  [jvm.dll+0x6769fa]
V  [jvm.dll+0x831784]
V  [jvm.dll+0x832f2e]
V  [jvm.dll+0x833593]
V  [jvm.dll+0x2455e5]
V  [jvm.dll+0x673919]
V  [jvm.dll+0x668252]
V  [jvm.dll+0x30432b]
V  [jvm.dll+0x30b836]
V  [jvm.dll+0x35b5fe]
V  [jvm.dll+0x35b82f]
V  [jvm.dll+0x2db2d8]
V  [jvm.dll+0x2dc244]
V  [jvm.dll+0x803011]
V  [jvm.dll+0x369381]
V  [jvm.dll+0x7e238c]
V  [jvm.dll+0x3ec14f]
V  [jvm.dll+0x3edcd1]
C  [jli.dll+0x527b]
C  [ucrtbase.dll+0x21bb2]
C  [KERNEL32.DLL+0x17034]
C  [ntdll.dll+0x52651]


---------------  P R O C E S S  ---------------

Threads class SMR info:
_java_thread_list=0x00007ffbc940eed8, length=0, elements={
}

Java Threads: ( => current thread )

Other Threads:
  0x000001f2f0beca20 GCTaskThread "GC Thread#0" [stack: 0x0000008704000000,0x0000008704100000] [id=3804]
  0x000001f2f0bf8ee0 ConcurrentGCThread "G1 Main Marker" [stack: 0x0000008704100000,0x0000008704200000] [id=8204]
  0x000001f2f0bf98f0 ConcurrentGCThread "G1 Conc#0" [stack: 0x0000008704200000,0x0000008704300000] [id=12308]

[error occurred during error reporting (printing all threads), id 0xc0000005, EXCEPTION_ACCESS_VIOLATION (0xc0000005) at pc=0x00007ffbc8bcbd07]

VM state: not at safepoint (not fully initialized)

VM Mutex/Monitor currently owned by a thread:  ([mutex/lock_event])
[0x000001f2f0ba8f90] Heap_lock - owner thread: 0x000001f2f0bad310

Heap address: 0x0000000081800000, size: 2024 MB, Compressed Oops mode: 32-bit

CDS archive(s) mapped at: [0x0000000000000000-0x0000000000000000-0x0000000000000000), size 0, SharedBaseAddress: 0x0000000800000000, ArchiveRelocationMode: 0.
Narrow klass base: 0x0000000000000000, Narrow klass shift: 0, Narrow klass range: 0x0

GC Precious Log:
<Empty>

Heap:
 garbage-first heap   total 0K, used 0K [0x0000000081800000, 0x0000000100000000)
  region size 1024K, 0 young (0K), 0 survivors (0K)

[error occurred during error reporting (printing heap information), id 0xc0000005, EXCEPTION_ACCESS_VIOLATION (0xc0000005) at pc=0x00007ffbc8fafd49]

GC Heap History (0 events):
No events

Deoptimization events (0 events):
No events

Classes unloaded (0 events):
No events

Classes redefined (0 events):
No events

Internal exceptions (0 events):
No events

VM Operations (0 events):
No events

Events (1 events):
Event: 0.057 Loaded shared library C:\Users\Laptop\.jdks\azul-17.0.2\bin\java.dll


Dynamic libraries:
0x00007ff64ef00000 - 0x00007ff64ef0e000 	C:\Users\Laptop\.jdks\azul-17.0.2\bin\java.exe
0x00007ffc2f7f0000 - 0x00007ffc2f9e5000 	C:\WINDOWS\SYSTEM32\ntdll.dll
0x00007ffc2dc70000 - 0x00007ffc2dd2e000 	C:\WINDOWS\System32\KERNEL32.DLL
0x00007ffc2d570000 - 0x00007ffc2d838000 	C:\WINDOWS\System32\KERNELBASE.dll
0x00007ffc2d440000 - 0x00007ffc2d540000 	C:\WINDOWS\System32\ucrtbase.dll
0x00007ffc246b0000 - 0x00007ffc246c8000 	C:\Users\Laptop\.jdks\azul-17.0.2\bin\jli.dll
0x00007ffc2efa0000 - 0x00007ffc2f140000 	C:\WINDOWS\System32\USER32.dll
0x00007ffc2d410000 - 0x00007ffc2d432000 	C:\WINDOWS\System32\win32u.dll
0x00007ffc2d980000 - 0x00007ffc2d9ab000 	C:\WINDOWS\System32\GDI32.dll
0x00007ffc2d300000 - 0x00007ffc2d40d000 	C:\WINDOWS\System32\gdi32full.dll
0x00007ffc2d1d0000 - 0x00007ffc2d26d000 	C:\WINDOWS\System32\msvcp_win.dll
0x00007ffc246d0000 - 0x00007ffc246eb000 	C:\Users\Laptop\.jdks\azul-17.0.2\bin\VCRUNTIME140.dll
0x00007ffc18c90000 - 0x00007ffc18f2a000 	C:\WINDOWS\WinSxS\amd64_microsoft.windows.common-controls_6595b64144ccf1df_6.0.19041.1110_none_60b5254171f9507e\COMCTL32.dll
0x00007ffc2d840000 - 0x00007ffc2d8de000 	C:\WINDOWS\System32\msvcrt.dll
0x00007ffc2f1b0000 - 0x00007ffc2f1e0000 	C:\WINDOWS\System32\IMM32.DLL
0x00007ffc24c70000 - 0x00007ffc24c7c000 	C:\Users\Laptop\.jdks\azul-17.0.2\bin\vcruntime140_1.dll
0x00007ffc24620000 - 0x00007ffc246ad000 	C:\Users\Laptop\.jdks\azul-17.0.2\bin\msvcp140.dll
0x00007ffbc88e0000 - 0x00007ffbc9540000 	C:\Users\Laptop\.jdks\azul-17.0.2\bin\server\jvm.dll
0x00007ffc2f540000 - 0x00007ffc2f5ee000 	C:\WINDOWS\System32\ADVAPI32.dll
0x00007ffc2d8e0000 - 0x00007ffc2d97c000 	C:\WINDOWS\System32\sechost.dll
0x00007ffc2f610000 - 0x00007ffc2f735000 	C:\WINDOWS\System32\RPCRT4.dll
0x00007ffc2df20000 - 0x00007ffc2df28000 	C:\WINDOWS\System32\PSAPI.DLL
0x00007ffc1a630000 - 0x00007ffc1a639000 	C:\WINDOWS\SYSTEM32\WSOCK32.dll
0x00007ffc2f740000 - 0x00007ffc2f7ab000 	C:\WINDOWS\System32\WS2_32.dll
0x00007ffc13d40000 - 0x00007ffc13d67000 	C:\WINDOWS\SYSTEM32\WINMM.dll
0x00007ffc222e0000 - 0x00007ffc222ea000 	C:\WINDOWS\SYSTEM32\VERSION.dll
0x00007ffc2b7b0000 - 0x00007ffc2b7c2000 	C:\WINDOWS\SYSTEM32\kernel.appcore.dll
0x00007ffc24610000 - 0x00007ffc2461a000 	C:\Users\Laptop\.jdks\azul-17.0.2\bin\jimage.dll
0x00007ffc2adc0000 - 0x00007ffc2afa4000 	C:\WINDOWS\SYSTEM32\DBGHELP.DLL
0x00007ffc22910000 - 0x00007ffc2293c000 	C:\WINDOWS\SYSTEM32\dbgcore.DLL
0x00007ffc2d270000 - 0x00007ffc2d2f2000 	C:\WINDOWS\System32\bcryptPrimitives.dll
0x00007ffc239d0000 - 0x00007ffc239de000 	C:\Users\Laptop\.jdks\azul-17.0.2\bin\instrument.dll
0x00007ffc245e0000 - 0x00007ffc24605000 	C:\Users\Laptop\.jdks\azul-17.0.2\bin\java.dll

dbghelp: loaded successfully - version: 4.0.5 - missing functions: none
symbol engine: initialized successfully - sym options: 0x614 - pdb path: .;C:\Users\Laptop\.jdks\azul-17.0.2\bin;C:\WINDOWS\SYSTEM32;C:\WINDOWS\WinSxS\amd64_microsoft.windows.common-controls_6595b64144ccf1df_6.0.19041.1110_none_60b5254171f9507e;C:\Users\Laptop\.jdks\azul-17.0.2\bin\server

VM Arguments:
jvm_args: -XX:TieredStopAtLevel=1 -Xverify:none -Dspring.output.ansi.enabled=always -Dcom.sun.management.jmxremote -Dspring.jmx.enabled=true -Dspring.liveBeansView.mbeanDomain -Dspring.application.admin.enabled=true -javaagent:C:\Program Files\JetBrains\IntelliJ IDEA 20213.1\IntelliJ IDEA 2021.3.1\lib\idea_rt.jar=51282:C:\Program Files\JetBrains\IntelliJ IDEA 20213.1\IntelliJ IDEA 2021.3.1\bin -Dfile.encoding=UTF-8 
java_command: com.sda.javaee9spring.Javaee9SpringApplication
java_class_path (initial): C:\Users\Laptop\IdeaProjects\javaee9-spring\target\classes;C:\Users\Laptop\.m2\repository\org\springframework\boot\spring-boot-starter-data-jpa\2.6.3\spring-boot-starter-data-jpa-2.6.3.jar;C:\Users\Laptop\.m2\repository\org\springframework\boot\spring-boot-starter-aop\2.6.3\spring-boot-starter-aop-2.6.3.jar;C:\Users\Laptop\.m2\repository\org\springframework\spring-aop\5.3.15\spring-aop-5.3.15.jar;C:\Users\Laptop\.m2\repository\org\aspectj\aspectjweaver\1.9.7\aspectjweaver-1.9.7.jar;C:\Users\Laptop\.m2\repository\org\springframework\boot\spring-boot-starter-jdbc\2.6.3\spring-boot-starter-jdbc-2.6.3.jar;C:\Users\Laptop\.m2\repository\com\zaxxer\HikariCP\4.0.3\HikariCP-4.0.3.jar;C:\Users\Laptop\.m2\repository\org\springframework\spring-jdbc\5.3.15\spring-jdbc-5.3.15.jar;C:\Users\Laptop\.m2\repository\jakarta\transaction\jakarta.transaction-api\1.3.3\jakarta.transaction-api-1.3.3.jar;C:\Users\Laptop\.m2\repository\jakarta\persistence\jakarta.persistence-api\2.2.3\jakarta.persistence-api-2.2.3.jar;C:\Users\Laptop\.m2\repository\org\hibernate\hibernate-core\5.6.4.Final\hibernate-core-5.6.4.Final.jar;C:\Users\Laptop\.m2\repository\org\jboss\logging\jboss-logging\3.4.3.Final\jboss-logging-3.4.3.Final.jar;C:\Users\Laptop\.m2\repository\net\bytebuddy\byte-buddy\1.11.22\byte-buddy-1.11.22.jar;C:\Users\Laptop\.m2\repository\antlr\antlr\2.7.7\antlr-2.7.7.jar;C:\Users\Laptop\.m2\repository\org\jboss\jandex\2.4.2.Final\jandex-2.4.2.Final.jar;C:\Users\Laptop\.m2\repository\com\fasterxml\classmate\1.5.1\classmate-1.5.1.jar;C:\Users\Laptop\.m2\repository\org\hibernate\common\hibernate-commons-annotations\5.1.2.Final\hibernate-commons-annotations-5.1.2.Final.jar;C:\Users\Laptop\.m2\repository\org\glassfish\jaxb\jaxb-runtime\2.3.5\jaxb-runtime-2.3.5.jar;C:\Users\Laptop\.m2\repository\org\glassfish\jaxb\txw2\2.3.5\txw2-2.3.5.jar;C:\Users\Laptop\.m2\repository\com\sun\istack\istack-commons-runtime\3.0.12\istack-commons-runtime-3.0.12.jar;C:\Users\Laptop\.m2\r
Launcher Type: SUN_STANDARD

[Global flags]
     intx CICompilerCount                          = 3                                         {product} {ergonomic}
     uint ConcGCThreads                            = 1                                         {product} {ergonomic}
     uint G1ConcRefinementThreads                  = 4                                         {product} {ergonomic}
   size_t G1HeapRegionSize                         = 1048576                                   {product} {ergonomic}
    uintx GCDrainStackTargetSize                   = 64                                        {product} {ergonomic}
   size_t InitialHeapSize                          = 134217728                                 {product} {ergonomic}
     bool ManagementServer                         = true                                      {product} {command line}
   size_t MarkStackSize                            = 4194304                                   {product} {ergonomic}
   size_t MaxHeapSize                              = 2122317824                                {product} {ergonomic}
   size_t MinHeapDeltaBytes                        = 1048576                                   {product} {ergonomic}
   size_t MinHeapSize                              = 8388608                                   {product} {ergonomic}
    uintx NonProfiledCodeHeapSize                  = 0                                      {pd product} {ergonomic}
     bool ProfileInterpreter                       = false                                  {pd product} {command line}
    uintx ProfiledCodeHeapSize                     = 0                                      {pd product} {ergonomic}
   size_t SoftMaxHeapSize                          = 2122317824                             {manageable} {ergonomic}
     intx TieredStopAtLevel                        = 1                                         {product} {command line}
     bool UseCompressedClassPointers               = true                           {product lp64_product} {ergonomic}
     bool UseCompressedOops                        = true                           {product lp64_product} {ergonomic}
     bool UseG1GC                                  = true                                      {product} {ergonomic}
     bool UseLargePagesIndividualAllocation        = false                                  {pd product} {ergonomic}

Logging:
Log output configuration:
 #0: stdout all=warning uptime,level,tags
 #1: stderr all=off uptime,level,tags

Environment Variables:
PATH=C:\Python310\Scripts\;C:\Python310\;C:\Program Files\AdoptOpenJDK\jdk-11.0.11.9-hotspot\bin;C:\WINDOWS\system32;C:\WINDOWS;C:\WINDOWS\System32\Wbem;C:\WINDOWS\System32\WindowsPowerShell\v1.0\;C:\WINDOWS\System32\OpenSSH\;C:\Program Files\Git\cmd;C:\Program Files (x86)\IDEMIA\AWP\Dlls;C:\Program Files\IDEMIA\AWP\Dlls;C:\ProgramData\chocolatey\bin;C:\Users\Laptop\AppData\Local\Microsoft\WindowsApps;C:\Users\Laptop\Desktop\Downloads\apache-maven-3.8.2\bin
USERNAME=Laptop
OS=Windows_NT
PROCESSOR_IDENTIFIER=Intel64 Family 6 Model 78 Stepping 3, GenuineIntel



---------------  S Y S T E M  ---------------

OS:
 Windows 10 , 64 bit Build 19041 (10.0.19041.1503)
OS uptime: 0 days 8:29 hours

CPU: total 4 (initial active 4) (2 cores per cpu, 2 threads per core) family 6 model 78 stepping 3 microcode 0xcc, cx8, cmov, fxsr, ht, mmx, 3dnowpref, sse, sse2, sse3, ssse3, sse4.1, sse4.2, popcnt, lzcnt, tsc, tscinvbit, avx, avx2, aes, erms, clmul, bmi1, bmi2, rtm, adx, fma, vzeroupper, clflush, clflushopt

Memory: 4k page, system-wide physical 8089M (1698M free)
TotalPageFile size 8683M (AvailPageFile size 83M)
current process WorkingSet (physical memory assigned to process): 10M, peak: 10M
current process commit charge ("private bytes"): 47M, peak: 175M

vm_info: OpenJDK 64-Bit Server VM (17.0.2+8-LTS) for windows-amd64 JRE (17.0.2+8-LTS) (Zulu17.32+13-CA), built on Jan  8 2022 13:06:16 by "zulu_re" with MS VC++ 16.10 / 16.11 (VS2019)

END.
