#
# There is insufficient memory for the Java Runtime Environment to continue.
# Native memory allocation (malloc) failed to allocate 1843696 bytes for Chunk::new
# Possible reasons:
#   The system is out of physical RAM or swap space
#   The process is running with CompressedOops enabled, and the Java Heap may be blocking the growth of the native heap
# Possible solutions:
#   Reduce memory load on the system
#   Increase physical memory or swap space
#   Check if swap backing store is full
#   Decrease Java heap size (-Xmx/-Xms)
#   Decrease number of Java threads
#   Decrease Java thread stack sizes (-Xss)
#   Set larger code cache with -XX:ReservedCodeCacheSize=
#   JVM is running with Unscaled Compressed Oops mode in which the Java heap is
#     placed in the first 4GB address space. The Java Heap base address is the
#     maximum limit for the native heap growth. Please use -XX:HeapBaseMinAddress
#     to set the Java Heap base and to place the Java Heap above 4GB virtual address.
# This output file may be truncated or incomplete.
#
#  Out of Memory Error (arena.cpp:189), pid=4544, tid=2428
#
# JRE version: OpenJDK Runtime Environment Zulu17.32+13-CA (17.0.2+8) (build 17.0.2+8-LTS)
# Java VM: OpenJDK 64-Bit Server VM Zulu17.32+13-CA (17.0.2+8-LTS, mixed mode, sharing, tiered, compressed oops, compressed class ptrs, g1 gc, windows-amd64)
# No core dump will be written. Minidumps are not enabled by default on client versions of Windows
#

---------------  S U M M A R Y ------------

Command Line: -ea -Didea.test.cyclic.buffer.size=1048576 -javaagent:C:\Program Files\JetBrains\IntelliJ IDEA 20213.1\IntelliJ IDEA 2021.3.1\lib\idea_rt.jar=60405:C:\Program Files\JetBrains\IntelliJ IDEA 20213.1\IntelliJ IDEA 2021.3.1\bin -Dfile.encoding=UTF-8 com.intellij.rt.junit.JUnitStarter -ideVersion5 -junit5 @w@C:\Users\Laptop\AppData\Local\Temp\idea_working_dirs_junit.tmp @C:\Users\Laptop\AppData\Local\Temp\idea_junit.tmp

Host: Intel(R) Core(TM) i5-6300U CPU @ 2.40GHz, 4 cores, 7G,  Windows 10 , 64 bit Build 19041 (10.0.19041.1466)
Time: Thu Feb 10 17:24:30 2022 FLE Standard Time elapsed time: 2.891030 seconds (0d 0h 0m 2s)

---------------  T H R E A D  ---------------

Current thread (0x0000019865f086f0):  JavaThread "C2 CompilerThread0" daemon [_thread_in_native, id=2428, stack(0x0000004e68d00000,0x0000004e68e00000)]


Current CompileTask:
C2:   2891 1848       4       java.lang.invoke.MethodType::makeImpl (109 bytes)

Stack: [0x0000004e68d00000,0x0000004e68e00000]
Native frames: (J=compiled Java code, j=interpreted, Vv=VM code, C=native code)
V  [jvm.dll+0x6769fa]
V  [jvm.dll+0x831784]
V  [jvm.dll+0x832f2e]
V  [jvm.dll+0x833593]
V  [jvm.dll+0x2455e5]
V  [jvm.dll+0xabf1b]
V  [jvm.dll+0xac4ac]
V  [jvm.dll+0x3635a2]
V  [jvm.dll+0x32dae1]
V  [jvm.dll+0x32cf8a]
V  [jvm.dll+0x218531]
V  [jvm.dll+0x217951]
V  [jvm.dll+0x1a3e2d]
V  [jvm.dll+0x2272d8]
V  [jvm.dll+0x22542c]
V  [jvm.dll+0x7e701c]
V  [jvm.dll+0x7e15ca]
V  [jvm.dll+0x675885]
C  [ucrtbase.dll+0x21bb2]
C  [KERNEL32.DLL+0x17034]
C  [ntdll.dll+0x52651]


---------------  P R O C E S S  ---------------

Threads class SMR info:
_java_thread_list=0x0000019867c1eb90, length=15, elements={
0x000001984846b020, 0x0000019865ef0180, 0x0000019865ef0ff0, 0x0000019865f037f0,
0x0000019865f043a0, 0x0000019865f04f50, 0x0000019865f07a10, 0x0000019865f086f0,
0x0000019865f0f240, 0x0000019865f2e770, 0x0000019865edb200, 0x0000019866a01150,
0x0000019866a01620, 0x000001986751e890, 0x00000198680cd570
}

Java Threads: ( => current thread )
  0x000001984846b020 JavaThread "main" [_thread_in_native, id=2144, stack(0x0000004e68000000,0x0000004e68100000)]
  0x0000019865ef0180 JavaThread "Reference Handler" daemon [_thread_blocked, id=6964, stack(0x0000004e68700000,0x0000004e68800000)]
  0x0000019865ef0ff0 JavaThread "Finalizer" daemon [_thread_blocked, id=4416, stack(0x0000004e68800000,0x0000004e68900000)]
  0x0000019865f037f0 JavaThread "Signal Dispatcher" daemon [_thread_blocked, id=13852, stack(0x0000004e68900000,0x0000004e68a00000)]
  0x0000019865f043a0 JavaThread "Attach Listener" daemon [_thread_blocked, id=13788, stack(0x0000004e68a00000,0x0000004e68b00000)]
  0x0000019865f04f50 JavaThread "Service Thread" daemon [_thread_blocked, id=12332, stack(0x0000004e68b00000,0x0000004e68c00000)]
  0x0000019865f07a10 JavaThread "Monitor Deflation Thread" daemon [_thread_blocked, id=9908, stack(0x0000004e68c00000,0x0000004e68d00000)]
=>0x0000019865f086f0 JavaThread "C2 CompilerThread0" daemon [_thread_in_native, id=2428, stack(0x0000004e68d00000,0x0000004e68e00000)]
  0x0000019865f0f240 JavaThread "C1 CompilerThread0" daemon [_thread_blocked, id=912, stack(0x0000004e68e00000,0x0000004e68f00000)]
  0x0000019865f2e770 JavaThread "Sweeper thread" daemon [_thread_blocked, id=12120, stack(0x0000004e68f00000,0x0000004e69000000)]
  0x0000019865edb200 JavaThread "Common-Cleaner" daemon [_thread_blocked, id=3828, stack(0x0000004e69000000,0x0000004e69100000)]
  0x0000019866a01150 JavaThread "Monitor Ctrl-Break" daemon [_thread_in_native, id=7912, stack(0x0000004e69100000,0x0000004e69200000)]
  0x0000019866a01620 JavaThread "Notification Thread" daemon [_thread_blocked, id=3256, stack(0x0000004e69200000,0x0000004e69300000)]
  0x000001986751e890 JavaThread "C2 CompilerThread1" daemon [_thread_in_native, id=10672, stack(0x0000004e69400000,0x0000004e69500000)]
  0x00000198680cd570 JavaThread "background-preinit" [_thread_in_Java, id=10268, stack(0x0000004e69900000,0x0000004e69a00000)]

Other Threads:
  0x0000019865eea520 VMThread "VM Thread" [stack: 0x0000004e68600000,0x0000004e68700000] [id=10204]
  0x00000198669ecfd0 WatcherThread [stack: 0x0000004e69300000,0x0000004e69400000] [id=13592]
  0x00000198484ac450 GCTaskThread "GC Thread#0" [stack: 0x0000004e68100000,0x0000004e68200000] [id=10736]
  0x0000019866f3ea90 GCTaskThread "GC Thread#1" [stack: 0x0000004e69500000,0x0000004e69600000] [id=8972]
  0x0000019866f3ed40 GCTaskThread "GC Thread#2" [stack: 0x0000004e69600000,0x0000004e69700000] [id=11616]
  0x0000019866ec9170 GCTaskThread "GC Thread#3" [stack: 0x0000004e69700000,0x0000004e69800000] [id=1028]
  0x00000198484bd090 ConcurrentGCThread "G1 Main Marker" [stack: 0x0000004e68200000,0x0000004e68300000] [id=2320]
  0x00000198484beab0 ConcurrentGCThread "G1 Conc#0" [stack: 0x0000004e68300000,0x0000004e68400000] [id=5884]
  0x00000198485359a0 ConcurrentGCThread "G1 Refine#0" [stack: 0x0000004e68400000,0x0000004e68500000] [id=8284]
  0x00000198485363c0 ConcurrentGCThread "G1 Service" [stack: 0x0000004e68500000,0x0000004e68600000] [id=13772]

Threads with active compile tasks:
C2 CompilerThread0     2930 1848       4       java.lang.invoke.MethodType::makeImpl (109 bytes)
C2 CompilerThread1     2930 1975       4       jdk.internal.org.objectweb.asm.Frame::execute (2305 bytes)

VM state: not at safepoint (normal execution)

VM Mutex/Monitor currently owned by a thread:  ([mutex/lock_event])
[0x0000019848465af0] Metaspace_lock - owner thread: 0x000001984846b020

OutOfMemory and StackOverflow Exception counts:
OutOfMemoryError java_heap_errors=1
LinkageErrors=56

Heap address: 0x0000000081800000, size: 2024 MB, Compressed Oops mode: 32-bit

CDS archive(s) mapped at: [0x0000000800000000-0x0000000800bc0000-0x0000000800bc0000), size 12320768, SharedBaseAddress: 0x0000000800000000, ArchiveRelocationMode: 0.
Compressed class space mapped at: 0x0000000800c00000-0x0000000840c00000, reserved size: 1073741824
Narrow klass base: 0x0000000800000000, Narrow klass shift: 0, Narrow klass range: 0x100000000

GC Precious Log:
 CPUs: 4 total, 4 available
 Memory: 8089M
 Large Page Support: Disabled
 NUMA Support: Disabled
 Compressed Oops: Enabled (32-bit)
 Heap Region Size: 1M
 Heap Min Capacity: 8M
 Heap Initial Capacity: 128M
 Heap Max Capacity: 2024M
 Pre-touch: Disabled
 Parallel Workers: 4
 Concurrent Workers: 1
 Concurrent Refinement Workers: 4
 Periodic GC: Disabled

Heap:
 garbage-first heap   total 131072K, used 19071K [0x0000000081800000, 0x0000000100000000)
  region size 1024K, 14 young (14336K), 4 survivors (4096K)
 Metaspace       used 14025K, committed 14272K, reserved 1064960K
  class space    used 1798K, committed 1920K, reserved 1048576K

Heap Regions: E=young(eden), S=young(survivor), O=old, HS=humongous(starts), HC=humongous(continues), CS=collection set, F=free, OA=open archive, CA=closed archive, TAMS=top-at-mark-start (previous, next)
|   0|0x0000000081800000, 0x0000000081900000, 0x0000000081900000|100%|HS|  |TAMS 0x0000000081800000, 0x0000000081800000| Complete 
|   1|0x0000000081900000, 0x0000000081a00000, 0x0000000081a00000|100%| O|  |TAMS 0x0000000081900000, 0x0000000081900000| Untracked 
|   2|0x0000000081a00000, 0x0000000081b00000, 0x0000000081b00000|100%| O|  |TAMS 0x0000000081a00000, 0x0000000081a00000| Untracked 
|   3|0x0000000081b00000, 0x0000000081c00000, 0x0000000081c00000|100%| O|  |TAMS 0x0000000081b00000, 0x0000000081b00000| Untracked 
|   4|0x0000000081c00000, 0x0000000081d00000, 0x0000000081d00000|100%| O|  |TAMS 0x0000000081c00000, 0x0000000081c00000| Untracked 
|   5|0x0000000081d00000, 0x0000000081e00000, 0x0000000081e00000|100%| O|  |TAMS 0x0000000081d00000, 0x0000000081d00000| Untracked 
|   6|0x0000000081e00000, 0x0000000081e1ac00, 0x0000000081f00000| 10%| O|  |TAMS 0x0000000081e00000, 0x0000000081e00000| Untracked 
|   7|0x0000000081f00000, 0x0000000081f00000, 0x0000000082000000|  0%| F|  |TAMS 0x0000000081f00000, 0x0000000081f00000| Untracked 
|   8|0x0000000082000000, 0x0000000082000000, 0x0000000082100000|  0%| F|  |TAMS 0x0000000082000000, 0x0000000082000000| Untracked 
|   9|0x0000000082100000, 0x0000000082100000, 0x0000000082200000|  0%| F|  |TAMS 0x0000000082100000, 0x0000000082100000| Untracked 
|  10|0x0000000082200000, 0x0000000082200000, 0x0000000082300000|  0%| F|  |TAMS 0x0000000082200000, 0x0000000082200000| Untracked 
|  11|0x0000000082300000, 0x0000000082300000, 0x0000000082400000|  0%| F|  |TAMS 0x0000000082300000, 0x0000000082300000| Untracked 
|  12|0x0000000082400000, 0x0000000082400000, 0x0000000082500000|  0%| F|  |TAMS 0x0000000082400000, 0x0000000082400000| Untracked 
|  13|0x0000000082500000, 0x0000000082500000, 0x0000000082600000|  0%| F|  |TAMS 0x0000000082500000, 0x0000000082500000| Untracked 
|  14|0x0000000082600000, 0x0000000082600000, 0x0000000082700000|  0%| F|  |TAMS 0x0000000082600000, 0x0000000082600000| Untracked 
|  15|0x0000000082700000, 0x0000000082700000, 0x0000000082800000|  0%| F|  |TAMS 0x0000000082700000, 0x0000000082700000| Untracked 
|  16|0x0000000082800000, 0x0000000082800000, 0x0000000082900000|  0%| F|  |TAMS 0x0000000082800000, 0x0000000082800000| Untracked 
|  17|0x0000000082900000, 0x0000000082900000, 0x0000000082a00000|  0%| F|  |TAMS 0x0000000082900000, 0x0000000082900000| Untracked 
|  18|0x0000000082a00000, 0x0000000082a00000, 0x0000000082b00000|  0%| F|  |TAMS 0x0000000082a00000, 0x0000000082a00000| Untracked 
|  19|0x0000000082b00000, 0x0000000082b00000, 0x0000000082c00000|  0%| F|  |TAMS 0x0000000082b00000, 0x0000000082b00000| Untracked 
|  20|0x0000000082c00000, 0x0000000082c00000, 0x0000000082d00000|  0%| F|  |TAMS 0x0000000082c00000, 0x0000000082c00000| Untracked 
|  21|0x0000000082d00000, 0x0000000082d00000, 0x0000000082e00000|  0%| F|  |TAMS 0x0000000082d00000, 0x0000000082d00000| Untracked 
|  22|0x0000000082e00000, 0x0000000082e00000, 0x0000000082f00000|  0%| F|  |TAMS 0x0000000082e00000, 0x0000000082e00000| Untracked 
|  23|0x0000000082f00000, 0x0000000082f00000, 0x0000000083000000|  0%| F|  |TAMS 0x0000000082f00000, 0x0000000082f00000| Untracked 
|  24|0x0000000083000000, 0x0000000083000000, 0x0000000083100000|  0%| F|  |TAMS 0x0000000083000000, 0x0000000083000000| Untracked 
|  25|0x0000000083100000, 0x0000000083100000, 0x0000000083200000|  0%| F|  |TAMS 0x0000000083100000, 0x0000000083100000| Untracked 
|  26|0x0000000083200000, 0x0000000083200000, 0x0000000083300000|  0%| F|  |TAMS 0x0000000083200000, 0x0000000083200000| Untracked 
|  27|0x0000000083300000, 0x0000000083300000, 0x0000000083400000|  0%| F|  |TAMS 0x0000000083300000, 0x0000000083300000| Untracked 
|  28|0x0000000083400000, 0x0000000083400000, 0x0000000083500000|  0%| F|  |TAMS 0x0000000083400000, 0x0000000083400000| Untracked 
|  29|0x0000000083500000, 0x0000000083500000, 0x0000000083600000|  0%| F|  |TAMS 0x0000000083500000, 0x0000000083500000| Untracked 
|  30|0x0000000083600000, 0x0000000083600000, 0x0000000083700000|  0%| F|  |TAMS 0x0000000083600000, 0x0000000083600000| Untracked 
|  31|0x0000000083700000, 0x0000000083700000, 0x0000000083800000|  0%| F|  |TAMS 0x0000000083700000, 0x0000000083700000| Untracked 
|  32|0x0000000083800000, 0x0000000083800000, 0x0000000083900000|  0%| F|  |TAMS 0x0000000083800000, 0x0000000083800000| Untracked 
|  33|0x0000000083900000, 0x0000000083900000, 0x0000000083a00000|  0%| F|  |TAMS 0x0000000083900000, 0x0000000083900000| Untracked 
|  34|0x0000000083a00000, 0x0000000083a00000, 0x0000000083b00000|  0%| F|  |TAMS 0x0000000083a00000, 0x0000000083a00000| Untracked 
|  35|0x0000000083b00000, 0x0000000083b00000, 0x0000000083c00000|  0%| F|  |TAMS 0x0000000083b00000, 0x0000000083b00000| Untracked 
|  36|0x0000000083c00000, 0x0000000083c00000, 0x0000000083d00000|  0%| F|  |TAMS 0x0000000083c00000, 0x0000000083c00000| Untracked 
|  37|0x0000000083d00000, 0x0000000083d00000, 0x0000000083e00000|  0%| F|  |TAMS 0x0000000083d00000, 0x0000000083d00000| Untracked 
|  38|0x0000000083e00000, 0x0000000083e00000, 0x0000000083f00000|  0%| F|  |TAMS 0x0000000083e00000, 0x0000000083e00000| Untracked 
|  39|0x0000000083f00000, 0x0000000083f00000, 0x0000000084000000|  0%| F|  |TAMS 0x0000000083f00000, 0x0000000083f00000| Untracked 
|  40|0x0000000084000000, 0x0000000084000000, 0x0000000084100000|  0%| F|  |TAMS 0x0000000084000000, 0x0000000084000000| Untracked 
|  41|0x0000000084100000, 0x0000000084100000, 0x0000000084200000|  0%| F|  |TAMS 0x0000000084100000, 0x0000000084100000| Untracked 
|  42|0x0000000084200000, 0x0000000084200000, 0x0000000084300000|  0%| F|  |TAMS 0x0000000084200000, 0x0000000084200000| Untracked 
|  43|0x0000000084300000, 0x0000000084300000, 0x0000000084400000|  0%| F|  |TAMS 0x0000000084300000, 0x0000000084300000| Untracked 
|  44|0x0000000084400000, 0x0000000084400000, 0x0000000084500000|  0%| F|  |TAMS 0x0000000084400000, 0x0000000084400000| Untracked 
|  45|0x0000000084500000, 0x0000000084500000, 0x0000000084600000|  0%| F|  |TAMS 0x0000000084500000, 0x0000000084500000| Untracked 
|  46|0x0000000084600000, 0x0000000084600000, 0x0000000084700000|  0%| F|  |TAMS 0x0000000084600000, 0x0000000084600000| Untracked 
|  47|0x0000000084700000, 0x0000000084700000, 0x0000000084800000|  0%| F|  |TAMS 0x0000000084700000, 0x0000000084700000| Untracked 
|  48|0x0000000084800000, 0x0000000084800000, 0x0000000084900000|  0%| F|  |TAMS 0x0000000084800000, 0x0000000084800000| Untracked 
|  49|0x0000000084900000, 0x0000000084900000, 0x0000000084a00000|  0%| F|  |TAMS 0x0000000084900000, 0x0000000084900000| Untracked 
|  50|0x0000000084a00000, 0x0000000084a00000, 0x0000000084b00000|  0%| F|  |TAMS 0x0000000084a00000, 0x0000000084a00000| Untracked 
|  51|0x0000000084b00000, 0x0000000084b00000, 0x0000000084c00000|  0%| F|  |TAMS 0x0000000084b00000, 0x0000000084b00000| Untracked 
|  52|0x0000000084c00000, 0x0000000084c00000, 0x0000000084d00000|  0%| F|  |TAMS 0x0000000084c00000, 0x0000000084c00000| Untracked 
|  53|0x0000000084d00000, 0x0000000084d00000, 0x0000000084e00000|  0%| F|  |TAMS 0x0000000084d00000, 0x0000000084d00000| Untracked 
|  54|0x0000000084e00000, 0x0000000084e00000, 0x0000000084f00000|  0%| F|  |TAMS 0x0000000084e00000, 0x0000000084e00000| Untracked 
|  55|0x0000000084f00000, 0x0000000084f00000, 0x0000000085000000|  0%| F|  |TAMS 0x0000000084f00000, 0x0000000084f00000| Untracked 
|  56|0x0000000085000000, 0x0000000085000000, 0x0000000085100000|  0%| F|  |TAMS 0x0000000085000000, 0x0000000085000000| Untracked 
|  57|0x0000000085100000, 0x0000000085100000, 0x0000000085200000|  0%| F|  |TAMS 0x0000000085100000, 0x0000000085100000| Untracked 
|  58|0x0000000085200000, 0x0000000085200000, 0x0000000085300000|  0%| F|  |TAMS 0x0000000085200000, 0x0000000085200000| Untracked 
|  59|0x0000000085300000, 0x0000000085300000, 0x0000000085400000|  0%| F|  |TAMS 0x0000000085300000, 0x0000000085300000| Untracked 
|  60|0x0000000085400000, 0x0000000085400000, 0x0000000085500000|  0%| F|  |TAMS 0x0000000085400000, 0x0000000085400000| Untracked 
|  61|0x0000000085500000, 0x0000000085500000, 0x0000000085600000|  0%| F|  |TAMS 0x0000000085500000, 0x0000000085500000| Untracked 
|  62|0x0000000085600000, 0x0000000085600000, 0x0000000085700000|  0%| F|  |TAMS 0x0000000085600000, 0x0000000085600000| Untracked 
|  63|0x0000000085700000, 0x0000000085700000, 0x0000000085800000|  0%| F|  |TAMS 0x0000000085700000, 0x0000000085700000| Untracked 
|  64|0x0000000085800000, 0x0000000085800000, 0x0000000085900000|  0%| F|  |TAMS 0x0000000085800000, 0x0000000085800000| Untracked 
|  65|0x0000000085900000, 0x0000000085900000, 0x0000000085a00000|  0%| F|  |TAMS 0x0000000085900000, 0x0000000085900000| Untracked 
|  66|0x0000000085a00000, 0x0000000085a00000, 0x0000000085b00000|  0%| F|  |TAMS 0x0000000085a00000, 0x0000000085a00000| Untracked 
|  67|0x0000000085b00000, 0x0000000085b00000, 0x0000000085c00000|  0%| F|  |TAMS 0x0000000085b00000, 0x0000000085b00000| Untracked 
|  68|0x0000000085c00000, 0x0000000085c00000, 0x0000000085d00000|  0%| F|  |TAMS 0x0000000085c00000, 0x0000000085c00000| Untracked 
|  69|0x0000000085d00000, 0x0000000085d00000, 0x0000000085e00000|  0%| F|  |TAMS 0x0000000085d00000, 0x0000000085d00000| Untracked 
|  70|0x0000000085e00000, 0x0000000085e00000, 0x0000000085f00000|  0%| F|  |TAMS 0x0000000085e00000, 0x0000000085e00000| Untracked 
|  71|0x0000000085f00000, 0x0000000085f00000, 0x0000000086000000|  0%| F|  |TAMS 0x0000000085f00000, 0x0000000085f00000| Untracked 
|  72|0x0000000086000000, 0x0000000086000000, 0x0000000086100000|  0%| F|  |TAMS 0x0000000086000000, 0x0000000086000000| Untracked 
|  73|0x0000000086100000, 0x0000000086100000, 0x0000000086200000|  0%| F|  |TAMS 0x0000000086100000, 0x0000000086100000| Untracked 
|  74|0x0000000086200000, 0x0000000086200000, 0x0000000086300000|  0%| F|  |TAMS 0x0000000086200000, 0x0000000086200000| Untracked 
|  75|0x0000000086300000, 0x0000000086300000, 0x0000000086400000|  0%| F|  |TAMS 0x0000000086300000, 0x0000000086300000| Untracked 
|  76|0x0000000086400000, 0x0000000086400000, 0x0000000086500000|  0%| F|  |TAMS 0x0000000086400000, 0x0000000086400000| Untracked 
|  77|0x0000000086500000, 0x0000000086500000, 0x0000000086600000|  0%| F|  |TAMS 0x0000000086500000, 0x0000000086500000| Untracked 
|  78|0x0000000086600000, 0x0000000086600000, 0x0000000086700000|  0%| F|  |TAMS 0x0000000086600000, 0x0000000086600000| Untracked 
|  79|0x0000000086700000, 0x0000000086700000, 0x0000000086800000|  0%| F|  |TAMS 0x0000000086700000, 0x0000000086700000| Untracked 
|  80|0x0000000086800000, 0x0000000086800000, 0x0000000086900000|  0%| F|  |TAMS 0x0000000086800000, 0x0000000086800000| Untracked 
|  81|0x0000000086900000, 0x0000000086900000, 0x0000000086a00000|  0%| F|  |TAMS 0x0000000086900000, 0x0000000086900000| Untracked 
|  82|0x0000000086a00000, 0x0000000086a00000, 0x0000000086b00000|  0%| F|  |TAMS 0x0000000086a00000, 0x0000000086a00000| Untracked 
|  83|0x0000000086b00000, 0x0000000086b00000, 0x0000000086c00000|  0%| F|  |TAMS 0x0000000086b00000, 0x0000000086b00000| Untracked 
|  84|0x0000000086c00000, 0x0000000086c00000, 0x0000000086d00000|  0%| F|  |TAMS 0x0000000086c00000, 0x0000000086c00000| Untracked 
|  85|0x0000000086d00000, 0x0000000086d00000, 0x0000000086e00000|  0%| F|  |TAMS 0x0000000086d00000, 0x0000000086d00000| Untracked 
|  86|0x0000000086e00000, 0x0000000086e00000, 0x0000000086f00000|  0%| F|  |TAMS 0x0000000086e00000, 0x0000000086e00000| Untracked 
|  87|0x0000000086f00000, 0x0000000086f00000, 0x0000000087000000|  0%| F|  |TAMS 0x0000000086f00000, 0x0000000086f00000| Untracked 
|  88|0x0000000087000000, 0x0000000087000000, 0x0000000087100000|  0%| F|  |TAMS 0x0000000087000000, 0x0000000087000000| Untracked 
|  89|0x0000000087100000, 0x0000000087100000, 0x0000000087200000|  0%| F|  |TAMS 0x0000000087100000, 0x0000000087100000| Untracked 
|  90|0x0000000087200000, 0x0000000087200000, 0x0000000087300000|  0%| F|  |TAMS 0x0000000087200000, 0x0000000087200000| Untracked 
|  91|0x0000000087300000, 0x0000000087300000, 0x0000000087400000|  0%| F|  |TAMS 0x0000000087300000, 0x0000000087300000| Untracked 
|  92|0x0000000087400000, 0x0000000087400000, 0x0000000087500000|  0%| F|  |TAMS 0x0000000087400000, 0x0000000087400000| Untracked 
|  93|0x0000000087500000, 0x0000000087500000, 0x0000000087600000|  0%| F|  |TAMS 0x0000000087500000, 0x0000000087500000| Untracked 
|  94|0x0000000087600000, 0x0000000087600000, 0x0000000087700000|  0%| F|  |TAMS 0x0000000087600000, 0x0000000087600000| Untracked 
|  95|0x0000000087700000, 0x0000000087700000, 0x0000000087800000|  0%| F|  |TAMS 0x0000000087700000, 0x0000000087700000| Untracked 
|  96|0x0000000087800000, 0x0000000087800000, 0x0000000087900000|  0%| F|  |TAMS 0x0000000087800000, 0x0000000087800000| Untracked 
|  97|0x0000000087900000, 0x0000000087900000, 0x0000000087a00000|  0%| F|  |TAMS 0x0000000087900000, 0x0000000087900000| Untracked 
|  98|0x0000000087a00000, 0x0000000087a00000, 0x0000000087b00000|  0%| F|  |TAMS 0x0000000087a00000, 0x0000000087a00000| Untracked 
|  99|0x0000000087b00000, 0x0000000087b851d8, 0x0000000087c00000| 51%| S|CS|TAMS 0x0000000087b00000, 0x0000000087b00000| Complete 
| 100|0x0000000087c00000, 0x0000000087d00000, 0x0000000087d00000|100%| S|CS|TAMS 0x0000000087c00000, 0x0000000087c00000| Complete 
| 101|0x0000000087d00000, 0x0000000087e00000, 0x0000000087e00000|100%| S|CS|TAMS 0x0000000087d00000, 0x0000000087d00000| Complete 
| 102|0x0000000087e00000, 0x0000000087f00000, 0x0000000087f00000|100%| S|CS|TAMS 0x0000000087e00000, 0x0000000087e00000| Complete 
| 103|0x0000000087f00000, 0x0000000087f00000, 0x0000000088000000|  0%| F|  |TAMS 0x0000000087f00000, 0x0000000087f00000| Untracked 
| 104|0x0000000088000000, 0x0000000088000000, 0x0000000088100000|  0%| F|  |TAMS 0x0000000088000000, 0x0000000088000000| Untracked 
| 105|0x0000000088100000, 0x0000000088100000, 0x0000000088200000|  0%| F|  |TAMS 0x0000000088100000, 0x0000000088100000| Untracked 
| 106|0x0000000088200000, 0x0000000088200000, 0x0000000088300000|  0%| F|  |TAMS 0x0000000088200000, 0x0000000088200000| Untracked 
| 107|0x0000000088300000, 0x0000000088300000, 0x0000000088400000|  0%| F|  |TAMS 0x0000000088300000, 0x0000000088300000| Untracked 
| 108|0x0000000088400000, 0x0000000088400000, 0x0000000088500000|  0%| F|  |TAMS 0x0000000088400000, 0x0000000088400000| Untracked 
| 109|0x0000000088500000, 0x0000000088500000, 0x0000000088600000|  0%| F|  |TAMS 0x0000000088500000, 0x0000000088500000| Untracked 
| 110|0x0000000088600000, 0x0000000088600000, 0x0000000088700000|  0%| F|  |TAMS 0x0000000088600000, 0x0000000088600000| Untracked 
| 111|0x0000000088700000, 0x0000000088700000, 0x0000000088800000|  0%| F|  |TAMS 0x0000000088700000, 0x0000000088700000| Untracked 
| 112|0x0000000088800000, 0x0000000088800000, 0x0000000088900000|  0%| F|  |TAMS 0x0000000088800000, 0x0000000088800000| Untracked 
| 113|0x0000000088900000, 0x0000000088900000, 0x0000000088a00000|  0%| F|  |TAMS 0x0000000088900000, 0x0000000088900000| Untracked 
| 114|0x0000000088a00000, 0x0000000088a00000, 0x0000000088b00000|  0%| F|  |TAMS 0x0000000088a00000, 0x0000000088a00000| Untracked 
| 115|0x0000000088b00000, 0x0000000088b00000, 0x0000000088c00000|  0%| F|  |TAMS 0x0000000088b00000, 0x0000000088b00000| Untracked 
| 116|0x0000000088c00000, 0x0000000088c00000, 0x0000000088d00000|  0%| F|  |TAMS 0x0000000088c00000, 0x0000000088c00000| Untracked 
| 117|0x0000000088d00000, 0x0000000088d00000, 0x0000000088e00000|  0%| F|  |TAMS 0x0000000088d00000, 0x0000000088d00000| Untracked 
| 118|0x0000000088e00000, 0x0000000088f00000, 0x0000000088f00000|100%| E|  |TAMS 0x0000000088e00000, 0x0000000088e00000| Complete 
| 119|0x0000000088f00000, 0x0000000089000000, 0x0000000089000000|100%| E|CS|TAMS 0x0000000088f00000, 0x0000000088f00000| Complete 
| 120|0x0000000089000000, 0x0000000089100000, 0x0000000089100000|100%| E|CS|TAMS 0x0000000089000000, 0x0000000089000000| Complete 
| 121|0x0000000089100000, 0x0000000089200000, 0x0000000089200000|100%| E|CS|TAMS 0x0000000089100000, 0x0000000089100000| Complete 
| 122|0x0000000089200000, 0x0000000089300000, 0x0000000089300000|100%| E|CS|TAMS 0x0000000089200000, 0x0000000089200000| Complete 
| 123|0x0000000089300000, 0x0000000089400000, 0x0000000089400000|100%| E|CS|TAMS 0x0000000089300000, 0x0000000089300000| Complete 
| 124|0x0000000089400000, 0x0000000089500000, 0x0000000089500000|100%| E|CS|TAMS 0x0000000089400000, 0x0000000089400000| Complete 
| 125|0x0000000089500000, 0x0000000089600000, 0x0000000089600000|100%| E|CS|TAMS 0x0000000089500000, 0x0000000089500000| Complete 
| 126|0x0000000089600000, 0x0000000089700000, 0x0000000089700000|100%| E|CS|TAMS 0x0000000089600000, 0x0000000089600000| Complete 
| 127|0x0000000089700000, 0x0000000089800000, 0x0000000089800000|100%| E|CS|TAMS 0x0000000089700000, 0x0000000089700000| Complete 

Card table byte_map: [0x000001985f340000,0x000001985f740000] _byte_map_base: 0x000001985ef34000

Marking Bits (Prev, Next): (CMBitMap*) 0x00000198484aca60, (CMBitMap*) 0x00000198484acaa0
 Prev Bits: [0x000001985fb40000, 0x0000019861ae0000)
 Next Bits: [0x0000019861ae0000, 0x0000019863a80000)

Polling page: 0x0000019846310000

Metaspace:

Usage:
  Non-class:     12.06 MB used.
      Class:      1.77 MB used.
       Both:     13.83 MB used.

Virtual space:
  Non-class space:       16.00 MB reserved,      12.19 MB ( 76%) committed,  2 nodes.
      Class space:        1.00 GB reserved,       1.88 MB ( <1%) committed,  1 nodes.
             Both:        1.02 GB reserved,      14.06 MB (  1%) committed. 

Chunk freelists:
   Non-Class:  3.05 MB
       Class:  2.09 MB
        Both:  5.14 MB

MaxMetaspaceSize: unlimited
CompressedClassSpaceSize: 1.00 GB
Initial GC threshold: 21.00 MB
Current GC threshold: 21.00 MB
CDS: on
MetaspaceReclaimPolicy: balanced
 - commit_granule_bytes: 65536.
 - commit_granule_words: 8192.
 - virtual_space_node_default_size: 1048576.
 - enlarge_chunks_in_place: 1.
 - new_chunks_are_fully_committed: 0.
 - uncommit_free_chunks: 1.
 - use_allocation_guard: 0.
 - handle_deallocations: 1.


Internal statistics:

num_allocs_failed_limit: 0.
num_arena_births: 178.
num_arena_deaths: 0.
num_vsnodes_births: 3.
num_vsnodes_deaths: 0.
num_space_committed: 225.
num_space_uncommitted: 0.
num_chunks_returned_to_freelist: 0.
num_chunks_taken_from_freelist: 653.
num_chunk_merges: 0.
num_chunk_splits: 419.
num_chunks_enlarged: 314.
num_purges: 0.
num_inconsistent_stats: 0.

CodeHeap 'non-profiled nmethods': size=120000Kb used=807Kb max_used=807Kb free=119192Kb
 bounds [0x0000019857a10000, 0x0000019857c80000, 0x000001985ef40000]
CodeHeap 'profiled nmethods': size=120000Kb used=3966Kb max_used=3966Kb free=116033Kb
 bounds [0x00000198504e0000, 0x00000198508c0000, 0x0000019857a10000]
CodeHeap 'non-nmethods': size=5760Kb used=1166Kb max_used=1204Kb free=4593Kb
 bounds [0x000001984ff40000, 0x00000198501b0000, 0x00000198504e0000]
 total_blobs=2474 nmethods=2016 adapters=370
 compilation: enabled
              stopped_count=0, restarted_count=0
 full_count=0

Compilation events (20 events):
Event: 2.874 Thread 0x0000019865f0f240 1999       3       jdk.internal.org.objectweb.asm.ClassReader::<init> (9 bytes)
Event: 2.874 Thread 0x0000019865f0f240 nmethod 1999 0x00000198508a9390 code [0x00000198508a9540, 0x00000198508a96e8]
Event: 2.874 Thread 0x0000019865f0f240 2000       3       jdk.internal.org.objectweb.asm.ClassReader::<init> (8 bytes)
Event: 2.875 Thread 0x0000019865f0f240 nmethod 2000 0x00000198508a9810 code [0x00000198508a99a0, 0x00000198508a9ae8]
Event: 2.875 Thread 0x0000019865f0f240 2001       3       jdk.internal.org.objectweb.asm.ClassReader::readConst (276 bytes)
Event: 2.877 Thread 0x0000019865f0f240 nmethod 2001 0x00000198508a9b90 code [0x00000198508aa020, 0x00000198508abe18]
Event: 2.877 Thread 0x0000019865f0f240 2002       3       jdk.internal.org.objectweb.asm.ClassReader::readUTF8 (23 bytes)
Event: 2.877 Thread 0x0000019865f0f240 nmethod 2002 0x00000198508ac890 code [0x00000198508aca40, 0x00000198508acc98]
Event: 2.877 Thread 0x0000019865f0f240 2003       3       jdk.internal.org.objectweb.asm.ClassReader::readUtf (44 bytes)
Event: 2.878 Thread 0x0000019865f0f240 nmethod 2003 0x00000198508acd90 code [0x00000198508acf60, 0x00000198508ad358]
Event: 2.878 Thread 0x0000019865f0f240 2004       3       jdk.internal.org.objectweb.asm.Type::getObjectType (31 bytes)
Event: 2.879 Thread 0x0000019865f0f240 nmethod 2004 0x00000198508ad510 code [0x00000198508ad740, 0x00000198508adf78]
Event: 2.879 Thread 0x0000019865f0f240 2005       3       jdk.internal.org.objectweb.asm.Type::getClassName (172 bytes)
Event: 2.880 Thread 0x0000019865f0f240 nmethod 2005 0x00000198508ae310 code [0x00000198508ae6a0, 0x00000198508afb48]
Event: 2.880 Thread 0x0000019865f0f240 2007       3       java.lang.invoke.InnerClassLambdaMetafactory$ForwardingMethodGenerator::generate (272 bytes)
Event: 2.882 Thread 0x0000019865f0f240 nmethod 2007 0x00000198508b0210 code [0x00000198508b05a0, 0x00000198508b2228]
Event: 2.883 Thread 0x0000019865f0f240 2008       3       java.lang.invoke.BoundMethodHandle$Species_L::make (11 bytes)
Event: 2.883 Thread 0x0000019865f0f240 nmethod 2008 0x00000198508b2a90 code [0x00000198508b2c40, 0x00000198508b2ea8]
Event: 2.883 Thread 0x0000019865f0f240 2009       3       java.lang.invoke.MethodHandles$Lookup::defineHiddenClass (69 bytes)
Event: 2.884 Thread 0x0000019865f0f240 nmethod 2009 0x00000198508b2f90 code [0x00000198508b3280, 0x00000198508b4058]

GC Heap History (6 events):
Event: 1.012 GC heap before
{Heap before GC invocations=0 (full 0):
 garbage-first heap   total 131072K, used 13312K [0x0000000081800000, 0x0000000100000000)
  region size 1024K, 13 young (13312K), 0 survivors (0K)
 Metaspace       used 2920K, committed 3072K, reserved 1056768K
  class space    used 319K, committed 384K, reserved 1048576K
}
Event: 1.018 GC heap after
{Heap after GC invocations=1 (full 0):
 garbage-first heap   total 131072K, used 6223K [0x0000000081800000, 0x0000000100000000)
  region size 1024K, 2 young (2048K), 2 survivors (2048K)
 Metaspace       used 2920K, committed 3072K, reserved 1056768K
  class space    used 319K, committed 384K, reserved 1048576K
}
Event: 1.643 GC heap before
{Heap before GC invocations=1 (full 0):
 garbage-first heap   total 131072K, used 18511K [0x0000000081800000, 0x0000000100000000)
  region size 1024K, 14 young (14336K), 2 survivors (2048K)
 Metaspace       used 6220K, committed 6464K, reserved 1056768K
  class space    used 757K, committed 896K, reserved 1048576K
}
Event: 1.649 GC heap after
{Heap after GC invocations=2 (full 0):
 garbage-first heap   total 131072K, used 8137K [0x0000000081800000, 0x0000000100000000)
  region size 1024K, 2 young (2048K), 2 survivors (2048K)
 Metaspace       used 6220K, committed 6464K, reserved 1056768K
  class space    used 757K, committed 896K, reserved 1048576K
}
Event: 2.671 GC heap before
{Heap before GC invocations=2 (full 0):
 garbage-first heap   total 131072K, used 31689K [0x0000000081800000, 0x0000000100000000)
  region size 1024K, 25 young (25600K), 2 survivors (2048K)
 Metaspace       used 11616K, committed 11840K, reserved 1064960K
  class space    used 1501K, committed 1600K, reserved 1048576K
}
Event: 2.678 GC heap after
{Heap after GC invocations=3 (full 0):
 garbage-first heap   total 131072K, used 9855K [0x0000000081800000, 0x0000000100000000)
  region size 1024K, 4 young (4096K), 4 survivors (4096K)
 Metaspace       used 11616K, committed 11840K, reserved 1064960K
  class space    used 1501K, committed 1600K, reserved 1048576K
}

Deoptimization events (20 events):
Event: 2.551 Thread 0x000001984846b020 Uncommon trap: trap_request=0xffffffc6 fr.pc=0x0000019857a9c7d8 relative=0x0000000000001b78
Event: 2.551 Thread 0x000001984846b020 Uncommon trap: reason=bimorphic_or_optimized_type_check action=maybe_recompile pc=0x0000019857a9c7d8 method=java.util.HashMap.putVal(ILjava/lang/Object;Ljava/lang/Object;ZZ)Ljava/lang/Object; @ 91 c2
Event: 2.551 Thread 0x000001984846b020 DEOPT PACKING pc=0x0000019857a9c7d8 sp=0x0000004e680fbc20
Event: 2.551 Thread 0x000001984846b020 DEOPT UNPACKING pc=0x000001984ff923a3 sp=0x0000004e680fbad8 mode 2
Event: 2.551 Thread 0x000001984846b020 Uncommon trap: trap_request=0xffffffc6 fr.pc=0x0000019857a9c7d8 relative=0x0000000000001b78
Event: 2.551 Thread 0x000001984846b020 Uncommon trap: reason=bimorphic_or_optimized_type_check action=maybe_recompile pc=0x0000019857a9c7d8 method=java.util.HashMap.putVal(ILjava/lang/Object;Ljava/lang/Object;ZZ)Ljava/lang/Object; @ 91 c2
Event: 2.551 Thread 0x000001984846b020 DEOPT PACKING pc=0x0000019857a9c7d8 sp=0x0000004e680fbc20
Event: 2.551 Thread 0x000001984846b020 DEOPT UNPACKING pc=0x000001984ff923a3 sp=0x0000004e680fbad8 mode 2
Event: 2.551 Thread 0x000001984846b020 Uncommon trap: trap_request=0xffffffc6 fr.pc=0x0000019857a93be8 relative=0x00000000000008c8
Event: 2.551 Thread 0x000001984846b020 Uncommon trap: reason=bimorphic_or_optimized_type_check action=maybe_recompile pc=0x0000019857a93be8 method=java.util.HashMap.putVal(ILjava/lang/Object;Ljava/lang/Object;ZZ)Ljava/lang/Object; @ 91 c2
Event: 2.552 Thread 0x000001984846b020 DEOPT PACKING pc=0x0000019857a93be8 sp=0x0000004e680fbba0
Event: 2.552 Thread 0x000001984846b020 DEOPT UNPACKING pc=0x000001984ff923a3 sp=0x0000004e680fbac8 mode 2
Event: 2.652 Thread 0x000001984846b020 Uncommon trap: trap_request=0xffffff45 fr.pc=0x0000019857a7c870 relative=0x0000000000000ed0
Event: 2.652 Thread 0x000001984846b020 Uncommon trap: reason=unstable_if action=reinterpret pc=0x0000019857a7c870 method=java.util.concurrent.ConcurrentHashMap.putVal(Ljava/lang/Object;Ljava/lang/Object;Z)Ljava/lang/Object; @ 148 c2
Event: 2.652 Thread 0x000001984846b020 DEOPT PACKING pc=0x0000019857a7c870 sp=0x0000004e680fbed0
Event: 2.652 Thread 0x000001984846b020 DEOPT UNPACKING pc=0x000001984ff923a3 sp=0x0000004e680fbe50 mode 2
Event: 2.777 Thread 0x000001984846b020 Uncommon trap: trap_request=0xffffff45 fr.pc=0x0000019857ac1e10 relative=0x0000000000001470
Event: 2.777 Thread 0x000001984846b020 Uncommon trap: reason=unstable_if action=reinterpret pc=0x0000019857ac1e10 method=java.net.URL.<init>(Ljava/net/URL;Ljava/lang/String;Ljava/net/URLStreamHandler;)V @ 347 c2
Event: 2.777 Thread 0x000001984846b020 DEOPT PACKING pc=0x0000019857ac1e10 sp=0x0000004e680fc810
Event: 2.777 Thread 0x000001984846b020 DEOPT UNPACKING pc=0x000001984ff923a3 sp=0x0000004e680fc790 mode 2

Classes unloaded (0 events):
No events

Classes redefined (0 events):
No events

Internal exceptions (20 events):
Event: 1.677 Thread 0x000001984846b020 Exception <a 'java/lang/NoSuchMethodError'{0x00000000897e0848}: 'int java.lang.invoke.DirectMethodHandle$Holder.invokeInterface(java.lang.Object, java.lang.Object)'> (0x00000000897e0848) 
thrown [c:\jenkins\workspace\zulu17-build-win64\zulu-src.git\src\hotspot\share\interpreter\linkResolver.cpp, line 766]
Event: 2.076 Thread 0x000001984846b020 Exception <a 'java/lang/NoSuchMethodError'{0x00000000890acab8}: 'void java.lang.invoke.DirectMethodHandle$Holder.invokeVirtual(java.lang.Object, java.lang.Object, java.lang.Object, java.lang.Object)'> (0x00000000890acab8) 
thrown [c:\jenkins\workspace\zulu17-build-win64\zulu-src.git\src\hotspot\share\interpreter\linkResolver.cpp, line 766]
Event: 2.293 Thread 0x000001984846b020 Exception <a 'java/lang/NoSuchMethodError'{0x000000008896df38}: 'java.lang.Object java.lang.invoke.DirectMethodHandle$Holder.newInvokeSpecial(java.lang.Object, java.lang.Object, java.lang.Object, java.lang.Object, java.lang.Object, java.lang.Object, java.lang.Object)'> (0x000000008896df38) 
thrown [c:\jenkins\workspace\zulu17-build-win64\zulu-src.git\src\hotspot\share\interpreter\linkResolver.cpp, line 766]
Event: 2.293 Thread 0x000001984846b020 Exception <a 'java/lang/NoSuchMethodError'{0x0000000088972af0}: 'java.lang.Object java.lang.invoke.Invokers$Holder.linkToTargetMethod(java.lang.Object, java.lang.Object, java.lang.Object, java.lang.Object, java.lang.Object, java.lang.Object, java.lang.Object)'> (0x0000000088972af0) 
thrown [c:\jenkins\workspace\zulu17-build-win64\zulu-src.git\src\hotspot\share\interpreter\linkResolver.cpp, line 766]
Event: 2.295 Thread 0x000001984846b020 Exception <a 'java/lang/NoSuchMethodError'{0x00000000889791f8}: 'java.lang.Object java.lang.invoke.DirectMethodHandle$Holder.invokeInterface(java.lang.Object, java.lang.Object, java.lang.Object, java.lang.Object, java.lang.Object)'> (0x00000000889791f8) 
thrown [c:\jenkins\workspace\zulu17-build-win64\zulu-src.git\src\hotspot\share\interpreter\linkResolver.cpp, line 766]
Event: 2.295 Thread 0x000001984846b020 Exception <a 'java/lang/IncompatibleClassChangeError'{0x000000008897cff0}: Found class java.lang.Object, but interface was expected> (0x000000008897cff0) 
thrown [c:\jenkins\workspace\zulu17-build-win64\zulu-src.git\src\hotspot\share\interpreter\linkResolver.cpp, line 833]
Event: 2.437 Thread 0x000001984846b020 Exception <a 'sun/nio/fs/WindowsException'{0x000000008847d0a0}> (0x000000008847d0a0) 
thrown [c:\jenkins\workspace\zulu17-build-win64\zulu-src.git\src\hotspot\share\prims\jni.cpp, line 516]
Event: 2.447 Thread 0x000001984846b020 Exception <a 'java/lang/IncompatibleClassChangeError'{0x00000000884cb0d0}: Found class java.lang.Object, but interface was expected> (0x00000000884cb0d0) 
thrown [c:\jenkins\workspace\zulu17-build-win64\zulu-src.git\src\hotspot\share\interpreter\linkResolver.cpp, line 833]
Event: 2.474 Thread 0x000001984846b020 Exception <a 'java/lang/NoSuchMethodError'{0x0000000088392670}: 'int java.lang.invoke.DirectMethodHandle$Holder.invokeSpecial(java.lang.Object, java.lang.Object, java.lang.Object, java.lang.Object)'> (0x0000000088392670) 
thrown [c:\jenkins\workspace\zulu17-build-win64\zulu-src.git\src\hotspot\share\interpreter\linkResolver.cpp, line 766]
Event: 2.496 Thread 0x000001984846b020 Exception <a 'java/lang/NoSuchMethodError'{0x0000000088241e48}: 'void java.lang.invoke.DirectMethodHandle$Holder.invokeStatic(java.lang.Object, java.lang.Object, java.lang.Object, java.lang.Object, java.lang.Object, java.lang.Object)'> (0x0000000088241e48) 
thrown [c:\jenkins\workspace\zulu17-build-win64\zulu-src.git\src\hotspot\share\interpreter\linkResolver.cpp, line 766]
Event: 2.506 Thread 0x000001984846b020 Exception <a 'java/lang/NoSuchMethodError'{0x00000000882a8410}: 'java.lang.Object java.lang.invoke.DirectMethodHandle$Holder.invokeSpecial(java.lang.Object, java.lang.Object, java.lang.Object, java.lang.Object, java.lang.Object, java.lang.Object, int)'> (0x00000000882a8410) 
thrown [c:\jenkins\workspace\zulu17-build-win64\zulu-src.git\src\hotspot\share\interpreter\linkResolver.cpp, line 766]
Event: 2.507 Thread 0x000001984846b020 Exception <a 'java/lang/NoSuchMethodError'{0x00000000882b2ec0}: 'java.lang.Object java.lang.invoke.DirectMethodHandle$Holder.newInvokeSpecial(java.lang.Object, java.lang.Object, java.lang.Object, java.lang.Object, java.lang.Object, java.lang.Object, int)'> (0x00000000882b2ec0) 
thrown [c:\jenkins\workspace\zulu17-build-win64\zulu-src.git\src\hotspot\share\interpreter\linkResolver.cpp, line 766]
Event: 2.507 Thread 0x000001984846b020 Exception <a 'java/lang/NoSuchMethodError'{0x00000000882b8450}: 'java.lang.Object java.lang.invoke.DirectMethodHandle$Holder.invokeSpecial(java.lang.Object, java.lang.Object, java.lang.Object, java.lang.Object, java.lang.Object, java.lang.Object, java.lang.Object, int)'> (0x00000000882b8450) 
thrown [c:\jenkins\workspace\zulu17-build-win64\zulu-src.git\src\hotspot\share\interpreter\linkResolver.cpp, line 766]
Event: 2.569 Thread 0x000001984846b020 Exception <a 'java/lang/NoSuchMethodError'{0x000000008804a450}: 'java.lang.Object java.lang.invoke.DirectMethodHandle$Holder.invokeSpecial(java.lang.Object, java.lang.Object, java.lang.Object, int, java.lang.Object)'> (0x000000008804a450) 
thrown [c:\jenkins\workspace\zulu17-build-win64\zulu-src.git\src\hotspot\share\interpreter\linkResolver.cpp, line 766]
Event: 2.571 Thread 0x000001984846b020 Exception <a 'java/lang/NoSuchMethodError'{0x0000000088052f10}: 'java.lang.Object java.lang.invoke.DirectMethodHandle$Holder.newInvokeSpecial(java.lang.Object, java.lang.Object, java.lang.Object, int, java.lang.Object)'> (0x0000000088052f10) 
thrown [c:\jenkins\workspace\zulu17-build-win64\zulu-src.git\src\hotspot\share\interpreter\linkResolver.cpp, line 766]
Event: 2.572 Thread 0x000001984846b020 Exception <a 'java/lang/NoSuchMethodError'{0x000000008805ae30}: 'java.lang.Object java.lang.invoke.Invokers$Holder.linkToTargetMethod(java.lang.Object, java.lang.Object, int, java.lang.Object, java.lang.Object)'> (0x000000008805ae30) 
thrown [c:\jenkins\workspace\zulu17-build-win64\zulu-src.git\src\hotspot\share\interpreter\linkResolver.cpp, line 766]
Event: 2.576 Thread 0x000001984846b020 Exception <a 'java/lang/NoSuchMethodError'{0x00000000880713e8}: 'java.lang.Object java.lang.invoke.DirectMethodHandle$Holder.newInvokeSpecial(java.lang.Object, int, java.lang.Object)'> (0x00000000880713e8) 
thrown [c:\jenkins\workspace\zulu17-build-win64\zulu-src.git\src\hotspot\share\interpreter\linkResolver.cpp, line 766]
Event: 2.630 Thread 0x000001984846b020 Exception <a 'java/lang/NoSuchMethodError'{0x0000000087fa2198}: 'void java.lang.invoke.DirectMethodHandle$Holder.invokeStaticInit(java.lang.Object, java.lang.Object)'> (0x0000000087fa2198) 
thrown [c:\jenkins\workspace\zulu17-build-win64\zulu-src.git\src\hotspot\share\interpreter\linkResolver.cpp, line 766]
Event: 2.774 Thread 0x00000198680cd570 Exception <a 'java/lang/NoClassDefFoundError'{0x0000000089518568}: javax/validation/Validation> (0x0000000089518568) 
thrown [c:\jenkins\workspace\zulu17-build-win64\zulu-src.git\src\hotspot\share\classfile\systemDictionary.cpp, line 245]
Event: 2.829 Thread 0x00000198680cd570 Exception <a 'java/lang/NoSuchMethodError'{0x00000000893502c0}: 'java.lang.Object java.lang.invoke.DirectMethodHandle$Holder.invokeStaticInit(java.lang.Object, java.lang.Object, java.lang.Object, java.lang.Object, java.lang.Object)'> (0x00000000893502c0) 
thrown [c:\jenkins\workspace\zulu17-build-win64\zulu-src.git\src\hotspot\share\interpreter\linkResolver.cpp, line 766]

VM Operations (20 events):
Event: 1.565 Executing VM operation: HandshakeAllThreads
Event: 1.565 Executing VM operation: HandshakeAllThreads done
Event: 1.614 Executing VM operation: HandshakeAllThreads
Event: 1.614 Executing VM operation: HandshakeAllThreads done
Event: 1.614 Executing VM operation: HandshakeAllThreads
Event: 1.614 Executing VM operation: HandshakeAllThreads done
Event: 1.643 Executing VM operation: G1CollectForAllocation
Event: 1.649 Executing VM operation: G1CollectForAllocation done
Event: 1.880 Executing VM operation: HandshakeAllThreads
Event: 1.880 Executing VM operation: HandshakeAllThreads done
Event: 2.299 Executing VM operation: HandshakeAllThreads
Event: 2.299 Executing VM operation: HandshakeAllThreads done
Event: 2.563 Executing VM operation: HandshakeAllThreads
Event: 2.563 Executing VM operation: HandshakeAllThreads done
Event: 2.596 Executing VM operation: ICBufferFull
Event: 2.596 Executing VM operation: ICBufferFull done
Event: 2.600 Executing VM operation: HandshakeAllThreads
Event: 2.600 Executing VM operation: HandshakeAllThreads done
Event: 2.671 Executing VM operation: G1CollectForAllocation
Event: 2.678 Executing VM operation: G1CollectForAllocation done

Events (20 events):
Event: 2.864 loading class jdk/xml/internal/JdkProperty$ImplPropMap
Event: 2.865 loading class jdk/xml/internal/JdkProperty$ImplPropMap done
Event: 2.865 loading class jdk/xml/internal/JdkProperty$State
Event: 2.865 loading class jdk/xml/internal/JdkProperty$State done
Event: 2.865 loading class com/sun/org/apache/xalan/internal/utils/XMLSecurityPropertyManager
Event: 2.865 loading class com/sun/org/apache/xalan/internal/utils/FeaturePropertyBase
Event: 2.865 loading class com/sun/org/apache/xalan/internal/utils/FeaturePropertyBase done
Event: 2.865 loading class com/sun/org/apache/xalan/internal/utils/XMLSecurityPropertyManager done
Event: 2.865 loading class com/sun/org/apache/xalan/internal/utils/FeaturePropertyBase$State
Event: 2.866 loading class com/sun/org/apache/xalan/internal/utils/FeaturePropertyBase$State done
Event: 2.866 loading class com/sun/org/apache/xalan/internal/utils/XMLSecurityPropertyManager$Property
Event: 2.866 loading class com/sun/org/apache/xalan/internal/utils/XMLSecurityPropertyManager$Property done
Event: 2.866 loading class com/sun/org/apache/xalan/internal/utils/XMLSecurityManager
Event: 2.866 loading class com/sun/org/apache/xalan/internal/utils/XMLSecurityManager done
Event: 2.866 loading class com/sun/org/apache/xalan/internal/utils/XMLSecurityManager$Limit
Event: 2.866 loading class com/sun/org/apache/xalan/internal/utils/XMLSecurityManager$Limit done
Event: 2.867 loading class com/sun/org/apache/xalan/internal/utils/XMLSecurityManager$NameMap
Event: 2.867 loading class com/sun/org/apache/xalan/internal/utils/XMLSecurityManager$NameMap done
Event: 2.867 loading class jdk/xml/internal/JdkProperty
Event: 2.867 loading class jdk/xml/internal/JdkProperty done


Dynamic libraries:
0x00007ff6a1550000 - 0x00007ff6a155e000 	C:\Users\Laptop\.jdks\azul-17.0.2\bin\java.exe
0x00007ff9ce390000 - 0x00007ff9ce585000 	C:\WINDOWS\SYSTEM32\ntdll.dll
0x00007ff9cc500000 - 0x00007ff9cc5be000 	C:\WINDOWS\System32\KERNEL32.DLL
0x00007ff9cbc40000 - 0x00007ff9cbf08000 	C:\WINDOWS\System32\KERNELBASE.dll
0x00007ff9cbfb0000 - 0x00007ff9cc0b0000 	C:\WINDOWS\System32\ucrtbase.dll
0x00007ff995280000 - 0x00007ff99529b000 	C:\Users\Laptop\.jdks\azul-17.0.2\bin\VCRUNTIME140.dll
0x00007ff9b4580000 - 0x00007ff9b4598000 	C:\Users\Laptop\.jdks\azul-17.0.2\bin\jli.dll
0x00007ff9cc6e0000 - 0x00007ff9cc881000 	C:\WINDOWS\System32\USER32.dll
0x00007ff9cc240000 - 0x00007ff9cc262000 	C:\WINDOWS\System32\win32u.dll
0x00007ff9cd350000 - 0x00007ff9cd37b000 	C:\WINDOWS\System32\GDI32.dll
0x00007ff9cbb00000 - 0x00007ff9cbc0d000 	C:\WINDOWS\System32\gdi32full.dll
0x00007ff9cbf10000 - 0x00007ff9cbfad000 	C:\WINDOWS\System32\msvcp_win.dll
0x00007ff9b6dc0000 - 0x00007ff9b705a000 	C:\WINDOWS\WinSxS\amd64_microsoft.windows.common-controls_6595b64144ccf1df_6.0.19041.1110_none_60b5254171f9507e\COMCTL32.dll
0x00007ff9ce120000 - 0x00007ff9ce1be000 	C:\WINDOWS\System32\msvcrt.dll
0x00007ff9cd3f0000 - 0x00007ff9cd420000 	C:\WINDOWS\System32\IMM32.DLL
0x00007ff9a66d0000 - 0x00007ff9a66dc000 	C:\Users\Laptop\.jdks\azul-17.0.2\bin\vcruntime140_1.dll
0x00007ff9840c0000 - 0x00007ff98414d000 	C:\Users\Laptop\.jdks\azul-17.0.2\bin\msvcp140.dll
0x00007ff9687c0000 - 0x00007ff969420000 	C:\Users\Laptop\.jdks\azul-17.0.2\bin\server\jvm.dll
0x00007ff9cc3f0000 - 0x00007ff9cc49e000 	C:\WINDOWS\System32\ADVAPI32.dll
0x00007ff9cc5c0000 - 0x00007ff9cc65c000 	C:\WINDOWS\System32\sechost.dll
0x00007ff9ce1c0000 - 0x00007ff9ce2e5000 	C:\WINDOWS\System32\RPCRT4.dll
0x00007ff9cd340000 - 0x00007ff9cd348000 	C:\WINDOWS\System32\PSAPI.DLL
0x00007ff9ad870000 - 0x00007ff9ad879000 	C:\WINDOWS\SYSTEM32\WSOCK32.dll
0x00007ff9cd380000 - 0x00007ff9cd3eb000 	C:\WINDOWS\System32\WS2_32.dll
0x00007ff9ae070000 - 0x00007ff9ae097000 	C:\WINDOWS\SYSTEM32\WINMM.dll
0x00007ff9bd4f0000 - 0x00007ff9bd4fa000 	C:\WINDOWS\SYSTEM32\VERSION.dll
0x00007ff9ca320000 - 0x00007ff9ca332000 	C:\WINDOWS\SYSTEM32\kernel.appcore.dll
0x00007ff9a4540000 - 0x00007ff9a454a000 	C:\Users\Laptop\.jdks\azul-17.0.2\bin\jimage.dll
0x00007ff9c9960000 - 0x00007ff9c9b44000 	C:\WINDOWS\SYSTEM32\DBGHELP.DLL
0x00007ff9af8b0000 - 0x00007ff9af8dc000 	C:\WINDOWS\SYSTEM32\dbgcore.DLL
0x00007ff9cc160000 - 0x00007ff9cc1e2000 	C:\WINDOWS\System32\bcryptPrimitives.dll
0x00007ff9a4440000 - 0x00007ff9a444e000 	C:\Users\Laptop\.jdks\azul-17.0.2\bin\instrument.dll
0x00007ff994d40000 - 0x00007ff994d65000 	C:\Users\Laptop\.jdks\azul-17.0.2\bin\java.dll
0x00007ff97dc80000 - 0x00007ff97dd57000 	C:\Users\Laptop\.jdks\azul-17.0.2\bin\jsvml.dll
0x00007ff9cc890000 - 0x00007ff9ccfd4000 	C:\WINDOWS\System32\SHELL32.dll
0x00007ff9c9b50000 - 0x00007ff9ca2e5000 	C:\WINDOWS\SYSTEM32\windows.storage.dll
0x00007ff9cd670000 - 0x00007ff9cd9c5000 	C:\WINDOWS\System32\combase.dll
0x00007ff9cb4f0000 - 0x00007ff9cb51e000 	C:\WINDOWS\SYSTEM32\Wldp.dll
0x00007ff9cd420000 - 0x00007ff9cd4cd000 	C:\WINDOWS\System32\SHCORE.dll
0x00007ff9cc4a0000 - 0x00007ff9cc4f5000 	C:\WINDOWS\System32\shlwapi.dll
0x00007ff9cb9e0000 - 0x00007ff9cb9ff000 	C:\WINDOWS\SYSTEM32\profapi.dll
0x00007ff994c60000 - 0x00007ff994c78000 	C:\Users\Laptop\.jdks\azul-17.0.2\bin\zip.dll
0x00007ff995220000 - 0x00007ff995239000 	C:\Users\Laptop\.jdks\azul-17.0.2\bin\net.dll
0x00007ff9b6600000 - 0x00007ff9b670c000 	C:\WINDOWS\SYSTEM32\WINHTTP.dll
0x00007ff9cb250000 - 0x00007ff9cb2ba000 	C:\WINDOWS\system32\mswsock.dll
0x00007ff994c80000 - 0x00007ff994c96000 	C:\Users\Laptop\.jdks\azul-17.0.2\bin\nio.dll
0x00007ff994c40000 - 0x00007ff994c5a000 	C:\Program Files\JetBrains\IntelliJ IDEA 20213.1\IntelliJ IDEA 2021.3.1\bin\breakgen64.dll
0x00007ff9a1910000 - 0x00007ff9a1920000 	C:\Users\Laptop\.jdks\azul-17.0.2\bin\verify.dll
0x00007ff99da20000 - 0x00007ff99da29000 	C:\Users\Laptop\.jdks\azul-17.0.2\bin\management.dll
0x00007ff99b280000 - 0x00007ff99b28b000 	C:\Users\Laptop\.jdks\azul-17.0.2\bin\management_ext.dll
0x00007ff9a7840000 - 0x00007ff9a7857000 	C:\WINDOWS\system32\napinsp.dll
0x00007ff9a7820000 - 0x00007ff9a783b000 	C:\WINDOWS\system32\pnrpnsp.dll
0x00007ff9c35f0000 - 0x00007ff9c3605000 	C:\WINDOWS\system32\wshbth.dll
0x00007ff9c40b0000 - 0x00007ff9c40cd000 	C:\WINDOWS\system32\NLAapi.dll
0x00007ff9caef0000 - 0x00007ff9caf2b000 	C:\WINDOWS\SYSTEM32\IPHLPAPI.DLL
0x00007ff9caf30000 - 0x00007ff9caffb000 	C:\WINDOWS\SYSTEM32\DNSAPI.dll
0x00007ff9cd1b0000 - 0x00007ff9cd1b8000 	C:\WINDOWS\System32\NSI.dll
0x00007ff9a7500000 - 0x00007ff9a7512000 	C:\WINDOWS\System32\winrnr.dll
0x00007ff9b6530000 - 0x00007ff9b653a000 	C:\Windows\System32\rasadhlp.dll
0x00007ff9b6580000 - 0x00007ff9b65ff000 	C:\WINDOWS\System32\fwpuclnt.dll
0x00007ff9cbc10000 - 0x00007ff9cbc37000 	C:\WINDOWS\System32\bcrypt.dll

dbghelp: loaded successfully - version: 4.0.5 - missing functions: none
symbol engine: initialized successfully - sym options: 0x614 - pdb path: .;C:\Users\Laptop\.jdks\azul-17.0.2\bin;C:\WINDOWS\SYSTEM32;C:\WINDOWS\WinSxS\amd64_microsoft.windows.common-controls_6595b64144ccf1df_6.0.19041.1110_none_60b5254171f9507e;C:\Users\Laptop\.jdks\azul-17.0.2\bin\server;C:\Program Files\JetBrains\IntelliJ IDEA 20213.1\IntelliJ IDEA 2021.3.1\bin

VM Arguments:
jvm_args: -ea -Didea.test.cyclic.buffer.size=1048576 -javaagent:C:\Program Files\JetBrains\IntelliJ IDEA 20213.1\IntelliJ IDEA 2021.3.1\lib\idea_rt.jar=60405:C:\Program Files\JetBrains\IntelliJ IDEA 20213.1\IntelliJ IDEA 2021.3.1\bin -Dfile.encoding=UTF-8 
java_command: com.intellij.rt.junit.JUnitStarter -ideVersion5 -junit5 @w@C:\Users\Laptop\AppData\Local\Temp\idea_working_dirs_junit.tmp @C:\Users\Laptop\AppData\Local\Temp\idea_junit.tmp
java_class_path (initial): C:\Users\Laptop\.m2\repository\org\junit\platform\junit-platform-launcher\1.8.2\junit-platform-launcher-1.8.2.jar;C:\Program Files\JetBrains\IntelliJ IDEA 20213.1\IntelliJ IDEA 2021.3.1\lib\idea_rt.jar;C:\Program Files\JetBrains\IntelliJ IDEA 20213.1\IntelliJ IDEA 2021.3.1\plugins\junit\lib\junit5-rt.jar;C:\Program Files\JetBrains\IntelliJ IDEA 20213.1\IntelliJ IDEA 2021.3.1\plugins\junit\lib\junit-rt.jar;C:\Users\Laptop\IdeaProjects\javaee9-spring\target\test-classes;C:\Users\Laptop\IdeaProjects\javaee9-spring\target\classes;C:\Users\Laptop\.m2\repository\org\springframework\boot\spring-boot-starter-data-jpa\2.6.3\spring-boot-starter-data-jpa-2.6.3.jar;C:\Users\Laptop\.m2\repository\org\springframework\boot\spring-boot-starter-aop\2.6.3\spring-boot-starter-aop-2.6.3.jar;C:\Users\Laptop\.m2\repository\org\springframework\spring-aop\5.3.15\spring-aop-5.3.15.jar;C:\Users\Laptop\.m2\repository\org\aspectj\aspectjweaver\1.9.7\aspectjweaver-1.9.7.jar;C:\Users\Laptop\.m2\repository\org\springframework\boot\spring-boot-starter-jdbc\2.6.3\spring-boot-starter-jdbc-2.6.3.jar;C:\Users\Laptop\.m2\repository\com\zaxxer\HikariCP\4.0.3\HikariCP-4.0.3.jar;C:\Users\Laptop\.m2\repository\org\springframework\spring-jdbc\5.3.15\spring-jdbc-5.3.15.jar;C:\Users\Laptop\.m2\repository\jakarta\transaction\jakarta.transaction-api\1.3.3\jakarta.transaction-api-1.3.3.jar;C:\Users\Laptop\.m2\repository\jakarta\persistence\jakarta.persistence-api\2.2.3\jakarta.persistence-api-2.2.3.jar;C:\Users\Laptop\.m2\repository\org\hibernate\hibernate-core\5.6.4.Final\hibernate-core-5.6.4.Final.jar;C:\Users\Laptop\.m2\repository\org\jboss\logging\jboss-logging\3.4.3.Final\jboss-logging-3.4.3.Final.jar;C:\Users\Laptop\.m2\repository\net\bytebuddy\byte-buddy\1.11.22\byte-buddy-1.11.22.jar;C:\Users\Laptop\.m2\repository\antlr\antlr\2.7.7\antlr-2.7.7.jar;C:\Users\Laptop\.m2\repository\org\jboss\jandex\2.4.2.Final\jandex-2.4.2.Final.jar;C:\Users\Laptop\.m2\repository\com\fasterxml\cl
Launcher Type: SUN_STANDARD

[Global flags]
     intx CICompilerCount                          = 3                                         {product} {ergonomic}
     uint ConcGCThreads                            = 1                                         {product} {ergonomic}
     uint G1ConcRefinementThreads                  = 4                                         {product} {ergonomic}
   size_t G1HeapRegionSize                         = 1048576                                   {product} {ergonomic}
    uintx GCDrainStackTargetSize                   = 64                                        {product} {ergonomic}
   size_t InitialHeapSize                          = 134217728                                 {product} {ergonomic}
   size_t MarkStackSize                            = 4194304                                   {product} {ergonomic}
   size_t MaxHeapSize                              = 2122317824                                {product} {ergonomic}
   size_t MaxNewSize                               = 1272971264                                {product} {ergonomic}
   size_t MinHeapDeltaBytes                        = 1048576                                   {product} {ergonomic}
   size_t MinHeapSize                              = 8388608                                   {product} {ergonomic}
    uintx NonNMethodCodeHeapSize                   = 5832780                                {pd product} {ergonomic}
    uintx NonProfiledCodeHeapSize                  = 122912730                              {pd product} {ergonomic}
    uintx ProfiledCodeHeapSize                     = 122912730                              {pd product} {ergonomic}
    uintx ReservedCodeCacheSize                    = 251658240                              {pd product} {ergonomic}
     bool SegmentedCodeCache                       = true                                      {product} {ergonomic}
   size_t SoftMaxHeapSize                          = 2122317824                             {manageable} {ergonomic}
     bool UseCompressedClassPointers               = true                           {product lp64_product} {ergonomic}
     bool UseCompressedOops                        = true                           {product lp64_product} {ergonomic}
     bool UseG1GC                                  = true                                      {product} {ergonomic}
     bool UseLargePagesIndividualAllocation        = false                                  {pd product} {ergonomic}

Logging:
Log output configuration:
 #0: stdout all=warning uptime,level,tags
 #1: stderr all=off uptime,level,tags

Environment Variables:
PATH=C:\Python310\Scripts\;C:\Python310\;C:\Program Files\AdoptOpenJDK\jdk-11.0.11.9-hotspot\bin;C:\WINDOWS\system32;C:\WINDOWS;C:\WINDOWS\System32\Wbem;C:\WINDOWS\System32\WindowsPowerShell\v1.0\;C:\WINDOWS\System32\OpenSSH\;C:\Program Files\Git\cmd;C:\Program Files (x86)\IDEMIA\AWP\Dlls;C:\Program Files\IDEMIA\AWP\Dlls;C:\ProgramData\chocolatey\bin;C:\Users\Laptop\AppData\Local\Microsoft\WindowsApps;C:\Users\Laptop\Desktop\Downloads\apache-maven-3.8.2\bin
USERNAME=Laptop
OS=Windows_NT
PROCESSOR_IDENTIFIER=Intel64 Family 6 Model 78 Stepping 3, GenuineIntel



---------------  S Y S T E M  ---------------

OS:
 Windows 10 , 64 bit Build 19041 (10.0.19041.1466)
OS uptime: 0 days 7:20 hours

CPU: total 4 (initial active 4) (2 cores per cpu, 2 threads per core) family 6 model 78 stepping 3 microcode 0xcc, cx8, cmov, fxsr, ht, mmx, 3dnowpref, sse, sse2, sse3, ssse3, sse4.1, sse4.2, popcnt, lzcnt, tsc, tscinvbit, avx, avx2, aes, erms, clmul, bmi1, bmi2, rtm, adx, fma, vzeroupper, clflush, clflushopt

Memory: 4k page, system-wide physical 8089M (1644M free)
TotalPageFile size 9992M (AvailPageFile size 5M)
current process WorkingSet (physical memory assigned to process): 112M, peak: 112M
current process commit charge ("private bytes"): 243M, peak: 243M

vm_info: OpenJDK 64-Bit Server VM (17.0.2+8-LTS) for windows-amd64 JRE (17.0.2+8-LTS) (Zulu17.32+13-CA), built on Jan  8 2022 13:06:16 by "zulu_re" with MS VC++ 16.10 / 16.11 (VS2019)

END.
